<?xml version="1.0" encoding="utf-8"?><testsuites name="pytest tests"><testsuite name="pytest" errors="0" failures="0" skipped="0" tests="13" time="7.183" timestamp="2026-09-12T13:13:26.924408+08:00" hostname="BelongtoTXF"><testcase classname="tests.test_planar_support_motion" name="test_complete_segment_detects_thin_obstacle_between_coarse_samples[travel]" time="0.008" /><testcase classname="tests.test_planar_support_motion" name="test_complete_segment_detects_thin_obstacle_between_coarse_samples[deposition]" time="0.004" /><testcase classname="tests.test_planar_support_motion" name="test_cross_layer_diagonal_travel_is_checked_between_its_endpoint_planes" time="0.005" /><testcase classname="tests.test_planar_support_motion" name="test_isolated_boundary_tangency_is_conservatively_rejected" time="0.003" /><testcase classname="tests.test_planar_support_motion" name="test_initial_point_inside_target_is_checked_without_an_incoming_segment" time="0.003" /><testcase classname="tests.test_planar_support_motion" name="test_target_check_uses_build_to_model_rotation_and_translation" time="0.005" /><testcase classname="tests.test_planar_support_motion" name="test_clear_path_still_reports_independent_operation_and_schedule_boundary" time="0.003" /><testcase classname="tests.test_planar_support_motion" name="test_kernel_failure_does_not_become_a_clear_path" time="0.003" /><testcase classname="tests.test_planar_support_motion" name="test_cancellation_during_target_check_is_not_converted_to_kernel_failure" time="0.003" /><testcase classname="tests.test_planar_support_motion" name="test_missing_cad_or_unknown_path_frame_blocks_qualification" time="0.002" /><testcase classname="tests.test_planar_support_motion" name="test_real_pillar_roof_support_has_rejected_travel_but_valid_deposition_centreline" time="2.106" /><testcase classname="tests.test_planar_support_motion" name="test_floating_roof_support_keeps_half_bead_inside_its_analytic_projection" time="0.111" /><testcase classname="tests.test_planar_support_motion" name="test_pillar_roof_product_blocks_gcode_and_export_after_target_cad_check" time="2.491" /></testsuite></testsuites>