<?xml version="1.0" encoding="utf-8"?><testsuites name="pytest tests"><testsuite name="pytest" errors="0" failures="1" skipped="1" tests="101" time="88.824" timestamp="2026-09-11T22:23:33.602022+08:00" hostname="BelongtoTXF"><testcase classname="tests.test_tube_indexed_pipeline.TubeInputAndGeometryTests" name="test_independently_generated_straight_and_arc_steps_match_truth" time="0.078" /><testcase classname="tests.test_tube_indexed_pipeline.TubeInputAndGeometryTests" name="test_non_circular_port_is_localised" time="0.001" /><testcase classname="tests.test_tube_indexed_pipeline.TubeInputAndGeometryTests" name="test_operation_rejects_role_aliasing_and_invalid_parameter_ranges" time="0.001" /><testcase classname="tests.test_tube_indexed_pipeline.TubeInputAndGeometryTests" name="test_operation_roles_parameters_dirty_and_round_trip" time="0.002" /><testcase classname="tests.test_tube_indexed_pipeline.TubeInputAndGeometryTests" name="test_pipe2_recognition_uses_current_step_topology" time="0.001" /><testcase classname="tests.test_tube_indexed_pipeline.TubeInputAndGeometryTests" name="test_selected_manual_centerline_edges_override_surface_chain" time="0.001" /><testcase classname="tests.test_tube_indexed_pipeline.IndexedPlanningTests" name="test_clearance_failure_is_localised" time="0.001" /><testcase classname="tests.test_tube_indexed_pipeline.IndexedPlanningTests" name="test_exact_occt_section_recovers_outer_inner_and_midwall" time="0.004" /><testcase classname="tests.test_tube_indexed_pipeline.IndexedPlanningTests" name="test_partial_tail_gets_a_centered_owned_layer" time="0.001" /><testcase classname="tests.test_tube_indexed_pipeline.IndexedPlanningTests" name="test_pipe2_toolpath_uses_exact_occt_sections" time="0.171" /><testcase classname="tests.test_tube_indexed_pipeline.IndexedPlanningTests" name="test_toolpath_has_closed_deposition_loops_and_explicit_safe_index_events" time="0.002" /><testcase classname="tests.test_tube_indexed_pipeline.IndexedPlanningTests" name="test_wedge_coverage_height_error_and_half_layer_locations" time="0.001" /><testcase classname="tests.test_tube_indexed_pipeline.XYZACKinematicsTests" name="test_build_transform_and_nonzero_rotary_centres_close_through_fk" time="0.003" /><testcase classname="tests.test_tube_indexed_pipeline.XYZACKinematicsTests" name="test_fk_round_trip_branch_unwrap_and_tool_length" time="0.007" /><testcase classname="tests.test_tube_indexed_pipeline.XYZACKinematicsTests" name="test_rotary_velocity_and_acceleration_limits_are_reported" time="0.006" /><testcase classname="tests.test_tube_indexed_pipeline.XYZACKinematicsTests" name="test_singularity_is_reported_and_unreachable_orientation_rejected" time="0.004" /><testcase classname="tests.test_tube_indexed_pipeline.IndexedValidationTests" name="test_clear_case_and_intermediate_swept_fixture_collision" time="0.088" /><testcase classname="tests.test_tube_indexed_pipeline.IndexedValidationTests" name="test_printed_ipw_collision_blocks_export" time="0.081" /><testcase classname="tests.test_tube_indexed_pipeline.IndexedValidationTests" name="test_substrate_tip_contact_is_allowed_but_fixture_contact_is_not" time="0.020" /><testcase classname="tests.test_tube_indexed_product_flow.TubeIndexedProductFlowTests" name="test_cancelled_export_leaves_last_complete_result_in_place" time="2.168" /><testcase classname="tests.test_tube_indexed_product_flow.TubeIndexedProductFlowTests" name="test_changed_parameters_become_stale_and_state_reopens" time="1.931" /><testcase classname="tests.test_tube_indexed_product_flow.TubeIndexedProductFlowTests" name="test_pipe2_generates_exports_and_reads_back" time="2.106" /><testcase classname="tests.test_tube_indexed_product_flow.TubeIndexedProductFlowTests" name="test_validation_error_cannot_be_exported" time="14.901" /><testcase classname="tests.test_tube_buildup.TubeBuildupPlanningTests" name="test_invalid_parameters_thin_wall_and_clearance_are_localised" time="0.001" /><testcase classname="tests.test_tube_buildup.TubeBuildupPlanningTests" name="test_multi_pass_offsets_fill_wall_and_volume_is_physical" time="0.005" /><testcase classname="tests.test_tube_buildup.TubeBuildupPlanningTests" name="test_partial_axial_layer_uses_actual_deposited_height" time="0.008" /><testcase classname="tests.test_tube_buildup.TubeBuildupStepParsingTests" name="test_straight_and_bent_step_tubes_generate_multi_pass_paths" time="0.496" /><testcase classname="tests.test_tube_buildup.BaseAndOperationSequencingTests" name="test_base_before_and_after_orders_are_deterministic_and_safe" time="0.004" /><testcase classname="tests.test_tube_buildup.BaseAndOperationSequencingTests" name="test_base_is_an_independent_nonempty_operation" time="0.004" /><testcase classname="tests.test_tube_buildup.BaseAndOperationSequencingTests" name="test_sequence_rejects_invalid_order_duplicate_ids_and_low_clearance" time="0.004" /><testcase classname="tests.test_tube_continuous" name="test_straight_rmf_preserves_frame_and_right_handed_basis" time="0.001" /><testcase classname="tests.test_tube_continuous" name="test_planar_arc_has_exact_transport_and_space_inflection_does_not_flip" time="0.004" /><testcase classname="tests.test_tube_continuous" name="test_rmf_rejects_ambiguous_samples[points0-tangents0-duplicate_point]" time="0.001" /><testcase classname="tests.test_tube_continuous" name="test_rmf_rejects_ambiguous_samples[points1-tangents1-tangent_reversal]" time="0.001" /><testcase classname="tests.test_tube_continuous" name="test_rmf_rejects_ambiguous_samples[points2-tangents2-zero_direction]" time="0.001" /><testcase classname="tests.test_tube_continuous" name="test_helix_pitch_seam_volume_and_partial_final_layer" time="0.005" /><testcase classname="tests.test_tube_continuous" name="test_g1_spatial_arc_chain_and_nonsmooth_failure" time="0.093" /><testcase classname="tests.test_tube_continuous" name="test_continuous_fk_c_unwrap_and_full_motion_collision" time="0.042" /><testcase classname="tests.test_tube_continuous" name="test_continuous_rotary_exhaustion_and_motion_limits_block_export" time="0.123" /><testcase classname="tests.test_tube_continuous" name="test_radial_corruption_and_wrong_trajectory_are_rejected" time="0.020" /><testcase classname="tests.test_tube_multi_product_flow" name="test_indexed_dispatch_reuses_t08_product" time="0.005" /><testcase classname="tests.test_tube_multi_product_flow" name="test_buildup_keeps_base_independent_and_orders_safe_transition[before_tube-expected0]" time="0.052" /><testcase classname="tests.test_tube_multi_product_flow" name="test_buildup_keeps_base_independent_and_orders_safe_transition[after_tube-expected1]" time="0.053" /><testcase classname="tests.test_tube_multi_product_flow" name="test_continuous_reads_back_exports_six_artifacts_and_reopens_state" time="0.069" /><testcase classname="tests.test_tube_multi_product_flow" name="test_continuous_collision_error_blocks_nc_and_export" time="0.054" /><testcase classname="tests.test_tube_t12_integration" name="test_fork_shares_cancel_event_but_keeps_product_state_and_result_isolated" time="0.001" /><testcase classname="tests.test_tube_t12_integration" name="test_stale_or_error_product_cannot_export[stale]" time="0.001" /><testcase classname="tests.test_tube_t12_integration" name="test_stale_or_error_product_cannot_export[error]" time="0.001" /><testcase classname="tests.test_tube_t12_integration" name="test_command_provider_generation_failure_is_error_payload_and_project_only" time="0.001" /><testcase classname="tests.test_tube_t12_integration" name="test_automation_tube_routes_forward_minimal_payloads" time="0.001" /><testcase classname="tests.test_tube_three_operations" name="test_three_types_round_trip_and_legacy_defaults_to_indexed" time="0.001" /><testcase classname="tests.test_tube_three_operations" name="test_command_targets_operation_id_and_persists_special_fields" time="0.001" /><testcase classname="tests.test_tube_three_operations" name="test_controller_product_state_becomes_stale_and_reopens" time="1.939" /><testcase classname="tests.test_tube_ui.TubeUiTests" name="test_build_numeric_editor_round_trips_through_model_coordinates" time="0.796" /><testcase classname="tests.test_tube_ui.TubeUiTests" name="test_cancelling_unknown_unit_choice_keeps_current_model_unchanged" time="0.919" /><testcase classname="tests.test_tube_ui.TubeUiTests" name="test_combined_model_and_gcode_failure_rolls_back_both_stages" time="1.185" /><testcase classname="tests.test_tube_ui.TubeUiTests" name="test_command_adapters_publish_one_full_refresh" time="0.906" /><testcase classname="tests.test_tube_ui.TubeUiTests" name="test_coordinate_geometry_picks_two_points_flip_apply_and_cancel" time="0.969" /><testcase classname="tests.test_tube_ui.TubeUiTests" name="test_dialog_background_load_prompts_on_unknown_unit_and_retries" time="1.494" /><testcase classname="tests.test_tube_ui.TubeUiTests" name="test_dirty_placement_is_not_rendered_in_machine_view" time="1.662" /><testcase classname="tests.test_tube_ui.TubeUiTests" name="test_face_and_vertex_selection_endpoints_remain_compatible" time="1.462" /><testcase classname="tests.test_tube_ui.TubeUiTests" name="test_failed_project_publication_restores_committed_session" time="1.876" /><testcase classname="tests.test_tube_ui.TubeUiTests" name="test_failed_save_restores_applied_and_discarded_drafts" time="1.509" /><testcase classname="tests.test_tube_ui.TubeUiTests" name="test_http_operation_set_uses_shared_revision_and_round_trips" time="1.913" /><testcase classname="tests.test_tube_ui.TubeUiTests" name="test_http_tube_mutation_reports_shared_revision_conflicts" time="2.229" /><testcase classname="tests.test_tube_ui.TubeUiTests" name="test_loaded_step_offers_coordinate_entry_without_reimport" time="2.465" /><testcase classname="tests.test_tube_ui.TubeUiTests" name="test_model_open_apis_forward_explicit_length_unit_override" time="1.796" /><testcase classname="tests.test_tube_ui.TubeUiTests" name="test_operation_editor_applies_roles_parameters_and_highlights_geometry" time="0.863" /><testcase classname="tests.test_tube_ui.TubeUiTests" name="test_operation_editor_keeps_apply_visible_at_laptop_size" time="1.185"><failure message="AssertionError: 203 not less than or equal to 200">self = &lt;test_tube_ui.TubeUiTests testMethod=test_operation_editor_keeps_apply_visible_at_laptop_size&gt;

    def test_operation_editor_keeps_apply_visible_at_laptop_size(self) -&gt; None:
        window = self._loaded_tube_window()
        page = window.tube_page
        page._create_operation()
        operation_item = page.tree.topLevelItem(0).child(2).child(0)
        page.tree.setCurrentItem(operation_item)
        window.resize(1366, 768)
        self.app.processEvents()

        self.assertEqual((window.width(), window.height()), (1366, 768))
        self.assertTrue(window.script_console_manager.dock.compact)
        self.assertGreaterEqual(window.script_console_manager.dock.width(), window.minimumWidth())
        self.assertTrue(page.operation_apply_button.isVisibleTo(window))
        self.assertTrue(page.operation_apply_button.isEnabled())
        self.assertGreater(page.editor_scroll.verticalScrollBar().maximum(), 0)
        self.assertEqual(
            page.tree.topLevelItem(0).child(2).text(0),
            "操作  [待更新]",
        )

        button_top_left = page.operation_apply_button.mapTo(
            window, page.operation_apply_button.rect().topLeft()
        )
        issue_top_left = page.issue_list.mapTo(window, page.issue_list.rect().topLeft())
        self.assertLess(
            button_top_left.y() + page.operation_apply_button.height(),
            issue_top_left.y(),
        )
        action_rows = (
            page.back_button,
            page.update_source_button,
            page.save_button,
            page.create_operation_button,
        )
        for upper, lower in zip(action_rows, action_rows[1:], strict=False):
            upper_top = upper.mapTo(window, upper.rect().topLeft()).y()
            lower_top = lower.mapTo(window, lower.rect().topLeft()).y()
&gt;           self.assertLessEqual(upper_top + upper.height(), lower_top)
E           AssertionError: 203 not less than or equal to 200

tests\test_tube_ui.py:338: AssertionError</failure></testcase><testcase classname="tests.test_tube_ui.TubeUiTests" name="test_pipe2_script_transaction_reaches_ready_and_reopens_with_yaml" time="1.510" /><testcase classname="tests.test_tube_ui.TubeUiTests" name="test_pipe2_setup_reaches_ready_with_warning_and_round_trips" time="1.725" /><testcase classname="tests.test_tube_ui.TubeUiTests" name="test_placement_controls_preview_draft_and_apply_or_cancel_atomically" time="1.978" /><testcase classname="tests.test_tube_ui.TubeUiTests" name="test_project_open_endpoint_replaces_or_clears_gcode_state" time="1.843" /><testcase classname="tests.test_tube_ui.TubeUiTests" name="test_repeated_sync_open_reclaims_wait_loops_and_worker_threads" time="2.222" /><testcase classname="tests.test_tube_ui.TubeUiTests" name="test_replacing_controller_without_model_clears_viewer_state" time="2.193" /><testcase classname="tests.test_tube_ui.TubeUiTests" name="test_script_console_default_height_keeps_viewer_usable" time="2.543" /><testcase classname="tests.test_tube_ui.TubeUiTests" name="test_step_file_dialog_enables_unknown_unit_prompting" time="2.160" /><testcase classname="tests.test_tube_ui.TubeUiTests" name="test_sync_model_open_failure_keeps_committed_state_without_dialog" time="2.426" /><testcase classname="tests.test_tube_ui.TubeUiTests" name="test_tube_page_has_dedicated_tree_and_bilingual_1600_layout" time="2.852" /><testcase classname="tests.test_tube_ui.TubeUiTests" name="test_ui_propagates_coordinate_dirty_state_and_issue_navigation" time="3.783" /><testcase classname="tests.test_tube_ui.TubeUiTests" name="test_ui_rejects_multiple_setups_before_committing_project" time="2.437" /><testcase classname="tests.test_tube_ui.TubeUiTests" name="test_ui_rejects_untyped_setup_before_mutating_committed_state" time="3.305" /><testcase classname="tests.test_tube_ui.TubeUiTests" name="test_workbench_cards_and_part_roles_follow_language" time="3.607" /><testcase classname="tests.test_setup_config.SetupConfigRoundTripTests" name="test_comments_quotes_and_canonical_field_order_survive_update" time="0.128" /><testcase classname="tests.test_setup_config.SetupConfigRoundTripTests" name="test_export_is_portable_and_apply_preserves_project_identities" time="0.086" /><testcase classname="tests.test_setup_config.SetupConfigRoundTripTests" name="test_external_semantic_edit_is_reported_as_metadata_divergence" time="0.090" /><testcase classname="tests.test_setup_config.SetupConfigRoundTripTests" name="test_new_operation_requires_provider_owned_id" time="0.006" /><testcase classname="tests.test_setup_config.SetupConfigRoundTripTests" name="test_semantic_hash_excludes_metadata_and_comments" time="0.149" /><testcase classname="tests.test_setup_config.SetupConfigRoundTripTests" name="test_three_operation_types_round_trip_and_receive_stable_ids" time="0.084" /><testcase classname="tests.test_setup_config.SetupConfigSecurityTests" name="test_enforces_size_depth_node_and_operation_limits" time="1.602" /><testcase classname="tests.test_setup_config.SetupConfigSecurityTests" name="test_public_schema_uses_json_schema_2020_12" time="0.004" /><testcase classname="tests.test_setup_config.SetupConfigSecurityTests" name="test_rejects_duplicate_keys_tags_anchors_aliases_and_merge_keys" time="0.020" /><testcase classname="tests.test_setup_config.SetupConfigSecurityTests" name="test_rejects_nonfinite_values_unknown_fields_and_newer_versions" time="0.019" /><testcase classname="tests.test_setup_config.SetupConfigSecurityTests" name="test_rejects_resource_payload_unknown_fields_even_with_valid_snapshot_hash" time="0.020" /><testcase classname="tests.test_setup_config.SetupConfigStorageTests" name="test_atomic_write_normalises_lf_and_honours_expected_fingerprint" time="0.086" /><testcase classname="tests.test_setup_config.SetupConfigStorageTests" name="test_atomic_write_rejects_stale_declared_semantic_hash" time="0.011" /><testcase classname="tests.test_setup_config.SetupConfigStorageTests" name="test_directory_sync_failure_does_not_report_a_replaced_file_as_uncommitted" time="0.029" /><testcase classname="tests.test_setup_config.SetupConfigStorageTests" name="test_expect_missing_detects_a_file_created_during_staging" time="0.019" /><testcase classname="tests.test_setup_config.SetupConfigStorageTests" name="test_file_reader_rejects_symbolic_links" time="0.007"><skipped type="pytest.skip" message="file symlink unavailable: [WinError 1314] 客户端没有所需的特权。: 'C:\\Users\\TANGXU~1\\AppData\\Local\\Temp\\tmptfim1am3\\target.yaml' -&gt; 'C:\\Users\\TANGXU~1\\AppData\\Local\\Temp\\tmptfim1am3\\manufacturing-setup.yaml'">F:\【项目和任务】\5AxisSclicer_V2.0\tests\test_setup_config.py:335: file symlink unavailable: [WinError 1314] 客户端没有所需的特权。: 'C:\\Users\\TANGXU~1\\AppData\\Local\\Temp\\tmptfim1am3\\target.yaml' -&gt; 'C:\\Users\\TANGXU~1\\AppData\\Local\\Temp\\tmptfim1am3\\manufacturing-setup.yaml'</skipped></testcase></testsuite></testsuites>
