<?xml version="1.0" encoding="utf-8"?><testsuites name="pytest tests"><testsuite name="pytest" errors="26" failures="0" skipped="0" tests="248" time="31.636" timestamp="2026-09-20T13:19:10.548691+08:00" hostname="BelongtoTXF"><testcase classname="tests.test_fan_job" name="test_fan_contract_roundtrip_and_machine_gate" time="0.001" /><testcase classname="tests.test_fan_job" name="test_fan_geometry_requires_three_distinct_blades" time="0.000" /><testcase classname="tests.test_fan_job" name="test_job_graph_roundtrip_order_and_stale_propagation" time="0.001" /><testcase classname="tests.test_fan_job" name="test_job_graph_rejects_missing_and_cyclic_dependencies" time="0.001" /><testcase classname="tests.test_fan_job" name="test_cancelled_publication_keeps_previous_result" time="0.000" /><testcase classname="tests.test_freeform_integration" name="test_controller_generate_stale_undo_cancel_and_reopen" time="0.886" /><testcase classname="tests.test_freeform_integration" name="test_project_roundtrip_preserves_freeform_stable_references" time="0.015"><error message="failed on setup with &quot;PermissionError: [WinError 5] 拒绝访问。: 'C:\\Users\\Tang Xufeng\\AppData\\Local\\Temp\\pytest-of-Tang Xufeng'&quot;">cls = &lt;class '_pytest.runner.CallInfo'&gt;
func = &lt;function call_and_report.&lt;locals&gt;.&lt;lambda&gt; at 0x0000024B27001440&gt;
when = 'setup'
reraise = (&lt;class '_pytest.outcomes.Exit'&gt;, &lt;class 'KeyboardInterrupt'&gt;)

    @classmethod
    def from_call(
        cls,
        func: Callable[[], TResult],
        when: Literal["collect", "setup", "call", "teardown"],
        reraise: type[BaseException] | tuple[type[BaseException], ...] | None = None,
    ) -&gt; CallInfo[TResult]:
        """Call func, wrapping the result in a CallInfo.
    
        :param func:
            The function to call. Called without arguments.
        :type func: Callable[[], _pytest.runner.TResult]
        :param when:
            The phase in which the function is called.
        :param reraise:
            Exception or exceptions that shall propagate if raised by the
            function, instead of being wrapped in the CallInfo.
        """
        excinfo = None
        instant = timing.Instant()
        try:
&gt;           result: TResult | None = func()
                                     ^^^^^^

tmp\pytest9\Lib\site-packages\_pytest\runner.py:361: 
_ _ _ _ _ _ _ _ _ _ _ _ _ _ _ _ _ _ _ _ _ _ _ _ _ _ _ _ _ _ _ _ _ _ _ _ _ _ _ _
tmp\pytest9\Lib\site-packages\_pytest\runner.py:250: in &lt;lambda&gt;
    lambda: runtest_hook(item=item, **kwds),
            ^^^^^^^^^^^^^^^^^^^^^^^^^^^^^^^
tmp\pytest9\Lib\site-packages\pluggy\_hooks.py:512: in __call__
    return self._hookexec(self.name, self._hookimpls.copy(), kwargs, firstresult)
           ^^^^^^^^^^^^^^^^^^^^^^^^^^^^^^^^^^^^^^^^^^^^^^^^^^^^^^^^^^^^^^^^^^^^^^
tmp\pytest9\Lib\site-packages\pluggy\_manager.py:120: in _hookexec
    return self._inner_hookexec(hook_name, methods, kwargs, firstresult)
           ^^^^^^^^^^^^^^^^^^^^^^^^^^^^^^^^^^^^^^^^^^^^^^^^^^^^^^^^^^^^^
tmp\pytest9\Lib\site-packages\_pytest\logging.py:858: in pytest_runtest_setup
    yield
tmp\pytest9\Lib\site-packages\_pytest\capture.py:895: in pytest_runtest_setup
    return (yield)
            ^^^^^
tmp\pytest9\Lib\site-packages\_pytest\runner.py:170: in pytest_runtest_setup
    item.session._setupstate.setup(item)
tmp\pytest9\Lib\site-packages\_pytest\runner.py:536: in setup
    col.setup()
tmp\pytest9\Lib\site-packages\_pytest\python.py:1710: in setup
    self._request._fillfixtures()
tmp\pytest9\Lib\site-packages\_pytest\fixtures.py:806: in _fillfixtures
    item.funcargs[argname] = self.getfixturevalue(argname)
                             ^^^^^^^^^^^^^^^^^^^^^^^^^^^^^
tmp\pytest9\Lib\site-packages\_pytest\fixtures.py:630: in getfixturevalue
    fixturedef = self._get_active_fixturedef(argname)
                 ^^^^^^^^^^^^^^^^^^^^^^^^^^^^^^^^^^^^
tmp\pytest9\Lib\site-packages\_pytest\fixtures.py:726: in _get_active_fixturedef
    fixturedef.execute(request=subrequest)
tmp\pytest9\Lib\site-packages\_pytest\fixtures.py:1232: in execute
    result: FixtureValue = ihook.pytest_fixture_setup(
tmp\pytest9\Lib\site-packages\pluggy\_hooks.py:512: in __call__
    return self._hookexec(self.name, self._hookimpls.copy(), kwargs, firstresult)
           ^^^^^^^^^^^^^^^^^^^^^^^^^^^^^^^^^^^^^^^^^^^^^^^^^^^^^^^^^^^^^^^^^^^^^^
tmp\pytest9\Lib\site-packages\pluggy\_manager.py:120: in _hookexec
    return self._inner_hookexec(hook_name, methods, kwargs, firstresult)
           ^^^^^^^^^^^^^^^^^^^^^^^^^^^^^^^^^^^^^^^^^^^^^^^^^^^^^^^^^^^^^
tmp\pytest9\Lib\site-packages\pluggy\_callers.py:53: in run_old_style_hookwrapper
    return result.get_result()
           ^^^^^^^^^^^^^^^^^^^
tmp\pytest9\Lib\site-packages\pluggy\_callers.py:38: in run_old_style_hookwrapper
    res = yield
          ^^^^^
tmp\pytest9\Lib\site-packages\_pytest\setuponly.py:36: in pytest_fixture_setup
    return (yield)
            ^^^^^
tmp\pytest9\Lib\site-packages\_pytest\fixtures.py:1328: in pytest_fixture_setup
    result = call_fixture_func(fixturefunc, request, kwargs)
             ^^^^^^^^^^^^^^^^^^^^^^^^^^^^^^^^^^^^^^^^^^^^^^^
tmp\pytest9\Lib\site-packages\_pytest\fixtures.py:998: in call_fixture_func
    fixture_result = next(generator)
                     ^^^^^^^^^^^^^^^
tmp\pytest9\Lib\site-packages\_pytest\tmpdir.py:300: in tmp_path
    path = _mk_tmp(request, tmp_path_factory)
           ^^^^^^^^^^^^^^^^^^^^^^^^^^^^^^^^^^
tmp\pytest9\Lib\site-packages\_pytest\tmpdir.py:287: in _mk_tmp
    return factory.mktemp(name, numbered=True)
           ^^^^^^^^^^^^^^^^^^^^^^^^^^^^^^^^^^^
tmp\pytest9\Lib\site-packages\_pytest\tmpdir.py:136: in mktemp
    basename = self._ensure_relative_to_basetemp(basename)
               ^^^^^^^^^^^^^^^^^^^^^^^^^^^^^^^^^^^^^^^^^^^
tmp\pytest9\Lib\site-packages\_pytest\tmpdir.py:117: in _ensure_relative_to_basetemp
    if (self.getbasetemp() / basename).resolve().parent != self.getbasetemp():
        ^^^^^^^^^^^^^^^^^^
tmp\pytest9\Lib\site-packages\_pytest\tmpdir.py:213: in getbasetemp
    basetemp = make_numbered_dir_with_cleanup(
tmp\pytest9\Lib\site-packages\_pytest\pathlib.py:420: in make_numbered_dir_with_cleanup
    raise e
tmp\pytest9\Lib\site-packages\_pytest\pathlib.py:401: in make_numbered_dir_with_cleanup
    p = make_numbered_dir(root, prefix, mode)
        ^^^^^^^^^^^^^^^^^^^^^^^^^^^^^^^^^^^^^
tmp\pytest9\Lib\site-packages\_pytest\pathlib.py:228: in make_numbered_dir
    max_existing = max(map(parse_num, find_suffixes(root, prefix)), default=-1)
                   ^^^^^^^^^^^^^^^^^^^^^^^^^^^^^^^^^^^^^^^^^^^^^^^^^^^^^^^^^^^^
tmp\pytest9\Lib\site-packages\_pytest\pathlib.py:187: in extract_suffixes
    for entry in iter:
                 ^^^^
_ _ _ _ _ _ _ _ _ _ _ _ _ _ _ _ _ _ _ _ _ _ _ _ _ _ _ _ _ _ _ _ _ _ _ _ _ _ _ _

root = WindowsPath('C:/Users/Tang Xufeng/AppData/Local/Temp/pytest-of-Tang Xufeng')
prefix = 'pytest-'

    def find_prefixed(root: Path, prefix: str) -&gt; Iterator[os.DirEntry[str]]:
        """Find all elements in root that begin with the prefix, case-insensitive."""
        l_prefix = prefix.lower()
&gt;       for x in os.scandir(root):
                 ^^^^^^^^^^^^^^^^
E       PermissionError: [WinError 5] 拒绝访问。: 'C:\\Users\\Tang Xufeng\\AppData\\Local\\Temp\\pytest-of-Tang Xufeng'

tmp\pytest9\Lib\site-packages\_pytest\pathlib.py:175: PermissionError</error></testcase><testcase classname="tests.test_freeform_integration" name="test_script_and_http_share_freeform_command_kernel" time="0.542" /><testcase classname="tests.test_freeform_integration" name="test_qt_multi_guide_editor_is_bilingual_and_fits[zh-size0]" time="0.071" /><testcase classname="tests.test_freeform_integration" name="test_qt_multi_guide_editor_is_bilingual_and_fits[en-size1]" time="0.013" /><testcase classname="tests.test_freeform_integration" name="test_qt_multi_guide_editor_is_bilingual_and_fits[en-size2]" time="0.016" /><testcase classname="tests.test_freeform_integration" name="test_trim_failure_is_locatable_and_blocks_previous_result" time="3.809" /><testcase classname="tests.test_freeform_integration" name="test_controller_profile_remains_offline_only" time="0.002" /><testcase classname="tests.test_freeform_layer_domain" name="test_fixed_90_degree_domain_integrates_the_complete_solid" time="0.081" /><testcase classname="tests.test_freeform_layer_domain" name="test_fixed_pose_outside_axis_limit_is_not_feasible" time="0.040" /><testcase classname="tests.test_planar_automation" name="test_planar_routes_use_the_shared_command_entrypoint" time="0.008" /><testcase classname="tests.test_planar_automation" name="test_http_cancel_reaches_generation_through_the_shared_command_service" time="0.132" /><testcase classname="tests.test_planar_bead_measurement" name="test_half_bead_inset_has_independent_exact_box_volume" time="0.020" /><testcase classname="tests.test_planar_bead_measurement" name="test_original_boundary_centreline_and_self_consistent_e_do_not_qualify_bead" time="0.006" /><testcase classname="tests.test_planar_bead_measurement" name="test_dense_overlapping_hatches_cannot_exceed_full_solid_volume" time="0.013" /><testcase classname="tests.test_planar_bead_measurement" name="test_invalid_sampling_grid_is_rejected[0]" time="0.005" /><testcase classname="tests.test_planar_bead_measurement" name="test_invalid_sampling_grid_is_rejected[-1]" time="0.004" /><testcase classname="tests.test_planar_bead_measurement" name="test_invalid_sampling_grid_is_rejected[inf]" time="0.004" /><testcase classname="tests.test_planar_bead_measurement" name="test_invalid_sampling_grid_is_rejected[nan]" time="0.004" /><testcase classname="tests.test_planar_bead_measurement" name="test_missing_provenance_cannot_silently_drop_material" time="0.005" /><testcase classname="tests.test_planar_bead_measurement" name="test_underfilled_island_cannot_hide_narrow_region_overfill" time="0.013" /><testcase classname="tests.test_planar_bead_measurement" name="test_opposite_material_errors_cannot_cancel_between_regions" time="0.016" /><testcase classname="tests.test_planar_commands" name="test_planar_commands_publish_and_undo_through_shared_kernel" time="0.001" /><testcase classname="tests.test_planar_commands" name="test_restricted_planar_script_uses_the_same_command_provider" time="0.003" /><testcase classname="tests.test_planar_commands" name="test_undo_restores_the_runtime_result_after_parameter_change" time="0.003"><error message="failed on setup with &quot;PermissionError: [WinError 5] 拒绝访问。: 'C:\\Users\\Tang Xufeng\\AppData\\Local\\Temp\\pytest-of-Tang Xufeng'&quot;">cls = &lt;class '_pytest.runner.CallInfo'&gt;
func = &lt;function call_and_report.&lt;locals&gt;.&lt;lambda&gt; at 0x0000024B285D23E0&gt;
when = 'setup'
reraise = (&lt;class '_pytest.outcomes.Exit'&gt;, &lt;class 'KeyboardInterrupt'&gt;)

    @classmethod
    def from_call(
        cls,
        func: Callable[[], TResult],
        when: Literal["collect", "setup", "call", "teardown"],
        reraise: type[BaseException] | tuple[type[BaseException], ...] | None = None,
    ) -&gt; CallInfo[TResult]:
        """Call func, wrapping the result in a CallInfo.
    
        :param func:
            The function to call. Called without arguments.
        :type func: Callable[[], _pytest.runner.TResult]
        :param when:
            The phase in which the function is called.
        :param reraise:
            Exception or exceptions that shall propagate if raised by the
            function, instead of being wrapped in the CallInfo.
        """
        excinfo = None
        instant = timing.Instant()
        try:
&gt;           result: TResult | None = func()
                                     ^^^^^^

tmp\pytest9\Lib\site-packages\_pytest\runner.py:361: 
_ _ _ _ _ _ _ _ _ _ _ _ _ _ _ _ _ _ _ _ _ _ _ _ _ _ _ _ _ _ _ _ _ _ _ _ _ _ _ _
tmp\pytest9\Lib\site-packages\_pytest\runner.py:250: in &lt;lambda&gt;
    lambda: runtest_hook(item=item, **kwds),
            ^^^^^^^^^^^^^^^^^^^^^^^^^^^^^^^
tmp\pytest9\Lib\site-packages\pluggy\_hooks.py:512: in __call__
    return self._hookexec(self.name, self._hookimpls.copy(), kwargs, firstresult)
           ^^^^^^^^^^^^^^^^^^^^^^^^^^^^^^^^^^^^^^^^^^^^^^^^^^^^^^^^^^^^^^^^^^^^^^
tmp\pytest9\Lib\site-packages\pluggy\_manager.py:120: in _hookexec
    return self._inner_hookexec(hook_name, methods, kwargs, firstresult)
           ^^^^^^^^^^^^^^^^^^^^^^^^^^^^^^^^^^^^^^^^^^^^^^^^^^^^^^^^^^^^^
tmp\pytest9\Lib\site-packages\_pytest\logging.py:858: in pytest_runtest_setup
    yield
tmp\pytest9\Lib\site-packages\_pytest\capture.py:895: in pytest_runtest_setup
    return (yield)
            ^^^^^
tmp\pytest9\Lib\site-packages\_pytest\runner.py:170: in pytest_runtest_setup
    item.session._setupstate.setup(item)
tmp\pytest9\Lib\site-packages\_pytest\runner.py:536: in setup
    col.setup()
tmp\pytest9\Lib\site-packages\_pytest\python.py:1710: in setup
    self._request._fillfixtures()
tmp\pytest9\Lib\site-packages\_pytest\fixtures.py:806: in _fillfixtures
    item.funcargs[argname] = self.getfixturevalue(argname)
                             ^^^^^^^^^^^^^^^^^^^^^^^^^^^^^
tmp\pytest9\Lib\site-packages\_pytest\fixtures.py:630: in getfixturevalue
    fixturedef = self._get_active_fixturedef(argname)
                 ^^^^^^^^^^^^^^^^^^^^^^^^^^^^^^^^^^^^
tmp\pytest9\Lib\site-packages\_pytest\fixtures.py:726: in _get_active_fixturedef
    fixturedef.execute(request=subrequest)
tmp\pytest9\Lib\site-packages\_pytest\fixtures.py:1232: in execute
    result: FixtureValue = ihook.pytest_fixture_setup(
tmp\pytest9\Lib\site-packages\pluggy\_hooks.py:512: in __call__
    return self._hookexec(self.name, self._hookimpls.copy(), kwargs, firstresult)
           ^^^^^^^^^^^^^^^^^^^^^^^^^^^^^^^^^^^^^^^^^^^^^^^^^^^^^^^^^^^^^^^^^^^^^^
tmp\pytest9\Lib\site-packages\pluggy\_manager.py:120: in _hookexec
    return self._inner_hookexec(hook_name, methods, kwargs, firstresult)
           ^^^^^^^^^^^^^^^^^^^^^^^^^^^^^^^^^^^^^^^^^^^^^^^^^^^^^^^^^^^^^
tmp\pytest9\Lib\site-packages\pluggy\_callers.py:53: in run_old_style_hookwrapper
    return result.get_result()
           ^^^^^^^^^^^^^^^^^^^
tmp\pytest9\Lib\site-packages\pluggy\_callers.py:38: in run_old_style_hookwrapper
    res = yield
          ^^^^^
tmp\pytest9\Lib\site-packages\_pytest\setuponly.py:36: in pytest_fixture_setup
    return (yield)
            ^^^^^
tmp\pytest9\Lib\site-packages\_pytest\fixtures.py:1328: in pytest_fixture_setup
    result = call_fixture_func(fixturefunc, request, kwargs)
             ^^^^^^^^^^^^^^^^^^^^^^^^^^^^^^^^^^^^^^^^^^^^^^^
tmp\pytest9\Lib\site-packages\_pytest\fixtures.py:998: in call_fixture_func
    fixture_result = next(generator)
                     ^^^^^^^^^^^^^^^
tmp\pytest9\Lib\site-packages\_pytest\tmpdir.py:300: in tmp_path
    path = _mk_tmp(request, tmp_path_factory)
           ^^^^^^^^^^^^^^^^^^^^^^^^^^^^^^^^^^
tmp\pytest9\Lib\site-packages\_pytest\tmpdir.py:287: in _mk_tmp
    return factory.mktemp(name, numbered=True)
           ^^^^^^^^^^^^^^^^^^^^^^^^^^^^^^^^^^^
tmp\pytest9\Lib\site-packages\_pytest\tmpdir.py:136: in mktemp
    basename = self._ensure_relative_to_basetemp(basename)
               ^^^^^^^^^^^^^^^^^^^^^^^^^^^^^^^^^^^^^^^^^^^
tmp\pytest9\Lib\site-packages\_pytest\tmpdir.py:117: in _ensure_relative_to_basetemp
    if (self.getbasetemp() / basename).resolve().parent != self.getbasetemp():
        ^^^^^^^^^^^^^^^^^^
tmp\pytest9\Lib\site-packages\_pytest\tmpdir.py:213: in getbasetemp
    basetemp = make_numbered_dir_with_cleanup(
tmp\pytest9\Lib\site-packages\_pytest\pathlib.py:420: in make_numbered_dir_with_cleanup
    raise e
tmp\pytest9\Lib\site-packages\_pytest\pathlib.py:401: in make_numbered_dir_with_cleanup
    p = make_numbered_dir(root, prefix, mode)
        ^^^^^^^^^^^^^^^^^^^^^^^^^^^^^^^^^^^^^
tmp\pytest9\Lib\site-packages\_pytest\pathlib.py:228: in make_numbered_dir
    max_existing = max(map(parse_num, find_suffixes(root, prefix)), default=-1)
                   ^^^^^^^^^^^^^^^^^^^^^^^^^^^^^^^^^^^^^^^^^^^^^^^^^^^^^^^^^^^^
tmp\pytest9\Lib\site-packages\_pytest\pathlib.py:187: in extract_suffixes
    for entry in iter:
                 ^^^^
_ _ _ _ _ _ _ _ _ _ _ _ _ _ _ _ _ _ _ _ _ _ _ _ _ _ _ _ _ _ _ _ _ _ _ _ _ _ _ _

root = WindowsPath('C:/Users/Tang Xufeng/AppData/Local/Temp/pytest-of-Tang Xufeng')
prefix = 'pytest-'

    def find_prefixed(root: Path, prefix: str) -&gt; Iterator[os.DirEntry[str]]:
        """Find all elements in root that begin with the prefix, case-insensitive."""
        l_prefix = prefix.lower()
&gt;       for x in os.scandir(root):
                 ^^^^^^^^^^^^^^^^
E       PermissionError: [WinError 5] 拒绝访问。: 'C:\\Users\\Tang Xufeng\\AppData\\Local\\Temp\\pytest-of-Tang Xufeng'

tmp\pytest9\Lib\site-packages\_pytest\pathlib.py:175: PermissionError</error></testcase><testcase classname="tests.test_planar_commands" name="test_cancel_command_reaches_the_active_generation_candidate" time="0.122" /><testcase classname="tests.test_planar_controller" name="test_controller_persists_operations_and_stable_body_reference" time="0.001" /><testcase classname="tests.test_planar_controller" name="test_model_from_build_uses_confirmed_setup_coordinate_definitions" time="0.001" /><testcase classname="tests.test_planar_controller" name="test_source_update_rebind_failure_keeps_reference_and_marks_invalid" time="0.001" /><testcase classname="tests.test_planar_controller" name="test_setup_change_marks_every_operation_dirty" time="0.000" /><testcase classname="tests.test_planar_feature_fill" name="test_hole_and_multiple_islands_remain_separate" time="0.022" /><testcase classname="tests.test_planar_feature_fill" name="test_zero_sparse_and_solid_infill_have_increasing_segment_counts" time="0.015" /><testcase classname="tests.test_planar_feature_fill" name="test_top_and_bottom_layers_override_sparse_infill" time="0.029" /><testcase classname="tests.test_planar_feature_fill" name="test_narrow_region_is_reported_as_thin_wall_without_infill" time="0.005" /><testcase classname="tests.test_planar_generation_qualification" name="test_legacy_v1_state_keeps_preview_payload_but_requires_regeneration[ready]" time="0.126" /><testcase classname="tests.test_planar_generation_qualification" name="test_legacy_v1_state_keeps_preview_payload_but_requires_regeneration[warning]" time="0.123" /><testcase classname="tests.test_planar_generation_qualification" name="test_current_v2_state_reopens_stale_without_runtime_product" time="0.125" /><testcase classname="tests.test_planar_generation_qualification" name="test_restored_state_cannot_reuse_qualification_for_changed_inputs[placement]" time="0.121" /><testcase classname="tests.test_planar_generation_qualification" name="test_restored_state_cannot_reuse_qualification_for_changed_inputs[nozzle]" time="0.123" /><testcase classname="tests.test_planar_generation_qualification" name="test_restored_state_cannot_reuse_qualification_for_changed_inputs[material]" time="0.123" /><testcase classname="tests.test_planar_generation_qualification" name="test_restored_state_cannot_reuse_qualification_for_changed_inputs[build]" time="0.125" /><testcase classname="tests.test_planar_generation_qualification" name="test_restored_state_cannot_reuse_qualification_for_changed_inputs[parameters]" time="0.124" /><testcase classname="tests.test_planar_generation_qualification" name="test_incomplete_setup_is_rejected_before_path_generation[material]" time="0.007" /><testcase classname="tests.test_planar_generation_qualification" name="test_incomplete_setup_is_rejected_before_path_generation[nozzle]" time="0.007" /><testcase classname="tests.test_planar_generation_qualification" name="test_incomplete_setup_is_rejected_before_path_generation[machine]" time="0.007" /><testcase classname="tests.test_planar_generation_qualification" name="test_unreviewed_material_cannot_generate_path" time="0.007" /><testcase classname="tests.test_planar_generation_qualification" name="test_setup_change_keeps_previous_result_but_blocks_export" time="0.122"><error message="failed on setup with &quot;PermissionError: [WinError 5] 拒绝访问。: 'C:\\Users\\Tang Xufeng\\AppData\\Local\\Temp\\pytest-of-Tang Xufeng'&quot;">cls = &lt;class '_pytest.runner.CallInfo'&gt;
func = &lt;function call_and_report.&lt;locals&gt;.&lt;lambda&gt; at 0x0000024B285C6980&gt;
when = 'setup'
reraise = (&lt;class '_pytest.outcomes.Exit'&gt;, &lt;class 'KeyboardInterrupt'&gt;)

    @classmethod
    def from_call(
        cls,
        func: Callable[[], TResult],
        when: Literal["collect", "setup", "call", "teardown"],
        reraise: type[BaseException] | tuple[type[BaseException], ...] | None = None,
    ) -&gt; CallInfo[TResult]:
        """Call func, wrapping the result in a CallInfo.
    
        :param func:
            The function to call. Called without arguments.
        :type func: Callable[[], _pytest.runner.TResult]
        :param when:
            The phase in which the function is called.
        :param reraise:
            Exception or exceptions that shall propagate if raised by the
            function, instead of being wrapped in the CallInfo.
        """
        excinfo = None
        instant = timing.Instant()
        try:
&gt;           result: TResult | None = func()
                                     ^^^^^^

tmp\pytest9\Lib\site-packages\_pytest\runner.py:361: 
_ _ _ _ _ _ _ _ _ _ _ _ _ _ _ _ _ _ _ _ _ _ _ _ _ _ _ _ _ _ _ _ _ _ _ _ _ _ _ _
tmp\pytest9\Lib\site-packages\_pytest\runner.py:250: in &lt;lambda&gt;
    lambda: runtest_hook(item=item, **kwds),
            ^^^^^^^^^^^^^^^^^^^^^^^^^^^^^^^
tmp\pytest9\Lib\site-packages\pluggy\_hooks.py:512: in __call__
    return self._hookexec(self.name, self._hookimpls.copy(), kwargs, firstresult)
           ^^^^^^^^^^^^^^^^^^^^^^^^^^^^^^^^^^^^^^^^^^^^^^^^^^^^^^^^^^^^^^^^^^^^^^
tmp\pytest9\Lib\site-packages\pluggy\_manager.py:120: in _hookexec
    return self._inner_hookexec(hook_name, methods, kwargs, firstresult)
           ^^^^^^^^^^^^^^^^^^^^^^^^^^^^^^^^^^^^^^^^^^^^^^^^^^^^^^^^^^^^^
tmp\pytest9\Lib\site-packages\_pytest\logging.py:858: in pytest_runtest_setup
    yield
tmp\pytest9\Lib\site-packages\_pytest\capture.py:895: in pytest_runtest_setup
    return (yield)
            ^^^^^
tmp\pytest9\Lib\site-packages\_pytest\runner.py:170: in pytest_runtest_setup
    item.session._setupstate.setup(item)
tmp\pytest9\Lib\site-packages\_pytest\runner.py:536: in setup
    col.setup()
tmp\pytest9\Lib\site-packages\_pytest\python.py:1710: in setup
    self._request._fillfixtures()
tmp\pytest9\Lib\site-packages\_pytest\fixtures.py:806: in _fillfixtures
    item.funcargs[argname] = self.getfixturevalue(argname)
                             ^^^^^^^^^^^^^^^^^^^^^^^^^^^^^
tmp\pytest9\Lib\site-packages\_pytest\fixtures.py:630: in getfixturevalue
    fixturedef = self._get_active_fixturedef(argname)
                 ^^^^^^^^^^^^^^^^^^^^^^^^^^^^^^^^^^^^
tmp\pytest9\Lib\site-packages\_pytest\fixtures.py:726: in _get_active_fixturedef
    fixturedef.execute(request=subrequest)
tmp\pytest9\Lib\site-packages\_pytest\fixtures.py:1232: in execute
    result: FixtureValue = ihook.pytest_fixture_setup(
tmp\pytest9\Lib\site-packages\pluggy\_hooks.py:512: in __call__
    return self._hookexec(self.name, self._hookimpls.copy(), kwargs, firstresult)
           ^^^^^^^^^^^^^^^^^^^^^^^^^^^^^^^^^^^^^^^^^^^^^^^^^^^^^^^^^^^^^^^^^^^^^^
tmp\pytest9\Lib\site-packages\pluggy\_manager.py:120: in _hookexec
    return self._inner_hookexec(hook_name, methods, kwargs, firstresult)
           ^^^^^^^^^^^^^^^^^^^^^^^^^^^^^^^^^^^^^^^^^^^^^^^^^^^^^^^^^^^^^
tmp\pytest9\Lib\site-packages\pluggy\_callers.py:53: in run_old_style_hookwrapper
    return result.get_result()
           ^^^^^^^^^^^^^^^^^^^
tmp\pytest9\Lib\site-packages\pluggy\_callers.py:38: in run_old_style_hookwrapper
    res = yield
          ^^^^^
tmp\pytest9\Lib\site-packages\_pytest\setuponly.py:36: in pytest_fixture_setup
    return (yield)
            ^^^^^
tmp\pytest9\Lib\site-packages\_pytest\fixtures.py:1328: in pytest_fixture_setup
    result = call_fixture_func(fixturefunc, request, kwargs)
             ^^^^^^^^^^^^^^^^^^^^^^^^^^^^^^^^^^^^^^^^^^^^^^^
tmp\pytest9\Lib\site-packages\_pytest\fixtures.py:998: in call_fixture_func
    fixture_result = next(generator)
                     ^^^^^^^^^^^^^^^
tmp\pytest9\Lib\site-packages\_pytest\tmpdir.py:300: in tmp_path
    path = _mk_tmp(request, tmp_path_factory)
           ^^^^^^^^^^^^^^^^^^^^^^^^^^^^^^^^^^
tmp\pytest9\Lib\site-packages\_pytest\tmpdir.py:287: in _mk_tmp
    return factory.mktemp(name, numbered=True)
           ^^^^^^^^^^^^^^^^^^^^^^^^^^^^^^^^^^^
tmp\pytest9\Lib\site-packages\_pytest\tmpdir.py:136: in mktemp
    basename = self._ensure_relative_to_basetemp(basename)
               ^^^^^^^^^^^^^^^^^^^^^^^^^^^^^^^^^^^^^^^^^^^
tmp\pytest9\Lib\site-packages\_pytest\tmpdir.py:117: in _ensure_relative_to_basetemp
    if (self.getbasetemp() / basename).resolve().parent != self.getbasetemp():
        ^^^^^^^^^^^^^^^^^^
tmp\pytest9\Lib\site-packages\_pytest\tmpdir.py:213: in getbasetemp
    basetemp = make_numbered_dir_with_cleanup(
tmp\pytest9\Lib\site-packages\_pytest\pathlib.py:420: in make_numbered_dir_with_cleanup
    raise e
tmp\pytest9\Lib\site-packages\_pytest\pathlib.py:401: in make_numbered_dir_with_cleanup
    p = make_numbered_dir(root, prefix, mode)
        ^^^^^^^^^^^^^^^^^^^^^^^^^^^^^^^^^^^^^
tmp\pytest9\Lib\site-packages\_pytest\pathlib.py:228: in make_numbered_dir
    max_existing = max(map(parse_num, find_suffixes(root, prefix)), default=-1)
                   ^^^^^^^^^^^^^^^^^^^^^^^^^^^^^^^^^^^^^^^^^^^^^^^^^^^^^^^^^^^^
tmp\pytest9\Lib\site-packages\_pytest\pathlib.py:187: in extract_suffixes
    for entry in iter:
                 ^^^^
_ _ _ _ _ _ _ _ _ _ _ _ _ _ _ _ _ _ _ _ _ _ _ _ _ _ _ _ _ _ _ _ _ _ _ _ _ _ _ _

root = WindowsPath('C:/Users/Tang Xufeng/AppData/Local/Temp/pytest-of-Tang Xufeng')
prefix = 'pytest-'

    def find_prefixed(root: Path, prefix: str) -&gt; Iterator[os.DirEntry[str]]:
        """Find all elements in root that begin with the prefix, case-insensitive."""
        l_prefix = prefix.lower()
&gt;       for x in os.scandir(root):
                 ^^^^^^^^^^^^^^^^
E       PermissionError: [WinError 5] 拒绝访问。: 'C:\\Users\\Tang Xufeng\\AppData\\Local\\Temp\\pytest-of-Tang Xufeng'

tmp\pytest9\Lib\site-packages\_pytest\pathlib.py:175: PermissionError</error></testcase><testcase classname="tests.test_planar_generation_qualification" name="test_parameter_change_during_generation_cannot_publish_obsolete_result" time="0.228" /><testcase classname="tests.test_planar_generation_qualification" name="test_changed_source_bytes_with_live_cad_and_old_result_block_export" time="0.003"><error message="failed on setup with &quot;PermissionError: [WinError 5] 拒绝访问。: 'C:\\Users\\Tang Xufeng\\AppData\\Local\\Temp\\pytest-of-Tang Xufeng'&quot;">cls = &lt;class '_pytest.runner.CallInfo'&gt;
func = &lt;function call_and_report.&lt;locals&gt;.&lt;lambda&gt; at 0x0000024B285C7B00&gt;
when = 'setup'
reraise = (&lt;class '_pytest.outcomes.Exit'&gt;, &lt;class 'KeyboardInterrupt'&gt;)

    @classmethod
    def from_call(
        cls,
        func: Callable[[], TResult],
        when: Literal["collect", "setup", "call", "teardown"],
        reraise: type[BaseException] | tuple[type[BaseException], ...] | None = None,
    ) -&gt; CallInfo[TResult]:
        """Call func, wrapping the result in a CallInfo.
    
        :param func:
            The function to call. Called without arguments.
        :type func: Callable[[], _pytest.runner.TResult]
        :param when:
            The phase in which the function is called.
        :param reraise:
            Exception or exceptions that shall propagate if raised by the
            function, instead of being wrapped in the CallInfo.
        """
        excinfo = None
        instant = timing.Instant()
        try:
&gt;           result: TResult | None = func()
                                     ^^^^^^

tmp\pytest9\Lib\site-packages\_pytest\runner.py:361: 
_ _ _ _ _ _ _ _ _ _ _ _ _ _ _ _ _ _ _ _ _ _ _ _ _ _ _ _ _ _ _ _ _ _ _ _ _ _ _ _
tmp\pytest9\Lib\site-packages\_pytest\runner.py:250: in &lt;lambda&gt;
    lambda: runtest_hook(item=item, **kwds),
            ^^^^^^^^^^^^^^^^^^^^^^^^^^^^^^^
tmp\pytest9\Lib\site-packages\pluggy\_hooks.py:512: in __call__
    return self._hookexec(self.name, self._hookimpls.copy(), kwargs, firstresult)
           ^^^^^^^^^^^^^^^^^^^^^^^^^^^^^^^^^^^^^^^^^^^^^^^^^^^^^^^^^^^^^^^^^^^^^^
tmp\pytest9\Lib\site-packages\pluggy\_manager.py:120: in _hookexec
    return self._inner_hookexec(hook_name, methods, kwargs, firstresult)
           ^^^^^^^^^^^^^^^^^^^^^^^^^^^^^^^^^^^^^^^^^^^^^^^^^^^^^^^^^^^^^
tmp\pytest9\Lib\site-packages\_pytest\logging.py:858: in pytest_runtest_setup
    yield
tmp\pytest9\Lib\site-packages\_pytest\capture.py:895: in pytest_runtest_setup
    return (yield)
            ^^^^^
tmp\pytest9\Lib\site-packages\_pytest\runner.py:170: in pytest_runtest_setup
    item.session._setupstate.setup(item)
tmp\pytest9\Lib\site-packages\_pytest\runner.py:536: in setup
    col.setup()
tmp\pytest9\Lib\site-packages\_pytest\python.py:1710: in setup
    self._request._fillfixtures()
tmp\pytest9\Lib\site-packages\_pytest\fixtures.py:806: in _fillfixtures
    item.funcargs[argname] = self.getfixturevalue(argname)
                             ^^^^^^^^^^^^^^^^^^^^^^^^^^^^^
tmp\pytest9\Lib\site-packages\_pytest\fixtures.py:630: in getfixturevalue
    fixturedef = self._get_active_fixturedef(argname)
                 ^^^^^^^^^^^^^^^^^^^^^^^^^^^^^^^^^^^^
tmp\pytest9\Lib\site-packages\_pytest\fixtures.py:726: in _get_active_fixturedef
    fixturedef.execute(request=subrequest)
tmp\pytest9\Lib\site-packages\_pytest\fixtures.py:1232: in execute
    result: FixtureValue = ihook.pytest_fixture_setup(
tmp\pytest9\Lib\site-packages\pluggy\_hooks.py:512: in __call__
    return self._hookexec(self.name, self._hookimpls.copy(), kwargs, firstresult)
           ^^^^^^^^^^^^^^^^^^^^^^^^^^^^^^^^^^^^^^^^^^^^^^^^^^^^^^^^^^^^^^^^^^^^^^
tmp\pytest9\Lib\site-packages\pluggy\_manager.py:120: in _hookexec
    return self._inner_hookexec(hook_name, methods, kwargs, firstresult)
           ^^^^^^^^^^^^^^^^^^^^^^^^^^^^^^^^^^^^^^^^^^^^^^^^^^^^^^^^^^^^^
tmp\pytest9\Lib\site-packages\pluggy\_callers.py:53: in run_old_style_hookwrapper
    return result.get_result()
           ^^^^^^^^^^^^^^^^^^^
tmp\pytest9\Lib\site-packages\pluggy\_callers.py:38: in run_old_style_hookwrapper
    res = yield
          ^^^^^
tmp\pytest9\Lib\site-packages\_pytest\setuponly.py:36: in pytest_fixture_setup
    return (yield)
            ^^^^^
tmp\pytest9\Lib\site-packages\_pytest\fixtures.py:1328: in pytest_fixture_setup
    result = call_fixture_func(fixturefunc, request, kwargs)
             ^^^^^^^^^^^^^^^^^^^^^^^^^^^^^^^^^^^^^^^^^^^^^^^
tmp\pytest9\Lib\site-packages\_pytest\fixtures.py:998: in call_fixture_func
    fixture_result = next(generator)
                     ^^^^^^^^^^^^^^^
tmp\pytest9\Lib\site-packages\_pytest\tmpdir.py:300: in tmp_path
    path = _mk_tmp(request, tmp_path_factory)
           ^^^^^^^^^^^^^^^^^^^^^^^^^^^^^^^^^^
tmp\pytest9\Lib\site-packages\_pytest\tmpdir.py:287: in _mk_tmp
    return factory.mktemp(name, numbered=True)
           ^^^^^^^^^^^^^^^^^^^^^^^^^^^^^^^^^^^
tmp\pytest9\Lib\site-packages\_pytest\tmpdir.py:136: in mktemp
    basename = self._ensure_relative_to_basetemp(basename)
               ^^^^^^^^^^^^^^^^^^^^^^^^^^^^^^^^^^^^^^^^^^^
tmp\pytest9\Lib\site-packages\_pytest\tmpdir.py:117: in _ensure_relative_to_basetemp
    if (self.getbasetemp() / basename).resolve().parent != self.getbasetemp():
        ^^^^^^^^^^^^^^^^^^
tmp\pytest9\Lib\site-packages\_pytest\tmpdir.py:213: in getbasetemp
    basetemp = make_numbered_dir_with_cleanup(
tmp\pytest9\Lib\site-packages\_pytest\pathlib.py:420: in make_numbered_dir_with_cleanup
    raise e
tmp\pytest9\Lib\site-packages\_pytest\pathlib.py:401: in make_numbered_dir_with_cleanup
    p = make_numbered_dir(root, prefix, mode)
        ^^^^^^^^^^^^^^^^^^^^^^^^^^^^^^^^^^^^^
tmp\pytest9\Lib\site-packages\_pytest\pathlib.py:228: in make_numbered_dir
    max_existing = max(map(parse_num, find_suffixes(root, prefix)), default=-1)
                   ^^^^^^^^^^^^^^^^^^^^^^^^^^^^^^^^^^^^^^^^^^^^^^^^^^^^^^^^^^^^
tmp\pytest9\Lib\site-packages\_pytest\pathlib.py:187: in extract_suffixes
    for entry in iter:
                 ^^^^
_ _ _ _ _ _ _ _ _ _ _ _ _ _ _ _ _ _ _ _ _ _ _ _ _ _ _ _ _ _ _ _ _ _ _ _ _ _ _ _

root = WindowsPath('C:/Users/Tang Xufeng/AppData/Local/Temp/pytest-of-Tang Xufeng')
prefix = 'pytest-'

    def find_prefixed(root: Path, prefix: str) -&gt; Iterator[os.DirEntry[str]]:
        """Find all elements in root that begin with the prefix, case-insensitive."""
        l_prefix = prefix.lower()
&gt;       for x in os.scandir(root):
                 ^^^^^^^^^^^^^^^^
E       PermissionError: [WinError 5] 拒绝访问。: 'C:\\Users\\Tang Xufeng\\AppData\\Local\\Temp\\pytest-of-Tang Xufeng'

tmp\pytest9\Lib\site-packages\_pytest\pathlib.py:175: PermissionError</error></testcase><testcase classname="tests.test_planar_generation_qualification" name="test_model_display_frame_does_not_change_source_geometry_or_nc" time="0.259" /><testcase classname="tests.test_planar_generation_qualification" name="test_build_frame_shift_changes_source_section_coordinates_and_machine_axes" time="0.227" /><testcase classname="tests.test_planar_offset" name="test_square_multi_pass_has_independent_area_truth_and_residual" time="0.007" /><testcase classname="tests.test_planar_offset" name="test_hole_and_concave_domain_keep_valid_offset_boundaries" time="0.019" /><testcase classname="tests.test_planar_offset" name="test_narrow_neck_splits_stably_and_regions_are_aggregated_by_id" time="0.028" /><testcase classname="tests.test_planar_offset" name="test_disappearing_narrow_region_returns_partial_passes_and_diagnostic" time="0.003" /><testcase classname="tests.test_planar_offset" name="test_self_intersection_and_bad_hole_topology_are_localised_before_occt" time="0.000" /><testcase classname="tests.test_planar_offset" name="test_residual_small_island_is_measured_and_invalid_parameters_fail" time="0.004" /><testcase classname="tests.test_planar_offset" name="test_consecutive_duplicate_vertex_is_cleaned_before_offset" time="0.004" /><testcase classname="tests.test_planar_operation_domain" name="test_planar_operation_json_round_trip_and_semantic_input[planar_region]" time="0.001" /><testcase classname="tests.test_planar_operation_domain" name="test_planar_operation_json_round_trip_and_semantic_input[planar_zigzag]" time="0.001" /><testcase classname="tests.test_planar_operation_domain" name="test_planar_operation_json_round_trip_and_semantic_input[planar_offset]" time="0.001" /><testcase classname="tests.test_planar_operation_domain" name="test_planar_operation_json_round_trip_and_semantic_input[planar_thin_wall]" time="0.001" /><testcase classname="tests.test_planar_operation_domain" name="test_planar_operation_json_round_trip_and_semantic_input[planar_spiral]" time="0.001" /><testcase classname="tests.test_planar_operation_domain" name="test_planar_operation_json_round_trip_and_semantic_input[planar_support]" time="0.001" /><testcase classname="tests.test_planar_operation_domain" name="test_planar_parameters_reject_non_finite_and_out_of_range_values[kwargs0]" time="0.000" /><testcase classname="tests.test_planar_operation_domain" name="test_planar_parameters_reject_non_finite_and_out_of_range_values[kwargs1]" time="0.001" /><testcase classname="tests.test_planar_operation_domain" name="test_planar_parameters_reject_non_finite_and_out_of_range_values[kwargs2]" time="0.001" /><testcase classname="tests.test_planar_operation_domain" name="test_planar_parameters_reject_non_finite_and_out_of_range_values[kwargs3]" time="0.000" /><testcase classname="tests.test_planar_operation_domain" name="test_planar_parameters_reject_non_finite_and_out_of_range_values[kwargs4]" time="0.000" /><testcase classname="tests.test_planar_operation_domain" name="test_planar_parameters_reject_non_finite_and_out_of_range_values[kwargs5]" time="0.000" /><testcase classname="tests.test_planar_operation_domain" name="test_planar_parameters_reject_non_finite_and_out_of_range_values[kwargs6]" time="0.000" /><testcase classname="tests.test_planar_operation_domain" name="test_planar_parameters_reject_non_finite_and_out_of_range_values[kwargs7]" time="0.000" /><testcase classname="tests.test_planar_operation_domain" name="test_planar_parameters_reject_non_finite_and_out_of_range_values[kwargs8]" time="0.000" /><testcase classname="tests.test_planar_operation_domain" name="test_planar_parameters_reject_non_finite_and_out_of_range_values[kwargs9]" time="0.000" /><testcase classname="tests.test_planar_operation_domain" name="test_geometry_selection_requires_a_stable_body_reference" time="0.000" /><testcase classname="tests.test_planar_operation_domain" name="test_create_and_configure_marks_only_changed_operation_dirty" time="0.000" /><testcase classname="tests.test_planar_operation_domain" name="test_rebind_failure_marks_operation_invalid" time="0.001" /><testcase classname="tests.test_planar_path_products" name="test_spiral_product_generates_continuous_z_and_six_files" time="0.004"><error message="failed on setup with &quot;PermissionError: [WinError 5] 拒绝访问。: 'C:\\Users\\Tang Xufeng\\AppData\\Local\\Temp\\pytest-of-Tang Xufeng'&quot;">cls = &lt;class '_pytest.runner.CallInfo'&gt;
func = &lt;function call_and_report.&lt;locals&gt;.&lt;lambda&gt; at 0x0000024B285FC2C0&gt;
when = 'setup'
reraise = (&lt;class '_pytest.outcomes.Exit'&gt;, &lt;class 'KeyboardInterrupt'&gt;)

    @classmethod
    def from_call(
        cls,
        func: Callable[[], TResult],
        when: Literal["collect", "setup", "call", "teardown"],
        reraise: type[BaseException] | tuple[type[BaseException], ...] | None = None,
    ) -&gt; CallInfo[TResult]:
        """Call func, wrapping the result in a CallInfo.
    
        :param func:
            The function to call. Called without arguments.
        :type func: Callable[[], _pytest.runner.TResult]
        :param when:
            The phase in which the function is called.
        :param reraise:
            Exception or exceptions that shall propagate if raised by the
            function, instead of being wrapped in the CallInfo.
        """
        excinfo = None
        instant = timing.Instant()
        try:
&gt;           result: TResult | None = func()
                                     ^^^^^^

tmp\pytest9\Lib\site-packages\_pytest\runner.py:361: 
_ _ _ _ _ _ _ _ _ _ _ _ _ _ _ _ _ _ _ _ _ _ _ _ _ _ _ _ _ _ _ _ _ _ _ _ _ _ _ _
tmp\pytest9\Lib\site-packages\_pytest\runner.py:250: in &lt;lambda&gt;
    lambda: runtest_hook(item=item, **kwds),
            ^^^^^^^^^^^^^^^^^^^^^^^^^^^^^^^
tmp\pytest9\Lib\site-packages\pluggy\_hooks.py:512: in __call__
    return self._hookexec(self.name, self._hookimpls.copy(), kwargs, firstresult)
           ^^^^^^^^^^^^^^^^^^^^^^^^^^^^^^^^^^^^^^^^^^^^^^^^^^^^^^^^^^^^^^^^^^^^^^
tmp\pytest9\Lib\site-packages\pluggy\_manager.py:120: in _hookexec
    return self._inner_hookexec(hook_name, methods, kwargs, firstresult)
           ^^^^^^^^^^^^^^^^^^^^^^^^^^^^^^^^^^^^^^^^^^^^^^^^^^^^^^^^^^^^^
tmp\pytest9\Lib\site-packages\_pytest\logging.py:858: in pytest_runtest_setup
    yield
tmp\pytest9\Lib\site-packages\_pytest\capture.py:895: in pytest_runtest_setup
    return (yield)
            ^^^^^
tmp\pytest9\Lib\site-packages\_pytest\runner.py:170: in pytest_runtest_setup
    item.session._setupstate.setup(item)
tmp\pytest9\Lib\site-packages\_pytest\runner.py:536: in setup
    col.setup()
tmp\pytest9\Lib\site-packages\_pytest\python.py:1710: in setup
    self._request._fillfixtures()
tmp\pytest9\Lib\site-packages\_pytest\fixtures.py:806: in _fillfixtures
    item.funcargs[argname] = self.getfixturevalue(argname)
                             ^^^^^^^^^^^^^^^^^^^^^^^^^^^^^
tmp\pytest9\Lib\site-packages\_pytest\fixtures.py:630: in getfixturevalue
    fixturedef = self._get_active_fixturedef(argname)
                 ^^^^^^^^^^^^^^^^^^^^^^^^^^^^^^^^^^^^
tmp\pytest9\Lib\site-packages\_pytest\fixtures.py:726: in _get_active_fixturedef
    fixturedef.execute(request=subrequest)
tmp\pytest9\Lib\site-packages\_pytest\fixtures.py:1232: in execute
    result: FixtureValue = ihook.pytest_fixture_setup(
tmp\pytest9\Lib\site-packages\pluggy\_hooks.py:512: in __call__
    return self._hookexec(self.name, self._hookimpls.copy(), kwargs, firstresult)
           ^^^^^^^^^^^^^^^^^^^^^^^^^^^^^^^^^^^^^^^^^^^^^^^^^^^^^^^^^^^^^^^^^^^^^^
tmp\pytest9\Lib\site-packages\pluggy\_manager.py:120: in _hookexec
    return self._inner_hookexec(hook_name, methods, kwargs, firstresult)
           ^^^^^^^^^^^^^^^^^^^^^^^^^^^^^^^^^^^^^^^^^^^^^^^^^^^^^^^^^^^^^
tmp\pytest9\Lib\site-packages\pluggy\_callers.py:53: in run_old_style_hookwrapper
    return result.get_result()
           ^^^^^^^^^^^^^^^^^^^
tmp\pytest9\Lib\site-packages\pluggy\_callers.py:38: in run_old_style_hookwrapper
    res = yield
          ^^^^^
tmp\pytest9\Lib\site-packages\_pytest\setuponly.py:36: in pytest_fixture_setup
    return (yield)
            ^^^^^
tmp\pytest9\Lib\site-packages\_pytest\fixtures.py:1328: in pytest_fixture_setup
    result = call_fixture_func(fixturefunc, request, kwargs)
             ^^^^^^^^^^^^^^^^^^^^^^^^^^^^^^^^^^^^^^^^^^^^^^^
tmp\pytest9\Lib\site-packages\_pytest\fixtures.py:998: in call_fixture_func
    fixture_result = next(generator)
                     ^^^^^^^^^^^^^^^
tmp\pytest9\Lib\site-packages\_pytest\tmpdir.py:300: in tmp_path
    path = _mk_tmp(request, tmp_path_factory)
           ^^^^^^^^^^^^^^^^^^^^^^^^^^^^^^^^^^
tmp\pytest9\Lib\site-packages\_pytest\tmpdir.py:287: in _mk_tmp
    return factory.mktemp(name, numbered=True)
           ^^^^^^^^^^^^^^^^^^^^^^^^^^^^^^^^^^^
tmp\pytest9\Lib\site-packages\_pytest\tmpdir.py:136: in mktemp
    basename = self._ensure_relative_to_basetemp(basename)
               ^^^^^^^^^^^^^^^^^^^^^^^^^^^^^^^^^^^^^^^^^^^
tmp\pytest9\Lib\site-packages\_pytest\tmpdir.py:117: in _ensure_relative_to_basetemp
    if (self.getbasetemp() / basename).resolve().parent != self.getbasetemp():
        ^^^^^^^^^^^^^^^^^^
tmp\pytest9\Lib\site-packages\_pytest\tmpdir.py:213: in getbasetemp
    basetemp = make_numbered_dir_with_cleanup(
tmp\pytest9\Lib\site-packages\_pytest\pathlib.py:420: in make_numbered_dir_with_cleanup
    raise e
tmp\pytest9\Lib\site-packages\_pytest\pathlib.py:401: in make_numbered_dir_with_cleanup
    p = make_numbered_dir(root, prefix, mode)
        ^^^^^^^^^^^^^^^^^^^^^^^^^^^^^^^^^^^^^
tmp\pytest9\Lib\site-packages\_pytest\pathlib.py:228: in make_numbered_dir
    max_existing = max(map(parse_num, find_suffixes(root, prefix)), default=-1)
                   ^^^^^^^^^^^^^^^^^^^^^^^^^^^^^^^^^^^^^^^^^^^^^^^^^^^^^^^^^^^^
tmp\pytest9\Lib\site-packages\_pytest\pathlib.py:187: in extract_suffixes
    for entry in iter:
                 ^^^^
_ _ _ _ _ _ _ _ _ _ _ _ _ _ _ _ _ _ _ _ _ _ _ _ _ _ _ _ _ _ _ _ _ _ _ _ _ _ _ _

root = WindowsPath('C:/Users/Tang Xufeng/AppData/Local/Temp/pytest-of-Tang Xufeng')
prefix = 'pytest-'

    def find_prefixed(root: Path, prefix: str) -&gt; Iterator[os.DirEntry[str]]:
        """Find all elements in root that begin with the prefix, case-insensitive."""
        l_prefix = prefix.lower()
&gt;       for x in os.scandir(root):
                 ^^^^^^^^^^^^^^^^
E       PermissionError: [WinError 5] 拒绝访问。: 'C:\\Users\\Tang Xufeng\\AppData\\Local\\Temp\\pytest-of-Tang Xufeng'

tmp\pytest9\Lib\site-packages\_pytest\pathlib.py:175: PermissionError</error></testcase><testcase classname="tests.test_planar_path_products" name="test_spiral_product_propagates_topology_rejections[layers0-planar.spiral_holes_unsupported]" time="0.005" /><testcase classname="tests.test_planar_path_products" name="test_spiral_product_propagates_topology_rejections[layers1-planar.spiral_multiple_regions]" time="0.003" /><testcase classname="tests.test_planar_path_products" name="test_spiral_product_propagates_topology_rejections[layers2-planar.spiral_topology_changed]" time="0.005" /><testcase classname="tests.test_planar_path_products" name="test_spiral_fabricated_interlayer_sections_cannot_override_actual_cad" time="0.003"><error message="failed on setup with &quot;PermissionError: [WinError 5] 拒绝访问。: 'C:\\Users\\Tang Xufeng\\AppData\\Local\\Temp\\pytest-of-Tang Xufeng'&quot;">cls = &lt;class '_pytest.runner.CallInfo'&gt;
func = &lt;function call_and_report.&lt;locals&gt;.&lt;lambda&gt; at 0x0000024B285FC7C0&gt;
when = 'setup'
reraise = (&lt;class '_pytest.outcomes.Exit'&gt;, &lt;class 'KeyboardInterrupt'&gt;)

    @classmethod
    def from_call(
        cls,
        func: Callable[[], TResult],
        when: Literal["collect", "setup", "call", "teardown"],
        reraise: type[BaseException] | tuple[type[BaseException], ...] | None = None,
    ) -&gt; CallInfo[TResult]:
        """Call func, wrapping the result in a CallInfo.
    
        :param func:
            The function to call. Called without arguments.
        :type func: Callable[[], _pytest.runner.TResult]
        :param when:
            The phase in which the function is called.
        :param reraise:
            Exception or exceptions that shall propagate if raised by the
            function, instead of being wrapped in the CallInfo.
        """
        excinfo = None
        instant = timing.Instant()
        try:
&gt;           result: TResult | None = func()
                                     ^^^^^^

tmp\pytest9\Lib\site-packages\_pytest\runner.py:361: 
_ _ _ _ _ _ _ _ _ _ _ _ _ _ _ _ _ _ _ _ _ _ _ _ _ _ _ _ _ _ _ _ _ _ _ _ _ _ _ _
tmp\pytest9\Lib\site-packages\_pytest\runner.py:250: in &lt;lambda&gt;
    lambda: runtest_hook(item=item, **kwds),
            ^^^^^^^^^^^^^^^^^^^^^^^^^^^^^^^
tmp\pytest9\Lib\site-packages\pluggy\_hooks.py:512: in __call__
    return self._hookexec(self.name, self._hookimpls.copy(), kwargs, firstresult)
           ^^^^^^^^^^^^^^^^^^^^^^^^^^^^^^^^^^^^^^^^^^^^^^^^^^^^^^^^^^^^^^^^^^^^^^
tmp\pytest9\Lib\site-packages\pluggy\_manager.py:120: in _hookexec
    return self._inner_hookexec(hook_name, methods, kwargs, firstresult)
           ^^^^^^^^^^^^^^^^^^^^^^^^^^^^^^^^^^^^^^^^^^^^^^^^^^^^^^^^^^^^^
tmp\pytest9\Lib\site-packages\_pytest\logging.py:858: in pytest_runtest_setup
    yield
tmp\pytest9\Lib\site-packages\_pytest\capture.py:895: in pytest_runtest_setup
    return (yield)
            ^^^^^
tmp\pytest9\Lib\site-packages\_pytest\runner.py:170: in pytest_runtest_setup
    item.session._setupstate.setup(item)
tmp\pytest9\Lib\site-packages\_pytest\runner.py:536: in setup
    col.setup()
tmp\pytest9\Lib\site-packages\_pytest\python.py:1710: in setup
    self._request._fillfixtures()
tmp\pytest9\Lib\site-packages\_pytest\fixtures.py:806: in _fillfixtures
    item.funcargs[argname] = self.getfixturevalue(argname)
                             ^^^^^^^^^^^^^^^^^^^^^^^^^^^^^
tmp\pytest9\Lib\site-packages\_pytest\fixtures.py:630: in getfixturevalue
    fixturedef = self._get_active_fixturedef(argname)
                 ^^^^^^^^^^^^^^^^^^^^^^^^^^^^^^^^^^^^
tmp\pytest9\Lib\site-packages\_pytest\fixtures.py:726: in _get_active_fixturedef
    fixturedef.execute(request=subrequest)
tmp\pytest9\Lib\site-packages\_pytest\fixtures.py:1232: in execute
    result: FixtureValue = ihook.pytest_fixture_setup(
tmp\pytest9\Lib\site-packages\pluggy\_hooks.py:512: in __call__
    return self._hookexec(self.name, self._hookimpls.copy(), kwargs, firstresult)
           ^^^^^^^^^^^^^^^^^^^^^^^^^^^^^^^^^^^^^^^^^^^^^^^^^^^^^^^^^^^^^^^^^^^^^^
tmp\pytest9\Lib\site-packages\pluggy\_manager.py:120: in _hookexec
    return self._inner_hookexec(hook_name, methods, kwargs, firstresult)
           ^^^^^^^^^^^^^^^^^^^^^^^^^^^^^^^^^^^^^^^^^^^^^^^^^^^^^^^^^^^^^
tmp\pytest9\Lib\site-packages\pluggy\_callers.py:53: in run_old_style_hookwrapper
    return result.get_result()
           ^^^^^^^^^^^^^^^^^^^
tmp\pytest9\Lib\site-packages\pluggy\_callers.py:38: in run_old_style_hookwrapper
    res = yield
          ^^^^^
tmp\pytest9\Lib\site-packages\_pytest\setuponly.py:36: in pytest_fixture_setup
    return (yield)
            ^^^^^
tmp\pytest9\Lib\site-packages\_pytest\fixtures.py:1328: in pytest_fixture_setup
    result = call_fixture_func(fixturefunc, request, kwargs)
             ^^^^^^^^^^^^^^^^^^^^^^^^^^^^^^^^^^^^^^^^^^^^^^^
tmp\pytest9\Lib\site-packages\_pytest\fixtures.py:998: in call_fixture_func
    fixture_result = next(generator)
                     ^^^^^^^^^^^^^^^
tmp\pytest9\Lib\site-packages\_pytest\tmpdir.py:300: in tmp_path
    path = _mk_tmp(request, tmp_path_factory)
           ^^^^^^^^^^^^^^^^^^^^^^^^^^^^^^^^^^
tmp\pytest9\Lib\site-packages\_pytest\tmpdir.py:287: in _mk_tmp
    return factory.mktemp(name, numbered=True)
           ^^^^^^^^^^^^^^^^^^^^^^^^^^^^^^^^^^^
tmp\pytest9\Lib\site-packages\_pytest\tmpdir.py:136: in mktemp
    basename = self._ensure_relative_to_basetemp(basename)
               ^^^^^^^^^^^^^^^^^^^^^^^^^^^^^^^^^^^^^^^^^^^
tmp\pytest9\Lib\site-packages\_pytest\tmpdir.py:117: in _ensure_relative_to_basetemp
    if (self.getbasetemp() / basename).resolve().parent != self.getbasetemp():
        ^^^^^^^^^^^^^^^^^^
tmp\pytest9\Lib\site-packages\_pytest\tmpdir.py:213: in getbasetemp
    basetemp = make_numbered_dir_with_cleanup(
tmp\pytest9\Lib\site-packages\_pytest\pathlib.py:420: in make_numbered_dir_with_cleanup
    raise e
tmp\pytest9\Lib\site-packages\_pytest\pathlib.py:401: in make_numbered_dir_with_cleanup
    p = make_numbered_dir(root, prefix, mode)
        ^^^^^^^^^^^^^^^^^^^^^^^^^^^^^^^^^^^^^
tmp\pytest9\Lib\site-packages\_pytest\pathlib.py:228: in make_numbered_dir
    max_existing = max(map(parse_num, find_suffixes(root, prefix)), default=-1)
                   ^^^^^^^^^^^^^^^^^^^^^^^^^^^^^^^^^^^^^^^^^^^^^^^^^^^^^^^^^^^^
tmp\pytest9\Lib\site-packages\_pytest\pathlib.py:187: in extract_suffixes
    for entry in iter:
                 ^^^^
_ _ _ _ _ _ _ _ _ _ _ _ _ _ _ _ _ _ _ _ _ _ _ _ _ _ _ _ _ _ _ _ _ _ _ _ _ _ _ _

root = WindowsPath('C:/Users/Tang Xufeng/AppData/Local/Temp/pytest-of-Tang Xufeng')
prefix = 'pytest-'

    def find_prefixed(root: Path, prefix: str) -&gt; Iterator[os.DirEntry[str]]:
        """Find all elements in root that begin with the prefix, case-insensitive."""
        l_prefix = prefix.lower()
&gt;       for x in os.scandir(root):
                 ^^^^^^^^^^^^^^^^
E       PermissionError: [WinError 5] 拒绝访问。: 'C:\\Users\\Tang Xufeng\\AppData\\Local\\Temp\\pytest-of-Tang Xufeng'

tmp\pytest9\Lib\site-packages\_pytest\pathlib.py:175: PermissionError</error></testcase><testcase classname="tests.test_planar_path_products" name="test_spiral_checks_real_solid_between_matching_endpoint_sections" time="0.230" /><testcase classname="tests.test_planar_path_products" name="test_spiral_cad_validation_respects_source_to_build_transform" time="0.396" /><testcase classname="tests.test_planar_path_products" name="test_offset_product_generates_multiple_passes_reads_back_and_exports" time="0.004"><error message="failed on setup with &quot;PermissionError: [WinError 5] 拒绝访问。: 'C:\\Users\\Tang Xufeng\\AppData\\Local\\Temp\\pytest-of-Tang Xufeng'&quot;">cls = &lt;class '_pytest.runner.CallInfo'&gt;
func = &lt;function call_and_report.&lt;locals&gt;.&lt;lambda&gt; at 0x0000024B285FDEE0&gt;
when = 'setup'
reraise = (&lt;class '_pytest.outcomes.Exit'&gt;, &lt;class 'KeyboardInterrupt'&gt;)

    @classmethod
    def from_call(
        cls,
        func: Callable[[], TResult],
        when: Literal["collect", "setup", "call", "teardown"],
        reraise: type[BaseException] | tuple[type[BaseException], ...] | None = None,
    ) -&gt; CallInfo[TResult]:
        """Call func, wrapping the result in a CallInfo.
    
        :param func:
            The function to call. Called without arguments.
        :type func: Callable[[], _pytest.runner.TResult]
        :param when:
            The phase in which the function is called.
        :param reraise:
            Exception or exceptions that shall propagate if raised by the
            function, instead of being wrapped in the CallInfo.
        """
        excinfo = None
        instant = timing.Instant()
        try:
&gt;           result: TResult | None = func()
                                     ^^^^^^

tmp\pytest9\Lib\site-packages\_pytest\runner.py:361: 
_ _ _ _ _ _ _ _ _ _ _ _ _ _ _ _ _ _ _ _ _ _ _ _ _ _ _ _ _ _ _ _ _ _ _ _ _ _ _ _
tmp\pytest9\Lib\site-packages\_pytest\runner.py:250: in &lt;lambda&gt;
    lambda: runtest_hook(item=item, **kwds),
            ^^^^^^^^^^^^^^^^^^^^^^^^^^^^^^^
tmp\pytest9\Lib\site-packages\pluggy\_hooks.py:512: in __call__
    return self._hookexec(self.name, self._hookimpls.copy(), kwargs, firstresult)
           ^^^^^^^^^^^^^^^^^^^^^^^^^^^^^^^^^^^^^^^^^^^^^^^^^^^^^^^^^^^^^^^^^^^^^^
tmp\pytest9\Lib\site-packages\pluggy\_manager.py:120: in _hookexec
    return self._inner_hookexec(hook_name, methods, kwargs, firstresult)
           ^^^^^^^^^^^^^^^^^^^^^^^^^^^^^^^^^^^^^^^^^^^^^^^^^^^^^^^^^^^^^
tmp\pytest9\Lib\site-packages\_pytest\logging.py:858: in pytest_runtest_setup
    yield
tmp\pytest9\Lib\site-packages\_pytest\capture.py:895: in pytest_runtest_setup
    return (yield)
            ^^^^^
tmp\pytest9\Lib\site-packages\_pytest\runner.py:170: in pytest_runtest_setup
    item.session._setupstate.setup(item)
tmp\pytest9\Lib\site-packages\_pytest\runner.py:536: in setup
    col.setup()
tmp\pytest9\Lib\site-packages\_pytest\python.py:1710: in setup
    self._request._fillfixtures()
tmp\pytest9\Lib\site-packages\_pytest\fixtures.py:806: in _fillfixtures
    item.funcargs[argname] = self.getfixturevalue(argname)
                             ^^^^^^^^^^^^^^^^^^^^^^^^^^^^^
tmp\pytest9\Lib\site-packages\_pytest\fixtures.py:630: in getfixturevalue
    fixturedef = self._get_active_fixturedef(argname)
                 ^^^^^^^^^^^^^^^^^^^^^^^^^^^^^^^^^^^^
tmp\pytest9\Lib\site-packages\_pytest\fixtures.py:726: in _get_active_fixturedef
    fixturedef.execute(request=subrequest)
tmp\pytest9\Lib\site-packages\_pytest\fixtures.py:1232: in execute
    result: FixtureValue = ihook.pytest_fixture_setup(
tmp\pytest9\Lib\site-packages\pluggy\_hooks.py:512: in __call__
    return self._hookexec(self.name, self._hookimpls.copy(), kwargs, firstresult)
           ^^^^^^^^^^^^^^^^^^^^^^^^^^^^^^^^^^^^^^^^^^^^^^^^^^^^^^^^^^^^^^^^^^^^^^
tmp\pytest9\Lib\site-packages\pluggy\_manager.py:120: in _hookexec
    return self._inner_hookexec(hook_name, methods, kwargs, firstresult)
           ^^^^^^^^^^^^^^^^^^^^^^^^^^^^^^^^^^^^^^^^^^^^^^^^^^^^^^^^^^^^^
tmp\pytest9\Lib\site-packages\pluggy\_callers.py:53: in run_old_style_hookwrapper
    return result.get_result()
           ^^^^^^^^^^^^^^^^^^^
tmp\pytest9\Lib\site-packages\pluggy\_callers.py:38: in run_old_style_hookwrapper
    res = yield
          ^^^^^
tmp\pytest9\Lib\site-packages\_pytest\setuponly.py:36: in pytest_fixture_setup
    return (yield)
            ^^^^^
tmp\pytest9\Lib\site-packages\_pytest\fixtures.py:1328: in pytest_fixture_setup
    result = call_fixture_func(fixturefunc, request, kwargs)
             ^^^^^^^^^^^^^^^^^^^^^^^^^^^^^^^^^^^^^^^^^^^^^^^
tmp\pytest9\Lib\site-packages\_pytest\fixtures.py:998: in call_fixture_func
    fixture_result = next(generator)
                     ^^^^^^^^^^^^^^^
tmp\pytest9\Lib\site-packages\_pytest\tmpdir.py:300: in tmp_path
    path = _mk_tmp(request, tmp_path_factory)
           ^^^^^^^^^^^^^^^^^^^^^^^^^^^^^^^^^^
tmp\pytest9\Lib\site-packages\_pytest\tmpdir.py:287: in _mk_tmp
    return factory.mktemp(name, numbered=True)
           ^^^^^^^^^^^^^^^^^^^^^^^^^^^^^^^^^^^
tmp\pytest9\Lib\site-packages\_pytest\tmpdir.py:136: in mktemp
    basename = self._ensure_relative_to_basetemp(basename)
               ^^^^^^^^^^^^^^^^^^^^^^^^^^^^^^^^^^^^^^^^^^^
tmp\pytest9\Lib\site-packages\_pytest\tmpdir.py:117: in _ensure_relative_to_basetemp
    if (self.getbasetemp() / basename).resolve().parent != self.getbasetemp():
        ^^^^^^^^^^^^^^^^^^
tmp\pytest9\Lib\site-packages\_pytest\tmpdir.py:213: in getbasetemp
    basetemp = make_numbered_dir_with_cleanup(
tmp\pytest9\Lib\site-packages\_pytest\pathlib.py:420: in make_numbered_dir_with_cleanup
    raise e
tmp\pytest9\Lib\site-packages\_pytest\pathlib.py:401: in make_numbered_dir_with_cleanup
    p = make_numbered_dir(root, prefix, mode)
        ^^^^^^^^^^^^^^^^^^^^^^^^^^^^^^^^^^^^^
tmp\pytest9\Lib\site-packages\_pytest\pathlib.py:228: in make_numbered_dir
    max_existing = max(map(parse_num, find_suffixes(root, prefix)), default=-1)
                   ^^^^^^^^^^^^^^^^^^^^^^^^^^^^^^^^^^^^^^^^^^^^^^^^^^^^^^^^^^^^
tmp\pytest9\Lib\site-packages\_pytest\pathlib.py:187: in extract_suffixes
    for entry in iter:
                 ^^^^
_ _ _ _ _ _ _ _ _ _ _ _ _ _ _ _ _ _ _ _ _ _ _ _ _ _ _ _ _ _ _ _ _ _ _ _ _ _ _ _

root = WindowsPath('C:/Users/Tang Xufeng/AppData/Local/Temp/pytest-of-Tang Xufeng')
prefix = 'pytest-'

    def find_prefixed(root: Path, prefix: str) -&gt; Iterator[os.DirEntry[str]]:
        """Find all elements in root that begin with the prefix, case-insensitive."""
        l_prefix = prefix.lower()
&gt;       for x in os.scandir(root):
                 ^^^^^^^^^^^^^^^^
E       PermissionError: [WinError 5] 拒绝访问。: 'C:\\Users\\Tang Xufeng\\AppData\\Local\\Temp\\pytest-of-Tang Xufeng'

tmp\pytest9\Lib\site-packages\_pytest\pathlib.py:175: PermissionError</error></testcase><testcase classname="tests.test_planar_path_products" name="test_controller_generates_and_exports_offset_product" time="0.003"><error message="failed on setup with &quot;PermissionError: [WinError 5] 拒绝访问。: 'C:\\Users\\Tang Xufeng\\AppData\\Local\\Temp\\pytest-of-Tang Xufeng'&quot;">cls = &lt;class '_pytest.runner.CallInfo'&gt;
func = &lt;function call_and_report.&lt;locals&gt;.&lt;lambda&gt; at 0x0000024B285FD1C0&gt;
when = 'setup'
reraise = (&lt;class '_pytest.outcomes.Exit'&gt;, &lt;class 'KeyboardInterrupt'&gt;)

    @classmethod
    def from_call(
        cls,
        func: Callable[[], TResult],
        when: Literal["collect", "setup", "call", "teardown"],
        reraise: type[BaseException] | tuple[type[BaseException], ...] | None = None,
    ) -&gt; CallInfo[TResult]:
        """Call func, wrapping the result in a CallInfo.
    
        :param func:
            The function to call. Called without arguments.
        :type func: Callable[[], _pytest.runner.TResult]
        :param when:
            The phase in which the function is called.
        :param reraise:
            Exception or exceptions that shall propagate if raised by the
            function, instead of being wrapped in the CallInfo.
        """
        excinfo = None
        instant = timing.Instant()
        try:
&gt;           result: TResult | None = func()
                                     ^^^^^^

tmp\pytest9\Lib\site-packages\_pytest\runner.py:361: 
_ _ _ _ _ _ _ _ _ _ _ _ _ _ _ _ _ _ _ _ _ _ _ _ _ _ _ _ _ _ _ _ _ _ _ _ _ _ _ _
tmp\pytest9\Lib\site-packages\_pytest\runner.py:250: in &lt;lambda&gt;
    lambda: runtest_hook(item=item, **kwds),
            ^^^^^^^^^^^^^^^^^^^^^^^^^^^^^^^
tmp\pytest9\Lib\site-packages\pluggy\_hooks.py:512: in __call__
    return self._hookexec(self.name, self._hookimpls.copy(), kwargs, firstresult)
           ^^^^^^^^^^^^^^^^^^^^^^^^^^^^^^^^^^^^^^^^^^^^^^^^^^^^^^^^^^^^^^^^^^^^^^
tmp\pytest9\Lib\site-packages\pluggy\_manager.py:120: in _hookexec
    return self._inner_hookexec(hook_name, methods, kwargs, firstresult)
           ^^^^^^^^^^^^^^^^^^^^^^^^^^^^^^^^^^^^^^^^^^^^^^^^^^^^^^^^^^^^^
tmp\pytest9\Lib\site-packages\_pytest\logging.py:858: in pytest_runtest_setup
    yield
tmp\pytest9\Lib\site-packages\_pytest\capture.py:895: in pytest_runtest_setup
    return (yield)
            ^^^^^
tmp\pytest9\Lib\site-packages\_pytest\runner.py:170: in pytest_runtest_setup
    item.session._setupstate.setup(item)
tmp\pytest9\Lib\site-packages\_pytest\runner.py:536: in setup
    col.setup()
tmp\pytest9\Lib\site-packages\_pytest\python.py:1710: in setup
    self._request._fillfixtures()
tmp\pytest9\Lib\site-packages\_pytest\fixtures.py:806: in _fillfixtures
    item.funcargs[argname] = self.getfixturevalue(argname)
                             ^^^^^^^^^^^^^^^^^^^^^^^^^^^^^
tmp\pytest9\Lib\site-packages\_pytest\fixtures.py:630: in getfixturevalue
    fixturedef = self._get_active_fixturedef(argname)
                 ^^^^^^^^^^^^^^^^^^^^^^^^^^^^^^^^^^^^
tmp\pytest9\Lib\site-packages\_pytest\fixtures.py:726: in _get_active_fixturedef
    fixturedef.execute(request=subrequest)
tmp\pytest9\Lib\site-packages\_pytest\fixtures.py:1232: in execute
    result: FixtureValue = ihook.pytest_fixture_setup(
tmp\pytest9\Lib\site-packages\pluggy\_hooks.py:512: in __call__
    return self._hookexec(self.name, self._hookimpls.copy(), kwargs, firstresult)
           ^^^^^^^^^^^^^^^^^^^^^^^^^^^^^^^^^^^^^^^^^^^^^^^^^^^^^^^^^^^^^^^^^^^^^^
tmp\pytest9\Lib\site-packages\pluggy\_manager.py:120: in _hookexec
    return self._inner_hookexec(hook_name, methods, kwargs, firstresult)
           ^^^^^^^^^^^^^^^^^^^^^^^^^^^^^^^^^^^^^^^^^^^^^^^^^^^^^^^^^^^^^
tmp\pytest9\Lib\site-packages\pluggy\_callers.py:53: in run_old_style_hookwrapper
    return result.get_result()
           ^^^^^^^^^^^^^^^^^^^
tmp\pytest9\Lib\site-packages\pluggy\_callers.py:38: in run_old_style_hookwrapper
    res = yield
          ^^^^^
tmp\pytest9\Lib\site-packages\_pytest\setuponly.py:36: in pytest_fixture_setup
    return (yield)
            ^^^^^
tmp\pytest9\Lib\site-packages\_pytest\fixtures.py:1328: in pytest_fixture_setup
    result = call_fixture_func(fixturefunc, request, kwargs)
             ^^^^^^^^^^^^^^^^^^^^^^^^^^^^^^^^^^^^^^^^^^^^^^^
tmp\pytest9\Lib\site-packages\_pytest\fixtures.py:998: in call_fixture_func
    fixture_result = next(generator)
                     ^^^^^^^^^^^^^^^
tmp\pytest9\Lib\site-packages\_pytest\tmpdir.py:300: in tmp_path
    path = _mk_tmp(request, tmp_path_factory)
           ^^^^^^^^^^^^^^^^^^^^^^^^^^^^^^^^^^
tmp\pytest9\Lib\site-packages\_pytest\tmpdir.py:287: in _mk_tmp
    return factory.mktemp(name, numbered=True)
           ^^^^^^^^^^^^^^^^^^^^^^^^^^^^^^^^^^^
tmp\pytest9\Lib\site-packages\_pytest\tmpdir.py:136: in mktemp
    basename = self._ensure_relative_to_basetemp(basename)
               ^^^^^^^^^^^^^^^^^^^^^^^^^^^^^^^^^^^^^^^^^^^
tmp\pytest9\Lib\site-packages\_pytest\tmpdir.py:117: in _ensure_relative_to_basetemp
    if (self.getbasetemp() / basename).resolve().parent != self.getbasetemp():
        ^^^^^^^^^^^^^^^^^^
tmp\pytest9\Lib\site-packages\_pytest\tmpdir.py:213: in getbasetemp
    basetemp = make_numbered_dir_with_cleanup(
tmp\pytest9\Lib\site-packages\_pytest\pathlib.py:420: in make_numbered_dir_with_cleanup
    raise e
tmp\pytest9\Lib\site-packages\_pytest\pathlib.py:401: in make_numbered_dir_with_cleanup
    p = make_numbered_dir(root, prefix, mode)
        ^^^^^^^^^^^^^^^^^^^^^^^^^^^^^^^^^^^^^
tmp\pytest9\Lib\site-packages\_pytest\pathlib.py:228: in make_numbered_dir
    max_existing = max(map(parse_num, find_suffixes(root, prefix)), default=-1)
                   ^^^^^^^^^^^^^^^^^^^^^^^^^^^^^^^^^^^^^^^^^^^^^^^^^^^^^^^^^^^^
tmp\pytest9\Lib\site-packages\_pytest\pathlib.py:187: in extract_suffixes
    for entry in iter:
                 ^^^^
_ _ _ _ _ _ _ _ _ _ _ _ _ _ _ _ _ _ _ _ _ _ _ _ _ _ _ _ _ _ _ _ _ _ _ _ _ _ _ _

root = WindowsPath('C:/Users/Tang Xufeng/AppData/Local/Temp/pytest-of-Tang Xufeng')
prefix = 'pytest-'

    def find_prefixed(root: Path, prefix: str) -&gt; Iterator[os.DirEntry[str]]:
        """Find all elements in root that begin with the prefix, case-insensitive."""
        l_prefix = prefix.lower()
&gt;       for x in os.scandir(root):
                 ^^^^^^^^^^^^^^^^
E       PermissionError: [WinError 5] 拒绝访问。: 'C:\\Users\\Tang Xufeng\\AppData\\Local\\Temp\\pytest-of-Tang Xufeng'

tmp\pytest9\Lib\site-packages\_pytest\pathlib.py:175: PermissionError</error></testcase><testcase classname="tests.test_planar_path_products" name="test_offset_product_handles_islands_and_blocks_local_narrow_neck_overfill[2-True]" time="0.552" /><testcase classname="tests.test_planar_path_products" name="test_offset_product_handles_islands_and_blocks_local_narrow_neck_overfill[3-False]" time="0.749" /><testcase classname="tests.test_planar_path_products" name="test_offset_partial_disappearance_is_warning_and_remains_exportable" time="0.004"><error message="failed on setup with &quot;PermissionError: [WinError 5] 拒绝访问。: 'C:\\Users\\Tang Xufeng\\AppData\\Local\\Temp\\pytest-of-Tang Xufeng'&quot;">cls = &lt;class '_pytest.runner.CallInfo'&gt;
func = &lt;function call_and_report.&lt;locals&gt;.&lt;lambda&gt; at 0x0000024B285FEA20&gt;
when = 'setup'
reraise = (&lt;class '_pytest.outcomes.Exit'&gt;, &lt;class 'KeyboardInterrupt'&gt;)

    @classmethod
    def from_call(
        cls,
        func: Callable[[], TResult],
        when: Literal["collect", "setup", "call", "teardown"],
        reraise: type[BaseException] | tuple[type[BaseException], ...] | None = None,
    ) -&gt; CallInfo[TResult]:
        """Call func, wrapping the result in a CallInfo.
    
        :param func:
            The function to call. Called without arguments.
        :type func: Callable[[], _pytest.runner.TResult]
        :param when:
            The phase in which the function is called.
        :param reraise:
            Exception or exceptions that shall propagate if raised by the
            function, instead of being wrapped in the CallInfo.
        """
        excinfo = None
        instant = timing.Instant()
        try:
&gt;           result: TResult | None = func()
                                     ^^^^^^

tmp\pytest9\Lib\site-packages\_pytest\runner.py:361: 
_ _ _ _ _ _ _ _ _ _ _ _ _ _ _ _ _ _ _ _ _ _ _ _ _ _ _ _ _ _ _ _ _ _ _ _ _ _ _ _
tmp\pytest9\Lib\site-packages\_pytest\runner.py:250: in &lt;lambda&gt;
    lambda: runtest_hook(item=item, **kwds),
            ^^^^^^^^^^^^^^^^^^^^^^^^^^^^^^^
tmp\pytest9\Lib\site-packages\pluggy\_hooks.py:512: in __call__
    return self._hookexec(self.name, self._hookimpls.copy(), kwargs, firstresult)
           ^^^^^^^^^^^^^^^^^^^^^^^^^^^^^^^^^^^^^^^^^^^^^^^^^^^^^^^^^^^^^^^^^^^^^^
tmp\pytest9\Lib\site-packages\pluggy\_manager.py:120: in _hookexec
    return self._inner_hookexec(hook_name, methods, kwargs, firstresult)
           ^^^^^^^^^^^^^^^^^^^^^^^^^^^^^^^^^^^^^^^^^^^^^^^^^^^^^^^^^^^^^
tmp\pytest9\Lib\site-packages\_pytest\logging.py:858: in pytest_runtest_setup
    yield
tmp\pytest9\Lib\site-packages\_pytest\capture.py:895: in pytest_runtest_setup
    return (yield)
            ^^^^^
tmp\pytest9\Lib\site-packages\_pytest\runner.py:170: in pytest_runtest_setup
    item.session._setupstate.setup(item)
tmp\pytest9\Lib\site-packages\_pytest\runner.py:536: in setup
    col.setup()
tmp\pytest9\Lib\site-packages\_pytest\python.py:1710: in setup
    self._request._fillfixtures()
tmp\pytest9\Lib\site-packages\_pytest\fixtures.py:806: in _fillfixtures
    item.funcargs[argname] = self.getfixturevalue(argname)
                             ^^^^^^^^^^^^^^^^^^^^^^^^^^^^^
tmp\pytest9\Lib\site-packages\_pytest\fixtures.py:630: in getfixturevalue
    fixturedef = self._get_active_fixturedef(argname)
                 ^^^^^^^^^^^^^^^^^^^^^^^^^^^^^^^^^^^^
tmp\pytest9\Lib\site-packages\_pytest\fixtures.py:726: in _get_active_fixturedef
    fixturedef.execute(request=subrequest)
tmp\pytest9\Lib\site-packages\_pytest\fixtures.py:1232: in execute
    result: FixtureValue = ihook.pytest_fixture_setup(
tmp\pytest9\Lib\site-packages\pluggy\_hooks.py:512: in __call__
    return self._hookexec(self.name, self._hookimpls.copy(), kwargs, firstresult)
           ^^^^^^^^^^^^^^^^^^^^^^^^^^^^^^^^^^^^^^^^^^^^^^^^^^^^^^^^^^^^^^^^^^^^^^
tmp\pytest9\Lib\site-packages\pluggy\_manager.py:120: in _hookexec
    return self._inner_hookexec(hook_name, methods, kwargs, firstresult)
           ^^^^^^^^^^^^^^^^^^^^^^^^^^^^^^^^^^^^^^^^^^^^^^^^^^^^^^^^^^^^^
tmp\pytest9\Lib\site-packages\pluggy\_callers.py:53: in run_old_style_hookwrapper
    return result.get_result()
           ^^^^^^^^^^^^^^^^^^^
tmp\pytest9\Lib\site-packages\pluggy\_callers.py:38: in run_old_style_hookwrapper
    res = yield
          ^^^^^
tmp\pytest9\Lib\site-packages\_pytest\setuponly.py:36: in pytest_fixture_setup
    return (yield)
            ^^^^^
tmp\pytest9\Lib\site-packages\_pytest\fixtures.py:1328: in pytest_fixture_setup
    result = call_fixture_func(fixturefunc, request, kwargs)
             ^^^^^^^^^^^^^^^^^^^^^^^^^^^^^^^^^^^^^^^^^^^^^^^
tmp\pytest9\Lib\site-packages\_pytest\fixtures.py:998: in call_fixture_func
    fixture_result = next(generator)
                     ^^^^^^^^^^^^^^^
tmp\pytest9\Lib\site-packages\_pytest\tmpdir.py:300: in tmp_path
    path = _mk_tmp(request, tmp_path_factory)
           ^^^^^^^^^^^^^^^^^^^^^^^^^^^^^^^^^^
tmp\pytest9\Lib\site-packages\_pytest\tmpdir.py:287: in _mk_tmp
    return factory.mktemp(name, numbered=True)
           ^^^^^^^^^^^^^^^^^^^^^^^^^^^^^^^^^^^
tmp\pytest9\Lib\site-packages\_pytest\tmpdir.py:136: in mktemp
    basename = self._ensure_relative_to_basetemp(basename)
               ^^^^^^^^^^^^^^^^^^^^^^^^^^^^^^^^^^^^^^^^^^^
tmp\pytest9\Lib\site-packages\_pytest\tmpdir.py:117: in _ensure_relative_to_basetemp
    if (self.getbasetemp() / basename).resolve().parent != self.getbasetemp():
        ^^^^^^^^^^^^^^^^^^
tmp\pytest9\Lib\site-packages\_pytest\tmpdir.py:213: in getbasetemp
    basetemp = make_numbered_dir_with_cleanup(
tmp\pytest9\Lib\site-packages\_pytest\pathlib.py:420: in make_numbered_dir_with_cleanup
    raise e
tmp\pytest9\Lib\site-packages\_pytest\pathlib.py:401: in make_numbered_dir_with_cleanup
    p = make_numbered_dir(root, prefix, mode)
        ^^^^^^^^^^^^^^^^^^^^^^^^^^^^^^^^^^^^^
tmp\pytest9\Lib\site-packages\_pytest\pathlib.py:228: in make_numbered_dir
    max_existing = max(map(parse_num, find_suffixes(root, prefix)), default=-1)
                   ^^^^^^^^^^^^^^^^^^^^^^^^^^^^^^^^^^^^^^^^^^^^^^^^^^^^^^^^^^^^
tmp\pytest9\Lib\site-packages\_pytest\pathlib.py:187: in extract_suffixes
    for entry in iter:
                 ^^^^
_ _ _ _ _ _ _ _ _ _ _ _ _ _ _ _ _ _ _ _ _ _ _ _ _ _ _ _ _ _ _ _ _ _ _ _ _ _ _ _

root = WindowsPath('C:/Users/Tang Xufeng/AppData/Local/Temp/pytest-of-Tang Xufeng')
prefix = 'pytest-'

    def find_prefixed(root: Path, prefix: str) -&gt; Iterator[os.DirEntry[str]]:
        """Find all elements in root that begin with the prefix, case-insensitive."""
        l_prefix = prefix.lower()
&gt;       for x in os.scandir(root):
                 ^^^^^^^^^^^^^^^^
E       PermissionError: [WinError 5] 拒绝访问。: 'C:\\Users\\Tang Xufeng\\AppData\\Local\\Temp\\pytest-of-Tang Xufeng'

tmp\pytest9\Lib\site-packages\_pytest\pathlib.py:175: PermissionError</error></testcase><testcase classname="tests.test_planar_path_products" name="test_offset_complete_disappearance_sets_controller_error_and_blocks_export" time="0.003"><error message="failed on setup with &quot;PermissionError: [WinError 5] 拒绝访问。: 'C:\\Users\\Tang Xufeng\\AppData\\Local\\Temp\\pytest-of-Tang Xufeng'&quot;">cls = &lt;class '_pytest.runner.CallInfo'&gt;
func = &lt;function call_and_report.&lt;locals&gt;.&lt;lambda&gt; at 0x0000024B285C7BA0&gt;
when = 'setup'
reraise = (&lt;class '_pytest.outcomes.Exit'&gt;, &lt;class 'KeyboardInterrupt'&gt;)

    @classmethod
    def from_call(
        cls,
        func: Callable[[], TResult],
        when: Literal["collect", "setup", "call", "teardown"],
        reraise: type[BaseException] | tuple[type[BaseException], ...] | None = None,
    ) -&gt; CallInfo[TResult]:
        """Call func, wrapping the result in a CallInfo.
    
        :param func:
            The function to call. Called without arguments.
        :type func: Callable[[], _pytest.runner.TResult]
        :param when:
            The phase in which the function is called.
        :param reraise:
            Exception or exceptions that shall propagate if raised by the
            function, instead of being wrapped in the CallInfo.
        """
        excinfo = None
        instant = timing.Instant()
        try:
&gt;           result: TResult | None = func()
                                     ^^^^^^

tmp\pytest9\Lib\site-packages\_pytest\runner.py:361: 
_ _ _ _ _ _ _ _ _ _ _ _ _ _ _ _ _ _ _ _ _ _ _ _ _ _ _ _ _ _ _ _ _ _ _ _ _ _ _ _
tmp\pytest9\Lib\site-packages\_pytest\runner.py:250: in &lt;lambda&gt;
    lambda: runtest_hook(item=item, **kwds),
            ^^^^^^^^^^^^^^^^^^^^^^^^^^^^^^^
tmp\pytest9\Lib\site-packages\pluggy\_hooks.py:512: in __call__
    return self._hookexec(self.name, self._hookimpls.copy(), kwargs, firstresult)
           ^^^^^^^^^^^^^^^^^^^^^^^^^^^^^^^^^^^^^^^^^^^^^^^^^^^^^^^^^^^^^^^^^^^^^^
tmp\pytest9\Lib\site-packages\pluggy\_manager.py:120: in _hookexec
    return self._inner_hookexec(hook_name, methods, kwargs, firstresult)
           ^^^^^^^^^^^^^^^^^^^^^^^^^^^^^^^^^^^^^^^^^^^^^^^^^^^^^^^^^^^^^
tmp\pytest9\Lib\site-packages\_pytest\logging.py:858: in pytest_runtest_setup
    yield
tmp\pytest9\Lib\site-packages\_pytest\capture.py:895: in pytest_runtest_setup
    return (yield)
            ^^^^^
tmp\pytest9\Lib\site-packages\_pytest\runner.py:170: in pytest_runtest_setup
    item.session._setupstate.setup(item)
tmp\pytest9\Lib\site-packages\_pytest\runner.py:536: in setup
    col.setup()
tmp\pytest9\Lib\site-packages\_pytest\python.py:1710: in setup
    self._request._fillfixtures()
tmp\pytest9\Lib\site-packages\_pytest\fixtures.py:806: in _fillfixtures
    item.funcargs[argname] = self.getfixturevalue(argname)
                             ^^^^^^^^^^^^^^^^^^^^^^^^^^^^^
tmp\pytest9\Lib\site-packages\_pytest\fixtures.py:630: in getfixturevalue
    fixturedef = self._get_active_fixturedef(argname)
                 ^^^^^^^^^^^^^^^^^^^^^^^^^^^^^^^^^^^^
tmp\pytest9\Lib\site-packages\_pytest\fixtures.py:726: in _get_active_fixturedef
    fixturedef.execute(request=subrequest)
tmp\pytest9\Lib\site-packages\_pytest\fixtures.py:1232: in execute
    result: FixtureValue = ihook.pytest_fixture_setup(
tmp\pytest9\Lib\site-packages\pluggy\_hooks.py:512: in __call__
    return self._hookexec(self.name, self._hookimpls.copy(), kwargs, firstresult)
           ^^^^^^^^^^^^^^^^^^^^^^^^^^^^^^^^^^^^^^^^^^^^^^^^^^^^^^^^^^^^^^^^^^^^^^
tmp\pytest9\Lib\site-packages\pluggy\_manager.py:120: in _hookexec
    return self._inner_hookexec(hook_name, methods, kwargs, firstresult)
           ^^^^^^^^^^^^^^^^^^^^^^^^^^^^^^^^^^^^^^^^^^^^^^^^^^^^^^^^^^^^^
tmp\pytest9\Lib\site-packages\pluggy\_callers.py:53: in run_old_style_hookwrapper
    return result.get_result()
           ^^^^^^^^^^^^^^^^^^^
tmp\pytest9\Lib\site-packages\pluggy\_callers.py:38: in run_old_style_hookwrapper
    res = yield
          ^^^^^
tmp\pytest9\Lib\site-packages\_pytest\setuponly.py:36: in pytest_fixture_setup
    return (yield)
            ^^^^^
tmp\pytest9\Lib\site-packages\_pytest\fixtures.py:1328: in pytest_fixture_setup
    result = call_fixture_func(fixturefunc, request, kwargs)
             ^^^^^^^^^^^^^^^^^^^^^^^^^^^^^^^^^^^^^^^^^^^^^^^
tmp\pytest9\Lib\site-packages\_pytest\fixtures.py:998: in call_fixture_func
    fixture_result = next(generator)
                     ^^^^^^^^^^^^^^^
tmp\pytest9\Lib\site-packages\_pytest\tmpdir.py:300: in tmp_path
    path = _mk_tmp(request, tmp_path_factory)
           ^^^^^^^^^^^^^^^^^^^^^^^^^^^^^^^^^^
tmp\pytest9\Lib\site-packages\_pytest\tmpdir.py:287: in _mk_tmp
    return factory.mktemp(name, numbered=True)
           ^^^^^^^^^^^^^^^^^^^^^^^^^^^^^^^^^^^
tmp\pytest9\Lib\site-packages\_pytest\tmpdir.py:136: in mktemp
    basename = self._ensure_relative_to_basetemp(basename)
               ^^^^^^^^^^^^^^^^^^^^^^^^^^^^^^^^^^^^^^^^^^^
tmp\pytest9\Lib\site-packages\_pytest\tmpdir.py:117: in _ensure_relative_to_basetemp
    if (self.getbasetemp() / basename).resolve().parent != self.getbasetemp():
        ^^^^^^^^^^^^^^^^^^
tmp\pytest9\Lib\site-packages\_pytest\tmpdir.py:213: in getbasetemp
    basetemp = make_numbered_dir_with_cleanup(
tmp\pytest9\Lib\site-packages\_pytest\pathlib.py:420: in make_numbered_dir_with_cleanup
    raise e
tmp\pytest9\Lib\site-packages\_pytest\pathlib.py:401: in make_numbered_dir_with_cleanup
    p = make_numbered_dir(root, prefix, mode)
        ^^^^^^^^^^^^^^^^^^^^^^^^^^^^^^^^^^^^^
tmp\pytest9\Lib\site-packages\_pytest\pathlib.py:228: in make_numbered_dir
    max_existing = max(map(parse_num, find_suffixes(root, prefix)), default=-1)
                   ^^^^^^^^^^^^^^^^^^^^^^^^^^^^^^^^^^^^^^^^^^^^^^^^^^^^^^^^^^^^
tmp\pytest9\Lib\site-packages\_pytest\pathlib.py:187: in extract_suffixes
    for entry in iter:
                 ^^^^
_ _ _ _ _ _ _ _ _ _ _ _ _ _ _ _ _ _ _ _ _ _ _ _ _ _ _ _ _ _ _ _ _ _ _ _ _ _ _ _

root = WindowsPath('C:/Users/Tang Xufeng/AppData/Local/Temp/pytest-of-Tang Xufeng')
prefix = 'pytest-'

    def find_prefixed(root: Path, prefix: str) -&gt; Iterator[os.DirEntry[str]]:
        """Find all elements in root that begin with the prefix, case-insensitive."""
        l_prefix = prefix.lower()
&gt;       for x in os.scandir(root):
                 ^^^^^^^^^^^^^^^^
E       PermissionError: [WinError 5] 拒绝访问。: 'C:\\Users\\Tang Xufeng\\AppData\\Local\\Temp\\pytest-of-Tang Xufeng'

tmp\pytest9\Lib\site-packages\_pytest\pathlib.py:175: PermissionError</error></testcase><testcase classname="tests.test_planar_project_io" name="test_default_loader_round_trips_planar_operation" time="0.004"><error message="failed on setup with &quot;PermissionError: [WinError 5] 拒绝访问。: 'C:\\Users\\Tang Xufeng\\AppData\\Local\\Temp\\pytest-of-Tang Xufeng'&quot;">cls = &lt;class '_pytest.runner.CallInfo'&gt;
func = &lt;function call_and_report.&lt;locals&gt;.&lt;lambda&gt; at 0x0000024B285D3100&gt;
when = 'setup'
reraise = (&lt;class '_pytest.outcomes.Exit'&gt;, &lt;class 'KeyboardInterrupt'&gt;)

    @classmethod
    def from_call(
        cls,
        func: Callable[[], TResult],
        when: Literal["collect", "setup", "call", "teardown"],
        reraise: type[BaseException] | tuple[type[BaseException], ...] | None = None,
    ) -&gt; CallInfo[TResult]:
        """Call func, wrapping the result in a CallInfo.
    
        :param func:
            The function to call. Called without arguments.
        :type func: Callable[[], _pytest.runner.TResult]
        :param when:
            The phase in which the function is called.
        :param reraise:
            Exception or exceptions that shall propagate if raised by the
            function, instead of being wrapped in the CallInfo.
        """
        excinfo = None
        instant = timing.Instant()
        try:
&gt;           result: TResult | None = func()
                                     ^^^^^^

tmp\pytest9\Lib\site-packages\_pytest\runner.py:361: 
_ _ _ _ _ _ _ _ _ _ _ _ _ _ _ _ _ _ _ _ _ _ _ _ _ _ _ _ _ _ _ _ _ _ _ _ _ _ _ _
tmp\pytest9\Lib\site-packages\_pytest\runner.py:250: in &lt;lambda&gt;
    lambda: runtest_hook(item=item, **kwds),
            ^^^^^^^^^^^^^^^^^^^^^^^^^^^^^^^
tmp\pytest9\Lib\site-packages\pluggy\_hooks.py:512: in __call__
    return self._hookexec(self.name, self._hookimpls.copy(), kwargs, firstresult)
           ^^^^^^^^^^^^^^^^^^^^^^^^^^^^^^^^^^^^^^^^^^^^^^^^^^^^^^^^^^^^^^^^^^^^^^
tmp\pytest9\Lib\site-packages\pluggy\_manager.py:120: in _hookexec
    return self._inner_hookexec(hook_name, methods, kwargs, firstresult)
           ^^^^^^^^^^^^^^^^^^^^^^^^^^^^^^^^^^^^^^^^^^^^^^^^^^^^^^^^^^^^^
tmp\pytest9\Lib\site-packages\_pytest\logging.py:858: in pytest_runtest_setup
    yield
tmp\pytest9\Lib\site-packages\_pytest\capture.py:895: in pytest_runtest_setup
    return (yield)
            ^^^^^
tmp\pytest9\Lib\site-packages\_pytest\runner.py:170: in pytest_runtest_setup
    item.session._setupstate.setup(item)
[...]
imit[planar.spiral_cad_sampled-phrases1-en]" time="0.089" /><testcase classname="tests.test_planar_ui_diagnostics" name="test_generate_is_disabled_before_click_for_incomplete_applied_setup[missing_material-zh]" time="0.022" /><testcase classname="tests.test_planar_ui_diagnostics" name="test_generate_is_disabled_before_click_for_incomplete_applied_setup[missing_material-en]" time="0.024" /><testcase classname="tests.test_planar_ui_diagnostics" name="test_generate_is_disabled_before_click_for_incomplete_applied_setup[unreviewed_material-zh]" time="0.026" /><testcase classname="tests.test_planar_ui_diagnostics" name="test_generate_is_disabled_before_click_for_incomplete_applied_setup[unreviewed_material-en]" time="0.024" /><testcase classname="tests.test_planar_ui_diagnostics" name="test_generate_is_disabled_before_click_for_incomplete_applied_setup[draft-zh]" time="0.024" /><testcase classname="tests.test_planar_ui_diagnostics" name="test_generate_is_disabled_before_click_for_incomplete_applied_setup[draft-en]" time="0.023" /><testcase classname="tests.test_planar_ui_diagnostics" name="test_generate_is_disabled_before_click_for_incomplete_applied_setup[missing_part-zh]" time="0.023" /><testcase classname="tests.test_planar_ui_diagnostics" name="test_generate_is_disabled_before_click_for_incomplete_applied_setup[missing_part-en]" time="0.023" /><testcase classname="tests.test_planar_ui_diagnostics" name="test_exception_error_survives_language_switch_with_localized_reason" time="0.034" /><testcase classname="tests.test_planar_ui_layout" name="test_long_product_diagnostics_preserve_every_form_control_height[error-zh-size0]" time="0.099" /><testcase classname="tests.test_planar_ui_layout" name="test_long_product_diagnostics_preserve_every_form_control_height[error-zh-size1]" time="0.095" /><testcase classname="tests.test_planar_ui_layout" name="test_long_product_diagnostics_preserve_every_form_control_height[error-zh-size2]" time="0.093" /><testcase classname="tests.test_planar_ui_layout" name="test_long_product_diagnostics_preserve_every_form_control_height[error-en-size0]" time="0.099" /><testcase classname="tests.test_planar_ui_layout" name="test_long_product_diagnostics_preserve_every_form_control_height[error-en-size1]" time="0.110" /><testcase classname="tests.test_planar_ui_layout" name="test_long_product_diagnostics_preserve_every_form_control_height[error-en-size2]" time="0.098" /><testcase classname="tests.test_planar_ui_layout" name="test_long_product_diagnostics_preserve_every_form_control_height[warning-zh-size0]" time="0.097" /><testcase classname="tests.test_planar_ui_layout" name="test_long_product_diagnostics_preserve_every_form_control_height[warning-zh-size1]" time="0.095" /><testcase classname="tests.test_planar_ui_layout" name="test_long_product_diagnostics_preserve_every_form_control_height[warning-zh-size2]" time="0.098" /><testcase classname="tests.test_planar_ui_layout" name="test_long_product_diagnostics_preserve_every_form_control_height[warning-en-size0]" time="0.095" /><testcase classname="tests.test_planar_ui_layout" name="test_long_product_diagnostics_preserve_every_form_control_height[warning-en-size1]" time="0.098" /><testcase classname="tests.test_planar_ui_layout" name="test_long_product_diagnostics_preserve_every_form_control_height[warning-en-size2]" time="0.098" /><testcase classname="tests.test_planar_ui" name="test_apply_routes_planar_inputs_through_gui_command_service" time="0.007" /><testcase classname="tests.test_planar_ui" name="test_apply_routes_p03_p05_parameters_and_english_labels" time="0.008" /><testcase classname="tests.test_planar_ui" name="test_p03_p05_gui_generate_and_export_enable[planar_offset]" time="0.125" /><testcase classname="tests.test_planar_ui" name="test_p03_p05_gui_generate_and_export_enable[planar_thin_wall]" time="0.073" /><testcase classname="tests.test_planar_ui" name="test_p03_p05_gui_generate_and_export_enable[planar_spiral]" time="1.071" /><testcase classname="tests.test_planar_ui" name="test_spiral_gui_reports_error_and_recovers_after_layer_fix" time="1.099" /><testcase classname="tests.test_planar_ui" name="test_generate_emits_the_generated_preview_toolpath" time="0.019" /><testcase classname="tests.test_planar_ui" name="test_existing_operations_can_be_selected_and_previewed_independently" time="0.155" /><testcase classname="tests.test_planar_ui" name="test_qt_cancel_button_preserves_the_previous_generated_result" time="0.138" /><testcase classname="tests.test_planar_ui" name="test_all_planar_operation_types_survive_reopen_and_remain_selectable" time="0.045" /><testcase classname="tests.test_planar_ui" name="test_issue_list_activation_exposes_a_locatable_problem_and_help_is_bilingual" time="0.009" /><testcase classname="tests.test_planar_ui" name="test_invalid_generation_is_disabled_and_english_text_is_applied" time="0.003" /><testcase classname="tests.test_planar_ui" name="test_editor_contains_long_support_status_without_horizontal_overflow[1366-768-planar.support_region_too_narrow: generated support region contains no printable bead-width segment]" time="0.013" /><testcase classname="tests.test_planar_ui" name="test_editor_contains_long_support_status_without_horizontal_overflow[1920-1080-planar.support_buildplate_first_layer_required: first requested layer must represent the buildplate deposition layer]" time="0.013" /><testcase classname="tests.test_planar_ui" name="test_main_window_routes_planar_workbench_and_exposes_state" time="0.918" /><testcase classname="tests.test_planar_zigzag_product" name="test_zigzag_product_generates_reads_back_and_exports_six_files" time="0.004"><error message="failed on setup with &quot;PermissionError: [WinError 5] 拒绝访问。: 'C:\\Users\\Tang Xufeng\\AppData\\Local\\Temp\\pytest-of-Tang Xufeng'&quot;">cls = &lt;class '_pytest.runner.CallInfo'&gt;
func = &lt;function call_and_report.&lt;locals&gt;.&lt;lambda&gt; at 0x0000024B281F37E0&gt;
when = 'setup'
reraise = (&lt;class '_pytest.outcomes.Exit'&gt;, &lt;class 'KeyboardInterrupt'&gt;)

    @classmethod
    def from_call(
        cls,
        func: Callable[[], TResult],
        when: Literal["collect", "setup", "call", "teardown"],
        reraise: type[BaseException] | tuple[type[BaseException], ...] | None = None,
    ) -&gt; CallInfo[TResult]:
        """Call func, wrapping the result in a CallInfo.
    
        :param func:
            The function to call. Called without arguments.
        :type func: Callable[[], _pytest.runner.TResult]
        :param when:
            The phase in which the function is called.
        :param reraise:
            Exception or exceptions that shall propagate if raised by the
            function, instead of being wrapped in the CallInfo.
        """
        excinfo = None
        instant = timing.Instant()
        try:
&gt;           result: TResult | None = func()
                                     ^^^^^^

tmp\pytest9\Lib\site-packages\_pytest\runner.py:361: 
_ _ _ _ _ _ _ _ _ _ _ _ _ _ _ _ _ _ _ _ _ _ _ _ _ _ _ _ _ _ _ _ _ _ _ _ _ _ _ _
tmp\pytest9\Lib\site-packages\_pytest\runner.py:250: in &lt;lambda&gt;
    lambda: runtest_hook(item=item, **kwds),
            ^^^^^^^^^^^^^^^^^^^^^^^^^^^^^^^
tmp\pytest9\Lib\site-packages\pluggy\_hooks.py:512: in __call__
    return self._hookexec(self.name, self._hookimpls.copy(), kwargs, firstresult)
           ^^^^^^^^^^^^^^^^^^^^^^^^^^^^^^^^^^^^^^^^^^^^^^^^^^^^^^^^^^^^^^^^^^^^^^
tmp\pytest9\Lib\site-packages\pluggy\_manager.py:120: in _hookexec
    return self._inner_hookexec(hook_name, methods, kwargs, firstresult)
           ^^^^^^^^^^^^^^^^^^^^^^^^^^^^^^^^^^^^^^^^^^^^^^^^^^^^^^^^^^^^^
tmp\pytest9\Lib\site-packages\_pytest\logging.py:858: in pytest_runtest_setup
    yield
tmp\pytest9\Lib\site-packages\_pytest\capture.py:895: in pytest_runtest_setup
    return (yield)
            ^^^^^
tmp\pytest9\Lib\site-packages\_pytest\runner.py:170: in pytest_runtest_setup
    item.session._setupstate.setup(item)
tmp\pytest9\Lib\site-packages\_pytest\runner.py:536: in setup
    col.setup()
tmp\pytest9\Lib\site-packages\_pytest\python.py:1710: in setup
    self._request._fillfixtures()
tmp\pytest9\Lib\site-packages\_pytest\fixtures.py:806: in _fillfixtures
    item.funcargs[argname] = self.getfixturevalue(argname)
                             ^^^^^^^^^^^^^^^^^^^^^^^^^^^^^
tmp\pytest9\Lib\site-packages\_pytest\fixtures.py:630: in getfixturevalue
    fixturedef = self._get_active_fixturedef(argname)
                 ^^^^^^^^^^^^^^^^^^^^^^^^^^^^^^^^^^^^
tmp\pytest9\Lib\site-packages\_pytest\fixtures.py:726: in _get_active_fixturedef
    fixturedef.execute(request=subrequest)
tmp\pytest9\Lib\site-packages\_pytest\fixtures.py:1232: in execute
    result: FixtureValue = ihook.pytest_fixture_setup(
tmp\pytest9\Lib\site-packages\pluggy\_hooks.py:512: in __call__
    return self._hookexec(self.name, self._hookimpls.copy(), kwargs, firstresult)
           ^^^^^^^^^^^^^^^^^^^^^^^^^^^^^^^^^^^^^^^^^^^^^^^^^^^^^^^^^^^^^^^^^^^^^^
tmp\pytest9\Lib\site-packages\pluggy\_manager.py:120: in _hookexec
    return self._inner_hookexec(hook_name, methods, kwargs, firstresult)
           ^^^^^^^^^^^^^^^^^^^^^^^^^^^^^^^^^^^^^^^^^^^^^^^^^^^^^^^^^^^^^
tmp\pytest9\Lib\site-packages\pluggy\_callers.py:53: in run_old_style_hookwrapper
    return result.get_result()
           ^^^^^^^^^^^^^^^^^^^
tmp\pytest9\Lib\site-packages\pluggy\_callers.py:38: in run_old_style_hookwrapper
    res = yield
          ^^^^^
tmp\pytest9\Lib\site-packages\_pytest\setuponly.py:36: in pytest_fixture_setup
    return (yield)
            ^^^^^
tmp\pytest9\Lib\site-packages\_pytest\fixtures.py:1328: in pytest_fixture_setup
    result = call_fixture_func(fixturefunc, request, kwargs)
             ^^^^^^^^^^^^^^^^^^^^^^^^^^^^^^^^^^^^^^^^^^^^^^^
tmp\pytest9\Lib\site-packages\_pytest\fixtures.py:998: in call_fixture_func
    fixture_result = next(generator)
                     ^^^^^^^^^^^^^^^
tmp\pytest9\Lib\site-packages\_pytest\tmpdir.py:300: in tmp_path
    path = _mk_tmp(request, tmp_path_factory)
           ^^^^^^^^^^^^^^^^^^^^^^^^^^^^^^^^^^
tmp\pytest9\Lib\site-packages\_pytest\tmpdir.py:287: in _mk_tmp
    return factory.mktemp(name, numbered=True)
           ^^^^^^^^^^^^^^^^^^^^^^^^^^^^^^^^^^^
tmp\pytest9\Lib\site-packages\_pytest\tmpdir.py:136: in mktemp
    basename = self._ensure_relative_to_basetemp(basename)
               ^^^^^^^^^^^^^^^^^^^^^^^^^^^^^^^^^^^^^^^^^^^
tmp\pytest9\Lib\site-packages\_pytest\tmpdir.py:117: in _ensure_relative_to_basetemp
    if (self.getbasetemp() / basename).resolve().parent != self.getbasetemp():
        ^^^^^^^^^^^^^^^^^^
tmp\pytest9\Lib\site-packages\_pytest\tmpdir.py:213: in getbasetemp
    basetemp = make_numbered_dir_with_cleanup(
tmp\pytest9\Lib\site-packages\_pytest\pathlib.py:420: in make_numbered_dir_with_cleanup
    raise e
tmp\pytest9\Lib\site-packages\_pytest\pathlib.py:401: in make_numbered_dir_with_cleanup
    p = make_numbered_dir(root, prefix, mode)
        ^^^^^^^^^^^^^^^^^^^^^^^^^^^^^^^^^^^^^
tmp\pytest9\Lib\site-packages\_pytest\pathlib.py:228: in make_numbered_dir
    max_existing = max(map(parse_num, find_suffixes(root, prefix)), default=-1)
                   ^^^^^^^^^^^^^^^^^^^^^^^^^^^^^^^^^^^^^^^^^^^^^^^^^^^^^^^^^^^^
tmp\pytest9\Lib\site-packages\_pytest\pathlib.py:187: in extract_suffixes
    for entry in iter:
                 ^^^^
_ _ _ _ _ _ _ _ _ _ _ _ _ _ _ _ _ _ _ _ _ _ _ _ _ _ _ _ _ _ _ _ _ _ _ _ _ _ _ _

root = WindowsPath('C:/Users/Tang Xufeng/AppData/Local/Temp/pytest-of-Tang Xufeng')
prefix = 'pytest-'

    def find_prefixed(root: Path, prefix: str) -&gt; Iterator[os.DirEntry[str]]:
        """Find all elements in root that begin with the prefix, case-insensitive."""
        l_prefix = prefix.lower()
&gt;       for x in os.scandir(root):
                 ^^^^^^^^^^^^^^^^
E       PermissionError: [WinError 5] 拒绝访问。: 'C:\\Users\\Tang Xufeng\\AppData\\Local\\Temp\\pytest-of-Tang Xufeng'

tmp\pytest9\Lib\site-packages\_pytest\pathlib.py:175: PermissionError</error></testcase><testcase classname="tests.test_planar_zigzag_product" name="test_controller_zigzag_generation_and_export" time="0.005"><error message="failed on setup with &quot;PermissionError: [WinError 5] 拒绝访问。: 'C:\\Users\\Tang Xufeng\\AppData\\Local\\Temp\\pytest-of-Tang Xufeng'&quot;">cls = &lt;class '_pytest.runner.CallInfo'&gt;
func = &lt;function call_and_report.&lt;locals&gt;.&lt;lambda&gt; at 0x0000024B281F3920&gt;
when = 'setup'
reraise = (&lt;class '_pytest.outcomes.Exit'&gt;, &lt;class 'KeyboardInterrupt'&gt;)

    @classmethod
    def from_call(
        cls,
        func: Callable[[], TResult],
        when: Literal["collect", "setup", "call", "teardown"],
        reraise: type[BaseException] | tuple[type[BaseException], ...] | None = None,
    ) -&gt; CallInfo[TResult]:
        """Call func, wrapping the result in a CallInfo.
    
        :param func:
            The function to call. Called without arguments.
        :type func: Callable[[], _pytest.runner.TResult]
        :param when:
            The phase in which the function is called.
        :param reraise:
            Exception or exceptions that shall propagate if raised by the
            function, instead of being wrapped in the CallInfo.
        """
        excinfo = None
        instant = timing.Instant()
        try:
&gt;           result: TResult | None = func()
                                     ^^^^^^

tmp\pytest9\Lib\site-packages\_pytest\runner.py:361: 
_ _ _ _ _ _ _ _ _ _ _ _ _ _ _ _ _ _ _ _ _ _ _ _ _ _ _ _ _ _ _ _ _ _ _ _ _ _ _ _
tmp\pytest9\Lib\site-packages\_pytest\runner.py:250: in &lt;lambda&gt;
    lambda: runtest_hook(item=item, **kwds),
            ^^^^^^^^^^^^^^^^^^^^^^^^^^^^^^^
tmp\pytest9\Lib\site-packages\pluggy\_hooks.py:512: in __call__
    return self._hookexec(self.name, self._hookimpls.copy(), kwargs, firstresult)
           ^^^^^^^^^^^^^^^^^^^^^^^^^^^^^^^^^^^^^^^^^^^^^^^^^^^^^^^^^^^^^^^^^^^^^^
tmp\pytest9\Lib\site-packages\pluggy\_manager.py:120: in _hookexec
    return self._inner_hookexec(hook_name, methods, kwargs, firstresult)
           ^^^^^^^^^^^^^^^^^^^^^^^^^^^^^^^^^^^^^^^^^^^^^^^^^^^^^^^^^^^^^
tmp\pytest9\Lib\site-packages\_pytest\logging.py:858: in pytest_runtest_setup
    yield
tmp\pytest9\Lib\site-packages\_pytest\capture.py:895: in pytest_runtest_setup
    return (yield)
            ^^^^^
tmp\pytest9\Lib\site-packages\_pytest\runner.py:170: in pytest_runtest_setup
    item.session._setupstate.setup(item)
tmp\pytest9\Lib\site-packages\_pytest\runner.py:536: in setup
    col.setup()
tmp\pytest9\Lib\site-packages\_pytest\python.py:1710: in setup
    self._request._fillfixtures()
tmp\pytest9\Lib\site-packages\_pytest\fixtures.py:806: in _fillfixtures
    item.funcargs[argname] = self.getfixturevalue(argname)
                             ^^^^^^^^^^^^^^^^^^^^^^^^^^^^^
tmp\pytest9\Lib\site-packages\_pytest\fixtures.py:630: in getfixturevalue
    fixturedef = self._get_active_fixturedef(argname)
                 ^^^^^^^^^^^^^^^^^^^^^^^^^^^^^^^^^^^^
tmp\pytest9\Lib\site-packages\_pytest\fixtures.py:726: in _get_active_fixturedef
    fixturedef.execute(request=subrequest)
tmp\pytest9\Lib\site-packages\_pytest\fixtures.py:1232: in execute
    result: FixtureValue = ihook.pytest_fixture_setup(
tmp\pytest9\Lib\site-packages\pluggy\_hooks.py:512: in __call__
    return self._hookexec(self.name, self._hookimpls.copy(), kwargs, firstresult)
           ^^^^^^^^^^^^^^^^^^^^^^^^^^^^^^^^^^^^^^^^^^^^^^^^^^^^^^^^^^^^^^^^^^^^^^
tmp\pytest9\Lib\site-packages\pluggy\_manager.py:120: in _hookexec
    return self._inner_hookexec(hook_name, methods, kwargs, firstresult)
           ^^^^^^^^^^^^^^^^^^^^^^^^^^^^^^^^^^^^^^^^^^^^^^^^^^^^^^^^^^^^^
tmp\pytest9\Lib\site-packages\pluggy\_callers.py:53: in run_old_style_hookwrapper
    return result.get_result()
           ^^^^^^^^^^^^^^^^^^^
tmp\pytest9\Lib\site-packages\pluggy\_callers.py:38: in run_old_style_hookwrapper
    res = yield
          ^^^^^
tmp\pytest9\Lib\site-packages\_pytest\setuponly.py:36: in pytest_fixture_setup
    return (yield)
            ^^^^^
tmp\pytest9\Lib\site-packages\_pytest\fixtures.py:1328: in pytest_fixture_setup
    result = call_fixture_func(fixturefunc, request, kwargs)
             ^^^^^^^^^^^^^^^^^^^^^^^^^^^^^^^^^^^^^^^^^^^^^^^
tmp\pytest9\Lib\site-packages\_pytest\fixtures.py:998: in call_fixture_func
    fixture_result = next(generator)
                     ^^^^^^^^^^^^^^^
tmp\pytest9\Lib\site-packages\_pytest\tmpdir.py:300: in tmp_path
    path = _mk_tmp(request, tmp_path_factory)
           ^^^^^^^^^^^^^^^^^^^^^^^^^^^^^^^^^^
tmp\pytest9\Lib\site-packages\_pytest\tmpdir.py:287: in _mk_tmp
    return factory.mktemp(name, numbered=True)
           ^^^^^^^^^^^^^^^^^^^^^^^^^^^^^^^^^^^
tmp\pytest9\Lib\site-packages\_pytest\tmpdir.py:136: in mktemp
    basename = self._ensure_relative_to_basetemp(basename)
               ^^^^^^^^^^^^^^^^^^^^^^^^^^^^^^^^^^^^^^^^^^^
tmp\pytest9\Lib\site-packages\_pytest\tmpdir.py:117: in _ensure_relative_to_basetemp
    if (self.getbasetemp() / basename).resolve().parent != self.getbasetemp():
        ^^^^^^^^^^^^^^^^^^
tmp\pytest9\Lib\site-packages\_pytest\tmpdir.py:213: in getbasetemp
    basetemp = make_numbered_dir_with_cleanup(
tmp\pytest9\Lib\site-packages\_pytest\pathlib.py:420: in make_numbered_dir_with_cleanup
    raise e
tmp\pytest9\Lib\site-packages\_pytest\pathlib.py:401: in make_numbered_dir_with_cleanup
    p = make_numbered_dir(root, prefix, mode)
        ^^^^^^^^^^^^^^^^^^^^^^^^^^^^^^^^^^^^^
tmp\pytest9\Lib\site-packages\_pytest\pathlib.py:228: in make_numbered_dir
    max_existing = max(map(parse_num, find_suffixes(root, prefix)), default=-1)
                   ^^^^^^^^^^^^^^^^^^^^^^^^^^^^^^^^^^^^^^^^^^^^^^^^^^^^^^^^^^^^
tmp\pytest9\Lib\site-packages\_pytest\pathlib.py:187: in extract_suffixes
    for entry in iter:
                 ^^^^
_ _ _ _ _ _ _ _ _ _ _ _ _ _ _ _ _ _ _ _ _ _ _ _ _ _ _ _ _ _ _ _ _ _ _ _ _ _ _ _

root = WindowsPath('C:/Users/Tang Xufeng/AppData/Local/Temp/pytest-of-Tang Xufeng')
prefix = 'pytest-'

    def find_prefixed(root: Path, prefix: str) -&gt; Iterator[os.DirEntry[str]]:
        """Find all elements in root that begin with the prefix, case-insensitive."""
        l_prefix = prefix.lower()
&gt;       for x in os.scandir(root):
                 ^^^^^^^^^^^^^^^^
E       PermissionError: [WinError 5] 拒绝访问。: 'C:\\Users\\Tang Xufeng\\AppData\\Local\\Temp\\pytest-of-Tang Xufeng'

tmp\pytest9\Lib\site-packages\_pytest\pathlib.py:175: PermissionError</error></testcase><testcase classname="tests.test_planar_zigzag_product" name="test_zigzag_cancel_preserves_ready_then_parameter_change_is_stale" time="0.130" /><testcase classname="tests.test_planar_zigzag" name="test_zigzag_clips_hole_and_separates_travel_from_deposition" time="0.014" /><testcase classname="tests.test_planar_zigzag" name="test_empty_or_invalid_input_has_localised_diagnostic" time="0.001" /><testcase classname="tests.test_planar_zigzag" name="test_perimeters_close_each_loop_and_every_transition_is_explicit" time="0.052" /><testcase classname="tests.test_toolpath_contract.ToolpathContractTests" name="test_analytic_tube_truth_is_machine_readable_and_self_consistent" time="0.001" /><testcase classname="tests.test_toolpath_contract.ToolpathContractTests" name="test_exportable_result_requires_ready_status_and_points" time="0.001" /><testcase classname="tests.test_toolpath_contract.ToolpathContractTests" name="test_generated_manifest_round_trip_preserves_public_payload" time="0.001" /><testcase classname="tests.test_toolpath_contract.ToolpathContractTests" name="test_generated_path_adapts_to_existing_preview_segments" time="0.001" /><testcase classname="tests.test_toolpath_contract.ToolpathContractTests" name="test_non_deposition_point_cannot_carry_material" time="0.001" /><testcase classname="tests.test_toolpath_contract.ToolpathContractTests" name="test_toolpath_rejects_duplicate_point_ids" time="0.001" /></testsuite></testsuites>