<?xml version="1.0" encoding="utf-8"?><testsuites name="pytest tests"><testsuite name="pytest" errors="0" failures="0" skipped="0" tests="3" time="2.651" timestamp="2026-09-20T19:05:30.240850+08:00" hostname="BelongtoTXF"><testcase classname="tests.test_fan15_audit" name="test_modal_e_and_inverse_known_quarter_turn" time="0.011" /><testcase classname="tests.test_fan15_audit" name="test_unknown_b_preserves_machine_frame" time="0.008" /><testcase classname="tests.test_fan15_audit" name="test_arc_not_silently_discarded" time="0.004" /></testsuite></testsuites>