<?xml version="1.0" encoding="utf-8"?><testsuites name="pytest tests"><testsuite name="pytest" errors="0" failures="0" skipped="2" tests="5" time="2.959" timestamp="2026-09-20T19:25:22.959685+08:00" hostname="BelongtoTXF"><testcase classname="tests.test_fan15_audit" name="test_modal_e_and_inverse_known_quarter_turn" time="0.011" /><testcase classname="tests.test_fan15_audit" name="test_unknown_b_preserves_machine_frame" time="0.007" /><testcase classname="tests.test_fan15_audit" name="test_arc_not_silently_discarded" time="0.004" /><testcase classname="tests.test_fan15_audit" name="test_nested_positive_solids_require_union_not_hole" time="0.043"><skipped type="pytest.xfail" message="positive nested solids are currently classified as a hole" /></testcase><testcase classname="tests.test_fan15_audit" name="test_straight_pipe_axial_growth_requires_axial_nozzle" time="0.027"><skipped type="pytest.xfail" message="continuous radial nozzle does not implement axial-growth pipe printing" /></testcase></testsuite></testsuites>