<?xml version="1.0" encoding="utf-8"?><testsuites name="pytest tests"><testsuite name="pytest" errors="2" failures="0" skipped="0" tests="177" time="4.444" timestamp="2026-09-13T05:49:19.044419+08:00" hostname="BelongtoTXF"><testcase classname="tests.test_machine_profiles.MachineProfileValidationTests" name="test_branching_inside_one_serial_side_is_rejected" time="0.001" /><testcase classname="tests.test_machine_profiles.MachineProfileValidationTests" name="test_builtin_profiles_are_valid_reference_resources" time="0.001" /><testcase classname="tests.test_machine_profiles.MachineProfileValidationTests" name="test_cycles_are_rejected" time="0.001" /><testcase classname="tests.test_machine_profiles.MachineProfileValidationTests" name="test_duplicate_joint_ids_are_rejected" time="0.001" /><testcase classname="tests.test_machine_profiles.MachineProfileValidationTests" name="test_joint_zero_transform_requires_exact_frame_labels" time="0.001" /><testcase classname="tests.test_machine_profiles.MachineProfileValidationTests" name="test_mount_transform_requires_exact_frame_labels" time="0.001" /><testcase classname="tests.test_machine_profiles.MachineProfileValidationTests" name="test_non_unit_axis_and_reversed_limits_are_rejected" time="0.001" /><testcase classname="tests.test_machine_profiles.MachineProfileValidationTests" name="test_unknown_mount_link_and_surface_are_rejected" time="0.001" /><testcase classname="tests.test_machine_profiles.MachineKinematicsTests" name="test_cartesian_chain_composes_parent_to_child_translations" time="0.001" /><testcase classname="tests.test_machine_profiles.MachineKinematicsTests" name="test_mount_transform_follows_workpiece_chain" time="0.001" /><testcase classname="tests.test_machine_profiles.MachineKinematicsTests" name="test_pipe2_fixed_nozzle_direction_matches_documented_ac_inverse" time="0.001" /><testcase classname="tests.test_machine_profiles.MachineKinematicsTests" name="test_rotation_center_remains_fixed" time="0.001" /><testcase classname="tests.test_machine_profiles.MachineKinematicsTests" name="test_soft_limits_are_enforced_during_forward_kinematics" time="0.001" /><testcase classname="tests.test_machine_profiles.MachineKinematicsTests" name="test_unknown_joint_position_is_rejected" time="0.001" /><testcase classname="tests.test_machine_profiles.MachineKinematicsTests" name="test_xyzac_uses_a_then_c_workpiece_chain" time="0.001" /><testcase classname="tests.test_machine_profiles.MachineSerializationTests" name="test_controller_values_apply_zero_offset_and_units" time="0.001" /><testcase classname="tests.test_machine_profiles.MachineSerializationTests" name="test_machine_profile_json_rejects_empty_rigid_frame_labels" time="0.002" /><testcase classname="tests.test_machine_profiles.MachineSerializationTests" name="test_machine_profile_json_round_trip_is_lossless" time="0.001" /><testcase classname="tests.test_machine_profiles.MachineSerializationTests" name="test_missing_post_axis_map_fails_closed_when_queried_updated_or_encoded" time="0.001" /><testcase classname="tests.test_machine_profiles.MachineSerializationTests" name="test_post_axis_map_converts_internal_radians_to_degrees" time="0.000" /><testcase classname="tests.test_machine_profiles.MachineSerializationTests" name="test_reference_only_requires_a_json_boolean_and_defaults_true" time="0.002" /><testcase classname="tests.test_machine_profiles.MachineSerializationTests" name="test_rotary_axis_word_json_round_trip_normalises_lowercase" time="0.001" /><testcase classname="tests.test_machine_profiles.MachineSerializationTests" name="test_rotary_axis_word_update_fails_closed_for_invalid_targets_and_words" time="0.002" /><testcase classname="tests.test_machine_profiles.MachineSerializationTests" name="test_rotary_axis_words_are_read_only_and_update_without_changing_kinematics" time="0.001" /><testcase classname="tests.test_generated_gcode_readback" name="test_handwritten_material_and_terminal_event_truth" time="0.001" /><testcase classname="tests.test_generated_gcode_readback" name="test_writer_preserves_events_including_after_last_point_and_sets_initial_e" time="0.002" /><testcase classname="tests.test_generated_gcode_readback" name="test_writer_audits_custom_rotary_words_and_readback_checks_them" time="0.002" /><testcase classname="tests.test_generated_gcode_readback" name="test_all_generated_workbenches_use_the_shared_axis_word_writer_and_readback" time="0.000" /><testcase classname="tests.test_generated_gcode_readback" name="test_all_five_audit_mutations_are_rejected[extrusion_x2]" time="0.001" /><testcase classname="tests.test_generated_gcode_readback" name="test_all_five_audit_mutations_are_rejected[relative_axes]" time="0.001" /><testcase classname="tests.test_generated_gcode_readback" name="test_all_five_audit_mutations_are_rejected[relative_extrusion]" time="0.001" /><testcase classname="tests.test_generated_gcode_readback" name="test_all_five_audit_mutations_are_rejected[events_removed]" time="0.001" /><testcase classname="tests.test_generated_gcode_readback" name="test_all_five_audit_mutations_are_rejected[unmarked_move]" time="0.001" /><testcase classname="tests.test_generated_gcode_readback" name="test_complete_instruction_stream_and_each_event_are_checked[G21\n-]" time="0.001" /><testcase classname="tests.test_generated_gcode_readback" name="test_complete_instruction_stream_and_each_event_are_checked[G21-G20]" time="0.001" /><testcase classname="tests.test_generated_gcode_readback" name="test_complete_instruction_stream_and_each_event_are_checked[G90\n-]" time="0.001" /><testcase classname="tests.test_generated_gcode_readback" name="test_complete_instruction_stream_and_each_event_are_checked[M82\n-]" time="0.001" /><testcase classname="tests.test_generated_gcode_readback" name="test_complete_instruction_stream_and_each_event_are_checked[G92 E0\n-]" time="0.001" /><testcase classname="tests.test_generated_gcode_readback" name="test_complete_instruction_stream_and_each_event_are_checked[G92 E0-G92 E5]" time="0.001" /><testcase classname="tests.test_generated_gcode_readback" name="test_complete_instruction_stream_and_each_event_are_checked[G1 X3-G91\nG90\nG1 X3]" time="0.001" /><testcase classname="tests.test_generated_gcode_readback" name="test_complete_instruction_stream_and_each_event_are_checked[G1 X3-G92 E0\nG1 X3]" time="0.001" /><testcase classname="tests.test_generated_gcode_readback" name="test_complete_instruction_stream_and_each_event_are_checked[E3.75 F60\n; T08 EVENT retract1-E4.75 F60\n; T08 EVENT retract1]" time="0.001" /><testcase classname="tests.test_generated_gcode_readback" name="test_complete_instruction_stream_and_each_event_are_checked[G1 E3 F60-G1 E3.1 F60]" time="0.001" /><testcase classname="tests.test_generated_gcode_readback" name="test_complete_instruction_stream_and_each_event_are_checked[G1 E0.75 F60-G1 E0.75 F61]" time="0.001" /><testcase classname="tests.test_generated_gcode_readback" name="test_complete_instruction_stream_and_each_event_are_checked[G1 X4 Y2-G1 X4 Y5]" time="0.001" /><testcase classname="tests.test_generated_gcode_readback" name="test_complete_instruction_stream_and_each_event_are_checked[G1 X4 Y2-G1 X4 X4 Y2]" time="0.001" /><testcase classname="tests.test_generated_gcode_readback" name="test_complete_instruction_stream_and_each_event_are_checked[G1 X3 Y2-G1 X3 E3 Y2]" time="0.001" /><testcase classname="tests.test_generated_gcode_readback" name="test_complete_instruction_stream_and_each_event_are_checked[G1 X3 Y2-G1 X3 U0 Y2]" time="0.001" /><testcase classname="tests.test_generated_gcode_readback" name="test_complete_instruction_stream_and_each_event_are_checked[G1 X3 Y2-G1 Xnan Y2]" time="0.001" /><testcase classname="tests.test_generated_gcode_readback" name="test_complete_instruction_stream_and_each_event_are_checked[G1 X3 Y2-G1 Xinf Y2]" time="0.001" /><testcase classname="tests.test_generated_gcode_readback" name="test_complete_instruction_stream_and_each_event_are_checked[G1 X3 Y2-G1 X3 Y2 BAD]" time="0.001" /><testcase classname="tests.test_generated_gcode_readback" name="test_complete_instruction_stream_and_each_event_are_checked[G1 X3 Y2-G0 X3 Y2]" time="0.001" /><testcase classname="tests.test_generated_gcode_readback" name="test_complete_instruction_stream_and_each_event_are_checked[; T08 POINT 4 p4-; T08 POINT 3 p4]" time="0.001" /><testcase classname="tests.test_generated_gcode_readback" name="test_complete_instruction_stream_and_each_event_are_checked[; T08 POINT 4 p4-; T08 POINT 4 p2]" time="0.001" /><testcase classname="tests.test_generated_gcode_readback" name="test_complete_instruction_stream_and_each_event_are_checked[; T08 EVENT prime2 prime-; T08 EVENT prime1 prime]" time="0.001" /><testcase classname="tests.test_generated_gcode_readback" name="test_complete_instruction_stream_and_each_event_are_checked[; T08 EVENT done finish\n-]" time="0.001" /><testcase classname="tests.test_generated_gcode_readback" name="test_complete_instruction_stream_and_each_event_are_checked[M400\n-]" time="0.001" /><testcase classname="tests.test_generated_gcode_readback" name="test_complete_instruction_stream_and_each_event_are_checked[M2\n-]" time="0.001" /><testcase classname="tests.test_generated_gcode_readback" name="test_complete_instruction_stream_and_each_event_are_checked[M400\nM2-M2\nM400]" time="0.001" /><testcase classname="tests.test_generated_gcode_readback" name="test_complete_instruction_stream_and_each_event_are_checked[M2\n-M2\nG1 X999 F60\n]" time="0.001" /><testcase classname="tests.test_generated_gcode_readback" name="test_finish_moved_before_motion_is_rejected" time="0.001" /><testcase classname="tests.test_generated_gcode_readback" name="test_small_and_zero_volume_deposition_are_not_confused_with_missing_extrusion[1e-06]" time="0.001" /><testcase classname="tests.test_generated_gcode_readback" name="test_small_and_zero_volume_deposition_are_not_confused_with_missing_extrusion[1e-12]" time="0.001" /><testcase classname="tests.test_generated_gcode_readback" name="test_small_and_zero_volume_deposition_are_not_confused_with_missing_extrusion[1e-16]" time="0.001" /><testcase classname="tests.test_generated_gcode_readback" name="test_small_and_zero_volume_deposition_are_not_confused_with_missing_extrusion[0.0]" time="0.001" /><testcase classname="tests.test_generated_gcode_readback" name="test_wrong_filament_diameter_is_detected" time="0.001" /><testcase classname="tests.test_generated_gcode_readback" name="test_marker_tag_and_fractional_feed_are_preserved" time="0.001" /><testcase classname="tests.test_generated_gcode_readback" name="test_ambiguous_or_wrong_signed_extrusion_events_cannot_be_emitted[context0]" time="0.001" /><testcase classname="tests.test_generated_gcode_readback" name="test_ambiguous_or_wrong_signed_extrusion_events_cannot_be_emitted[context1]" time="0.001" /><testcase classname="tests.test_generated_gcode_readback" name="test_ambiguous_or_wrong_signed_extrusion_events_cannot_be_emitted[context2]" time="0.001" /><testcase classname="tests.test_generated_gcode_readback" name="test_ambiguous_or_wrong_signed_extrusion_events_cannot_be_emitted[context3]" time="0.001" /><testcase classname="tests.test_generated_gcode_readback" name="test_ambiguous_or_wrong_signed_extrusion_events_cannot_be_emitted[context4]" time="0.001" /><testcase classname="tests.test_generated_gcode_readback" name="test_ambiguous_or_wrong_signed_extrusion_events_cannot_be_emitted[context5]" time="0.001" /><testcase classname="tests.test_generated_gcode_readback" name="test_finish_with_explicit_early_sequence_cannot_be_emitted" time="0.001" /><testcase classname="tests.test_command_kernel.CommandKernelTests" name="test_busy_guard_and_strict_command_signature" time="0.001" /><testcase classname="tests.test_command_kernel.CommandKernelTests" name="test_coordinate_and_placement_commands_reach_coordinates_valid" time="0.006" /><testcase classname="tests.test_command_kernel.CommandKernelTests" name="test_draft_guard_internal_apply_and_discard_semantics" time="0.002" /><testcase classname="tests.test_command_kernel.CommandKernelTests" name="test_external_state_detection_rebind_and_bounded_history" time="0.003" /><testcase classname="tests.test_command_kernel.CommandKernelTests" name="test_failed_domain_or_persistence_does_not_publish_candidate" time="0.001" /><testcase classname="tests.test_command_kernel.CommandKernelTests" name="test_notification_failure_does_not_reverse_a_committed_command" time="0.003" /><testcase classname="tests.test_command_kernel.CommandKernelTests" name="test_persistence_observes_candidate_before_live_publication" time="0.001" /><testcase classname="tests.test_command_kernel.CommandKernelTests" name="test_query_alias_revision_and_operation_update" time="0.001" /><testcase classname="tests.test_command_kernel.CommandKernelTests" name="test_resource_overrides_are_replay_stable_and_library_read_only" time="0.024" /><testcase classname="tests.test_command_kernel.CommandKernelTests" name="test_rotary_axis_words_are_a_transactional_machine_command" time="0.015" /><testcase classname="tests.test_command_kernel.CommandKernelTests" name="test_transaction_undo_redo_and_new_branch" time="0.002" /><testcase classname="tests.test_command_kernel.CommandKernelTests" name="test_validation_report_is_computed_before_persistence_and_publication" time="0.001" /><testcase classname="tests.test_restricted_script.RestrictedScriptTests" name="test_accepts_blank_or_comment_only_script" time="0.001" /><testcase classname="tests.test_restricted_script.RestrictedScriptTests" name="test_enforces_source_call_and_depth_limits" time="0.010" /><testcase classname="tests.test_restricted_script.RestrictedScriptTests" name="test_maps_every_chinese_alias_to_canonical_name" time="0.001" /><testcase classname="tests.test_restricted_script.RestrictedScriptTests" name="test_parses_calls_and_json_like_literals" time="0.001" /><testcase classname="tests.test_restricted_script.RestrictedScriptTests" name="test_parses_english_and_chinese_transactions" time="0.001" /><testcase classname="tests.test_restricted_script.RestrictedScriptTests" name="test_parses_rotary_axis_word_mapping_without_executing_python" time="0.001" /><testcase classname="tests.test_restricted_script.RestrictedScriptTests" name="test_rejects_invalid_literal_values" time="0.002" /><testcase classname="tests.test_restricted_script.RestrictedScriptTests" name="test_rejects_python_execution_surfaces" time="0.003" /><testcase classname="tests.test_restricted_script.RestrictedScriptTests" name="test_rejects_transaction_misuse" time="0.002" /><testcase classname="tests.test_restricted_script.RestrictedScriptTests" name="test_rejects_unknown_or_mixed_commands" time="0.001" /><testcase classname="tests.test_restricted_script.RestrictedScriptTests" name="test_reports_one_based_character_locations" time="0.001" /><testcase classname="tests.test_restricted_script.RestrictedScriptTests" name="test_syntax_error_has_stable_location" time="0.001" /><testcase classname="tests.test_tube_t12_integration" name="test_fork_shares_cancel_event_but_keeps_product_state_and_result_isolated" time="0.001" /><testcase classname="tests.test_tube_t12_integration" name="test_stale_or_error_product_cannot_export[stale]" time="0.001" /><testcase classname="tests.test_tube_t12_integration" name="test_stale_or_error_product_cannot_export[error]" time="0.001" /><testcase classname="tests.test_tube_t12_integration" name="test_command_provider_generation_failure_is_error_payload_and_project_only" time="0.000" /><testcase classname="tests.test_tube_t12_integration" name="test_automation_tube_routes_forward_minimal_payloads" time="0.000" /><testcase classname="tests.test_tube_t12_integration" name="test_global_axis_map_route_forwards_to_shared_machine_command" time="0.000" /><testcase classname="tests.test_tube_t12_integration" name="test_shared_machine_publish_updates_every_loaded_workbench_and_kernel_epoch" time="0.013" /><testcase classname="tests.test_tube_t12_integration" name="test_shared_machine_publish_finishes_all_syncs_when_an_early_refresh_fails" time="0.007" /><testcase classname="tests.test_own_printer" name="test_paper_values_unknown_limits_and_portable_file" time="0.002" /><testcase classname="tests.test_own_printer" name="test_foreign_or_invalid_file_is_rejected[payload0]" time="0.000" /><testcase classname="tests.test_own_printer" name="test_foreign_or_invalid_file_is_rejected[payload1]" time="0.000" /><testcase classname="tests.test_own_printer" name="test_foreign_or_invalid_file_is_rejected[payload2]" time="0.000" /><testcase classname="tests.test_own_printer" name="test_saved_projects_keep_machine_or_explicit_empty_setup" time="0.008" /><testcase classname="tests.test_own_printer" name="test_ui_default_customize_reload_and_apply" time="0.008"><error message="failed on setup with &quot;PermissionError: [WinError 5] 拒绝访问。: 'C:\\Users\\Tang Xufeng\\AppData\\Local\\Temp\\pytest-of-Tang Xufeng'&quot;">cls = &lt;class '_pytest.runner.CallInfo'&gt;
func = &lt;function call_and_report.&lt;locals&gt;.&lt;lambda&gt; at 0x0000027CDA37B060&gt;
when = 'setup'
reraise = (&lt;class '_pytest.outcomes.Exit'&gt;, &lt;class 'KeyboardInterrupt'&gt;)

    @classmethod
    def from_call(
        cls,
        func: Callable[[], TResult],
        when: Literal["collect", "setup", "call", "teardown"],
        reraise: type[BaseException] | tuple[type[BaseException], ...] | None = None,
    ) -&gt; CallInfo[TResult]:
        """Call func, wrapping the result in a CallInfo.
    
        :param func:
            The function to call. Called without arguments.
        :type func: Callable[[], _pytest.runner.TResult]
        :param when:
            The phase in which the function is called.
        :param reraise:
            Exception or exceptions that shall propagate if raised by the
            function, instead of being wrapped in the CallInfo.
        """
        excinfo = None
        instant = timing.Instant()
        try:
&gt;           result: TResult | None = func()
                                     ^^^^^^

tmp\pytest9\Lib\site-packages\_pytest\runner.py:361: 
_ _ _ _ _ _ _ _ _ _ _ _ _ _ _ _ _ _ _ _ _ _ _ _ _ _ _ _ _ _ _ _ _ _ _ _ _ _ _ _
tmp\pytest9\Lib\site-packages\_pytest\runner.py:250: in &lt;lambda&gt;
    lambda: runtest_hook(item=item, **kwds),
            ^^^^^^^^^^^^^^^^^^^^^^^^^^^^^^^
tmp\pytest9\Lib\site-packages\pluggy\_hooks.py:512: in __call__
    return self._hookexec(self.name, self._hookimpls.copy(), kwargs, firstresult)
           ^^^^^^^^^^^^^^^^^^^^^^^^^^^^^^^^^^^^^^^^^^^^^^^^^^^^^^^^^^^^^^^^^^^^^^
tmp\pytest9\Lib\site-packages\pluggy\_manager.py:120: in _hookexec
    return self._inner_hookexec(hook_name, methods, kwargs, firstresult)
           ^^^^^^^^^^^^^^^^^^^^^^^^^^^^^^^^^^^^^^^^^^^^^^^^^^^^^^^^^^^^^
tmp\pytest9\Lib\site-packages\_pytest\logging.py:858: in pytest_runtest_setup
    yield
tmp\pytest9\Lib\site-packages\_pytest\capture.py:895: in pytest_runtest_setup
    return (yield)
            ^^^^^
tmp\pytest9\Lib\site-packages\_pytest\runner.py:170: in pytest_runtest_setup
    item.session._setupstate.setup(item)
tmp\pytest9\Lib\site-packages\_pytest\runner.py:536: in setup
    col.setup()
tmp\pytest9\Lib\site-packages\_pytest\python.py:1710: in setup
    self._request._fillfixtures()
tmp\pytest9\Lib\site-packages\_pytest\fixtures.py:806: in _fillfixtures
    item.funcargs[argname] = self.getfixturevalue(argname)
                             ^^^^^^^^^^^^^^^^^^^^^^^^^^^^^
tmp\pytest9\Lib\site-packages\_pytest\fixtures.py:630: in getfixturevalue
    fixturedef = self._get_active_fixturedef(argname)
                 ^^^^^^^^^^^^^^^^^^^^^^^^^^^^^^^^^^^^
tmp\pytest9\Lib\site-packages\_pytest\fixtures.py:726: in _get_active_fixturedef
    fixturedef.execute(request=subrequest)
tmp\pytest9\Lib\site-packages\_pytest\fixtures.py:1232: in execute
    result: FixtureValue = ihook.pytest_fixture_setup(
tmp\pytest9\Lib\site-packages\pluggy\_hooks.py:512: in __call__
    return self._hookexec(self.name, self._hookimpls.copy(), kwargs, firstresult)
           ^^^^^^^^^^^^^^^^^^^^^^^^^^^^^^^^^^^^^^^^^^^^^^^^^^^^^^^^^^^^^^^^^^^^^^
tmp\pytest9\Lib\site-packages\pluggy\_manager.py:120: in _hookexec
    return self._inner_hookexec(hook_name, methods, kwargs, firstresult)
           ^^^^^^^^^^^^^^^^^^^^^^^^^^^^^^^^^^^^^^^^^^^^^^^^^^^^^^^^^^^^^
tmp\pytest9\Lib\site-packages\pluggy\_callers.py:53: in run_old_style_hookwrapper
    return result.get_result()
           ^^^^^^^^^^^^^^^^^^^
tmp\pytest9\Lib\site-packages\pluggy\_callers.py:38: in run_old_style_hookwrapper
    res = yield
          ^^^^^
tmp\pytest9\Lib\site-packages\_pytest\setuponly.py:36: in pytest_fixture_setup
    return (yield)
            ^^^^^
tmp\pytest9\Lib\site-packages\_pytest\fixtures.py:1328: in pytest_fixture_setup
    result = call_fixture_func(fixturefunc, request, kwargs)
             ^^^^^^^^^^^^^^^^^^^^^^^^^^^^^^^^^^^^^^^^^^^^^^^
tmp\pytest9\Lib\site-packages\_pytest\fixtures.py:998: in call_fixture_func
    fixture_result = next(generator)
                     ^^^^^^^^^^^^^^^
tmp\pytest9\Lib\site-packages\_pytest\tmpdir.py:300: in tmp_path
    path = _mk_tmp(request, tmp_path_factory)
           ^^^^^^^^^^^^^^^^^^^^^^^^^^^^^^^^^^
tmp\pytest9\Lib\site-packages\_pytest\tmpdir.py:287: in _mk_tmp
    return factory.mktemp(name, numbered=True)
           ^^^^^^^^^^^^^^^^^^^^^^^^^^^^^^^^^^^
tmp\pytest9\Lib\site-packages\_pytest\tmpdir.py:136: in mktemp
    basename = self._ensure_relative_to_basetemp(basename)
               ^^^^^^^^^^^^^^^^^^^^^^^^^^^^^^^^^^^^^^^^^^^
tmp\pytest9\Lib\site-packages\_pytest\tmpdir.py:117: in _ensure_relative_to_basetemp
    if (self.getbasetemp() / basename).resolve().parent != self.getbasetemp():
        ^^^^^^^^^^^^^^^^^^
tmp\pytest9\Lib\site-packages\_pytest\tmpdir.py:213: in getbasetemp
    basetemp = make_numbered_dir_with_cleanup(
tmp\pytest9\Lib\site-packages\_pytest\pathlib.py:420: in make_numbered_dir_with_cleanup
    raise e
tmp\pytest9\Lib\site-packages\_pytest\pathlib.py:401: in make_numbered_dir_with_cleanup
    p = make_numbered_dir(root, prefix, mode)
        ^^^^^^^^^^^^^^^^^^^^^^^^^^^^^^^^^^^^^
tmp\pytest9\Lib\site-packages\_pytest\pathlib.py:228: in make_numbered_dir
    max_existing = max(map(parse_num, find_suffixes(root, prefix)), default=-1)
                   ^^^^^^^^^^^^^^^^^^^^^^^^^^^^^^^^^^^^^^^^^^^^^^^^^^^^^^^^^^^^
tmp\pytest9\Lib\site-packages\_pytest\pathlib.py:187: in extract_suffixes
    for entry in iter:
                 ^^^^
_ _ _ _ _ _ _ _ _ _ _ _ _ _ _ _ _ _ _ _ _ _ _ _ _ _ _ _ _ _ _ _ _ _ _ _ _ _ _ _

root = WindowsPath('C:/Users/Tang Xufeng/AppData/Local/Temp/pytest-of-Tang Xufeng')
prefix = 'pytest-'

    def find_prefixed(root: Path, prefix: str) -&gt; Iterator[os.DirEntry[str]]:
        """Find all elements in root that begin with the prefix, case-insensitive."""
        l_prefix = prefix.lower()
&gt;       for x in os.scandir(root):
                 ^^^^^^^^^^^^^^^^
E       PermissionError: [WinError 5] 拒绝访问。: 'C:\\Users\\Tang Xufeng\\AppData\\Local\\Temp\\pytest-of-Tang Xufeng'

tmp\pytest9\Lib\site-packages\_pytest\pathlib.py:175: PermissionError</error></testcase><testcase classname="tests.test_own_printer" name="test_rotary_axis_word_dialog_exposes_only_output_words_and_read_only_kinematics" time="0.018" /><testcase classname="tests.test_own_printer" name="test_rotary_axis_word_remap_rejects_incomplete_invalid_and_duplicate_words" time="0.001" /><testcase classname="tests.test_own_printer" name="test_rotary_axis_word_action_saves_selects_and_applies_through_page_command" time="0.003"><error message="failed on setup with &quot;PermissionError: [WinError 5] 拒绝访问。: 'C:\\Users\\Tang Xufeng\\AppData\\Local\\Temp\\pytest-of-Tang Xufeng'&quot;">cls = &lt;class '_pytest.runner.CallInfo'&gt;
func = &lt;function call_and_report.&lt;locals&gt;.&lt;lambda&gt; at 0x0000027CDA3DF2E0&gt;
when = 'setup'
reraise = (&lt;class '_pytest.outcomes.Exit'&gt;, &lt;class 'KeyboardInterrupt'&gt;)

    @classmethod
    def from_call(
        cls,
        func: Callable[[], TResult],
        when: Literal["collect", "setup", "call", "teardown"],
        reraise: type[BaseException] | tuple[type[BaseException], ...] | None = None,
    ) -&gt; CallInfo[TResult]:
        """Call func, wrapping the result in a CallInfo.
    
        :param func:
            The function to call. Called without arguments.
        :type func: Callable[[], _pytest.runner.TResult]
        :param when:
            The phase in which the function is called.
        :param reraise:
            Exception or exceptions that shall propagate if raised by the
            function, instead of being wrapped in the CallInfo.
        """
        excinfo = None
        instant = timing.Instant()
        try:
&gt;           result: TResult | None = func()
                                     ^^^^^^

tmp\pytest9\Lib\site-packages\_pytest\runner.py:361: 
_ _ _ _ _ _ _ _ _ _ _ _ _ _ _ _ _ _ _ _ _ _ _ _ _ _ _ _ _ _ _ _ _ _ _ _ _ _ _ _
tmp\pytest9\Lib\site-packages\_pytest\runner.py:250: in &lt;lambda&gt;
    lambda: runtest_hook(item=item, **kwds),
            ^^^^^^^^^^^^^^^^^^^^^^^^^^^^^^^
tmp\pytest9\Lib\site-packages\pluggy\_hooks.py:512: in __call__
    return self._hookexec(self.name, self._hookimpls.copy(), kwargs, firstresult)
           ^^^^^^^^^^^^^^^^^^^^^^^^^^^^^^^^^^^^^^^^^^^^^^^^^^^^^^^^^^^^^^^^^^^^^^
tmp\pytest9\Lib\site-packages\pluggy\_manager.py:120: in _hookexec
    return self._inner_hookexec(hook_name, methods, kwargs, firstresult)
           ^^^^^^^^^^^^^^^^^^^^^^^^^^^^^^^^^^^^^^^^^^^^^^^^^^^^^^^^^^^^^
tmp\pytest9\Lib\site-packages\_pytest\logging.py:858: in pytest_runtest_setup
    yield
tmp\pytest9\Lib\site-packages\_pytest\capture.py:895: in pytest_runtest_setup
    return (yield)
            ^^^^^
tmp\pytest9\Lib\site-packages\_pytest\runner.py:170: in pytest_runtest_setup
    item.session._setupstate.setup(item)
tmp\pytest9\Lib\site-packages\_pytest\runner.py:536: in setup
    col.setup()
tmp\pytest9\Lib\site-packages\_pytest\python.py:1710: in setup
    self._request._fillfixtures()
tmp\pytest9\Lib\site-packages\_pytest\fixtures.py:806: in _fillfixtures
    item.funcargs[argname] = self.getfixturevalue(argname)
                             ^^^^^^^^^^^^^^^^^^^^^^^^^^^^^
tmp\pytest9\Lib\site-packages\_pytest\fixtures.py:630: in getfixturevalue
    fixturedef = self._get_active_fixturedef(argname)
                 ^^^^^^^^^^^^^^^^^^^^^^^^^^^^^^^^^^^^
tmp\pytest9\Lib\site-packages\_pytest\fixtures.py:726: in _get_active_fixturedef
    fixturedef.execute(request=subrequest)
tmp\pytest9\Lib\site-packages\_pytest\fixtures.py:1232: in execute
    result: FixtureValue = ihook.pytest_fixture_setup(
tmp\pytest9\Lib\site-packages\pluggy\_hooks.py:512: in __call__
    return self._hookexec(self.name, self._hookimpls.copy(), kwargs, firstresult)
           ^^^^^^^^^^^^^^^^^^^^^^^^^^^^^^^^^^^^^^^^^^^^^^^^^^^^^^^^^^^^^^^^^^^^^^
tmp\pytest9\Lib\site-packages\pluggy\_manager.py:120: in _hookexec
    return self._inner_hookexec(hook_name, methods, kwargs, firstresult)
           ^^^^^^^^^^^^^^^^^^^^^^^^^^^^^^^^^^^^^^^^^^^^^^^^^^^^^^^^^^^^^
tmp\pytest9\Lib\site-packages\pluggy\_callers.py:53: in run_old_style_hookwrapper
    return result.get_result()
           ^^^^^^^^^^^^^^^^^^^
tmp\pytest9\Lib\site-packages\pluggy\_callers.py:38: in run_old_style_hookwrapper
    res = yield
          ^^^^^
tmp\pytest9\Lib\site-packages\_pytest\setuponly.py:36: in pytest_fixture_setup
    return (yield)
            ^^^^^
tmp\pytest9\Lib\site-packages\_pytest\fixtures.py:1328: in pytest_fixture_setup
    result = call_fixture_func(fixturefunc, request, kwargs)
             ^^^^^^^^^^^^^^^^^^^^^^^^^^^^^^^^^^^^^^^^^^^^^^^
tmp\pytest9\Lib\site-packages\_pytest\fixtures.py:998: in call_fixture_func
    fixture_result = next(generator)
                     ^^^^^^^^^^^^^^^
tmp\pytest9\Lib\site-packages\_pytest\tmpdir.py:300: in tmp_path
    path = _mk_tmp(request, tmp_path_factory)
           ^^^^^^^^^^^^^^^^^^^^^^^^^^^^^^^^^^
tmp\pytest9\Lib\site-packages\_pytest\tmpdir.py:287: in _mk_tmp
    return factory.mktemp(name, numbered=True)
           ^^^^^^^^^^^^^^^^^^^^^^^^^^^^^^^^^^^
tmp\pytest9\Lib\site-packages\_pytest\tmpdir.py:136: in mktemp
    basename = self._ensure_relative_to_basetemp(basename)
               ^^^^^^^^^^^^^^^^^^^^^^^^^^^^^^^^^^^^^^^^^^^
tmp\pytest9\Lib\site-packages\_pytest\tmpdir.py:117: in _ensure_relative_to_basetemp
    if (self.getbasetemp() / basename).resolve().parent != self.getbasetemp():
        ^^^^^^^^^^^^^^^^^^
tmp\pytest9\Lib\site-packages\_pytest\tmpdir.py:213: in getbasetemp
    basetemp = make_numbered_dir_with_cleanup(
tmp\pytest9\Lib\site-packages\_pytest\pathlib.py:420: in make_numbered_dir_with_cleanup
    raise e
tmp\pytest9\Lib\site-packages\_pytest\pathlib.py:401: in make_numbered_dir_with_cleanup
    p = make_numbered_dir(root, prefix, mode)
        ^^^^^^^^^^^^^^^^^^^^^^^^^^^^^^^^^^^^^
tmp\pytest9\Lib\site-packages\_pytest\pathlib.py:228: in make_numbered_dir
    max_existing = max(map(parse_num, find_suffixes(root, prefix)), default=-1)
                   ^^^^^^^^^^^^^^^^^^^^^^^^^^^^^^^^^^^^^^^^^^^^^^^^^^^^^^^^^^^^
tmp\pytest9\Lib\site-packages\_pytest\pathlib.py:187: in extract_suffixes
    for entry in iter:
                 ^^^^
_ _ _ _ _ _ _ _ _ _ _ _ _ _ _ _ _ _ _ _ _ _ _ _ _ _ _ _ _ _ _ _ _ _ _ _ _ _ _ _

root = WindowsPath('C:/Users/Tang Xufeng/AppData/Local/Temp/pytest-of-Tang Xufeng')
prefix = 'pytest-'

    def find_prefixed(root: Path, prefix: str) -&gt; Iterator[os.DirEntry[str]]:
        """Find all elements in root that begin with the prefix, case-insensitive."""
        l_prefix = prefix.lower()
&gt;       for x in os.scandir(root):
                 ^^^^^^^^^^^^^^^^
E       PermissionError: [WinError 5] 拒绝访问。: 'C:\\Users\\Tang Xufeng\\AppData\\Local\\Temp\\pytest-of-Tang Xufeng'

tmp\pytest9\Lib\site-packages\_pytest\pathlib.py:175: PermissionError</error></testcase><testcase classname="tests.test_tube_resource_library_ui.ResourceLibraryControllerTests" name="test_catalog_combines_builtins_and_user_profiles_without_shadowing" time="0.027" /><testcase classname="tests.test_tube_resource_library_ui.ResourceLibraryControllerTests" name="test_deeply_corrupt_matching_entry_is_isolated_during_snapshot_audit" time="0.018" /><testcase classname="tests.test_tube_resource_library_ui.ResourceLibraryControllerTests" name="test_diverged_and_missing_library_entries_warn_and_retain_snapshot" time="0.024" /><testcase classname="tests.test_tube_resource_library_ui.ResourceLibraryUiTests" name="test_applied_page_actions_use_injected_command_executor" time="0.114" /><testcase classname="tests.test_tube_resource_library_ui.ResourceLibraryUiTests" name="test_damaged_user_entry_does_not_block_page_startup" time="0.026" /><testcase classname="tests.test_tube_resource_library_ui.ResourceLibraryUiTests" name="test_diverged_project_snapshot_is_a_distinct_selected_choice" time="0.046" /><testcase classname="tests.test_tube_resource_library_ui.ResourceLibraryUiTests" name="test_page_lists_user_resources_and_keeps_editor_copies_in_project" time="0.071" /></testsuite></testsuites>