<?xml version="1.0" encoding="utf-8"?><testsuites name="pytest tests"><testsuite name="pytest" errors="0" failures="0" skipped="0" tests="12" time="5.060" timestamp="2026-09-12T07:55:24.919209+08:00" hostname="BelongtoTXF"><testcase classname="tests.test_planar_offset" name="test_square_multi_pass_has_independent_area_truth_and_residual" time="0.009" /><testcase classname="tests.test_planar_offset" name="test_hole_and_concave_domain_keep_valid_offset_boundaries" time="0.021" /><testcase classname="tests.test_planar_offset" name="test_narrow_neck_splits_stably_and_regions_are_aggregated_by_id" time="0.028" /><testcase classname="tests.test_planar_offset" name="test_disappearing_narrow_region_returns_partial_passes_and_diagnostic" time="0.003" /><testcase classname="tests.test_planar_offset" name="test_self_intersection_and_bad_hole_topology_are_localised_before_occt" time="0.000" /><testcase classname="tests.test_planar_offset" name="test_residual_small_island_is_measured_and_invalid_parameters_fail" time="0.004" /><testcase classname="tests.test_planar_offset" name="test_consecutive_duplicate_vertex_is_cleaned_before_offset" time="0.004" /><testcase classname="tests.test_planar_path_products" name="test_offset_product_generates_multiple_passes_reads_back_and_exports" time="0.071" /><testcase classname="tests.test_planar_path_products" name="test_controller_generates_and_exports_offset_product" time="0.059" /><testcase classname="tests.test_planar_path_products" name="test_offset_product_handles_holes_concavity_multiple_islands_and_split_necks" time="2.191" /><testcase classname="tests.test_planar_path_products" name="test_offset_partial_disappearance_is_warning_and_remains_exportable" time="0.059" /><testcase classname="tests.test_planar_path_products" name="test_offset_complete_disappearance_sets_controller_error_and_blocks_export" time="0.010" /></testsuite></testsuites>