<?xml version="1.0" encoding="utf-8"?><testsuites name="pytest tests"><testsuite name="pytest" errors="0" failures="3" skipped="0" tests="116" time="20.344" timestamp="2026-09-12T19:11:01.878652+08:00" hostname="BelongtoTXF"><testcase classname="tests.test_planar_controller" name="test_controller_persists_operations_and_stable_body_reference" time="0.002" /><testcase classname="tests.test_planar_controller" name="test_model_from_build_uses_confirmed_setup_coordinate_definitions" time="0.001" /><testcase classname="tests.test_planar_controller" name="test_source_update_rebind_failure_keeps_reference_and_marks_invalid" time="0.001" /><testcase classname="tests.test_planar_controller" name="test_setup_change_marks_every_operation_dirty" time="0.000" /><testcase classname="tests.test_planar_commands" name="test_planar_commands_publish_and_undo_through_shared_kernel" time="0.001" /><testcase classname="tests.test_planar_commands" name="test_restricted_planar_script_uses_the_same_command_provider" time="0.006" /><testcase classname="tests.test_planar_commands" name="test_undo_restores_the_runtime_result_after_parameter_change" time="0.146" /><testcase classname="tests.test_planar_commands" name="test_cancel_command_reaches_the_active_generation_candidate" time="0.129" /><testcase classname="tests.test_planar_automation" name="test_planar_routes_use_the_shared_command_entrypoint" time="0.003"><failure message="AssertionError: assert ({'code': 'SE...ssing'}}, ...) == []&#10;  &#10;  Left contains 7 more items, first extra item: {'code': 'SETUP_PART_MISSING', 'severity': 'error', 'object_id': 'setup-1', 'context': {'node': 'part', 'state': 'missing'}}&#10;  Use -v to get more diff">def test_planar_routes_use_the_shared_command_entrypoint():
        window = _Window()
        router = AutomationRouter(window)
    
        state = router.dispatch("/planar/state", {})
        created = router.dispatch(
            "/planar/operation/create",
            {"operation_type": "planar_region", "operation_id": "op-1", "name": "Floor"},
        )
        updated = router.dispatch(
            "/planar/operation/set",
            {
                "operation_id": "op-1",
                "name": "Floor 2",
                "enabled": False,
                "body_id": "body",
                "offset_pass_count": 5,
                "wall_thickness_mm": 1.2,
                "thin_wall_max_passes": 2,
                "spiral_samples_per_contour": 80,
            },
        )
    
        assert state["planar"]["operations"] == []
        assert created["command"]["payload"]["operation_id"] == "op-1"
        assert updated["command"]["payload"]["name"] == "Floor 2"
        assert updated["command"]["payload"]["enabled"] is False
        assert window.planar_page.controller.operations[0].name == "Floor 2"
        parameters = window.planar_page.controller.operations[0].parameters
        assert parameters.offset_pass_count == 5
        assert parameters.wall_thickness_mm == 1.2
        assert parameters.thin_wall_max_passes == 2
        assert parameters.spiral_samples_per_contour == 80
    
&gt;       assert router.dispatch("/planar/issues", {})["command"]["payload"] == []
E       AssertionError: assert ({'code': 'SE...ssing'}}, ...) == []
E         
E         Left contains 7 more items, first extra item: {'code': 'SETUP_PART_MISSING', 'severity': 'error', 'object_id': 'setup-1', 'context': {'node': 'part', 'state': 'missing'}}
E         Use -v to get more diff

tests\test_planar_automation.py:63: AssertionError</failure></testcase><testcase classname="tests.test_planar_automation" name="test_http_cancel_reaches_generation_through_the_shared_command_service" time="0.128" /><testcase classname="tests.test_planar_generation_qualification" name="test_legacy_v1_state_keeps_preview_payload_but_requires_regeneration[ready]" time="0.129" /><testcase classname="tests.test_planar_generation_qualification" name="test_legacy_v1_state_keeps_preview_payload_but_requires_regeneration[warning]" time="0.128" /><testcase classname="tests.test_planar_generation_qualification" name="test_current_v2_state_reopens_stale_without_runtime_product" time="0.134" /><testcase classname="tests.test_planar_generation_qualification" name="test_restored_state_cannot_reuse_qualification_for_changed_inputs[placement]" time="0.127" /><testcase classname="tests.test_planar_generation_qualification" name="test_restored_state_cannot_reuse_qualification_for_changed_inputs[nozzle]" time="0.133" /><testcase classname="tests.test_planar_generation_qualification" name="test_restored_state_cannot_reuse_qualification_for_changed_inputs[material]" time="0.129" /><testcase classname="tests.test_planar_generation_qualification" name="test_restored_state_cannot_reuse_qualification_for_changed_inputs[build]" time="0.138" /><testcase classname="tests.test_planar_generation_qualification" name="test_restored_state_cannot_reuse_qualification_for_changed_inputs[parameters]" time="0.127" /><testcase classname="tests.test_planar_generation_qualification" name="test_incomplete_setup_is_rejected_before_path_generation[material]" time="0.007" /><testcase classname="tests.test_planar_generation_qualification" name="test_incomplete_setup_is_rejected_before_path_generation[nozzle]" time="0.006" /><testcase classname="tests.test_planar_generation_qualification" name="test_incomplete_setup_is_rejected_before_path_generation[machine]" time="0.006" /><testcase classname="tests.test_planar_generation_qualification" name="test_unreviewed_material_cannot_generate_path" time="0.006" /><testcase classname="tests.test_planar_generation_qualification" name="test_setup_change_keeps_previous_result_but_blocks_export" time="0.127" /><testcase classname="tests.test_planar_generation_qualification" name="test_parameter_change_during_generation_cannot_publish_obsolete_result" time="0.232" /><testcase classname="tests.test_planar_generation_qualification" name="test_changed_source_bytes_with_live_cad_and_old_result_block_export" time="0.128" /><testcase classname="tests.test_planar_generation_qualification" name="test_model_display_frame_does_not_change_source_geometry_or_nc" time="0.244" /><testcase classname="tests.test_planar_generation_qualification" name="test_build_frame_shift_changes_source_section_coordinates_and_machine_axes" time="0.233" /><testcase classname="tests.test_planar_ui" name="test_apply_routes_planar_inputs_through_gui_command_service" time="0.014" /><testcase classname="tests.test_planar_ui" name="test_apply_routes_p03_p05_parameters_and_english_labels" time="0.008" /><testcase classname="tests.test_planar_ui" name="test_p03_p05_gui_generate_and_export_enable[planar_offset]" time="0.128" /><testcase classname="tests.test_planar_ui" name="test_p03_p05_gui_generate_and_export_enable[planar_thin_wall]" time="0.072" /><testcase classname="tests.test_planar_ui" name="test_p03_p05_gui_generate_and_export_enable[planar_spiral]" time="1.154" /><testcase classname="tests.test_planar_ui" name="test_spiral_gui_reports_error_and_recovers_after_layer_fix" time="1.192" /><testcase classname="tests.test_planar_ui" name="test_generate_emits_the_generated_preview_toolpath" time="0.020" /><testcase classname="tests.test_planar_ui" name="test_existing_operations_can_be_selected_and_previewed_independently" time="0.051"><failure message="assert False&#10; +  where False = &lt;built-in method isEnabled of QPushButton object at 0x000001C34F8F0DD0&gt;()&#10; +    where &lt;built-in method isEnabled of QPushButton object at 0x000001C34F8F0DD0&gt; = &lt;PyQt5.QtWidgets.QPushButton object at 0x000001C34F8F0DD0&gt;.isEnabled&#10; +      where &lt;PyQt5.QtWidgets.QPushButton object at 0x000001C34F8F0DD0&gt; = &lt;five_axis_slicer.planar_ui.PlanarPage object at 0x000001C34F792BA0&gt;.export_button">def test_existing_operations_can_be_selected_and_previewed_independently() -&gt; None:
        page = PlanarPage(controller=_path_controller(), viewer_factory=TubeViewerStub)
        page.create_button.click()
        region_id = page.controller.operations[-1].operation_id
        page.first_layer_spin.setValue(0.0)
        page.last_layer_spin.setValue(0.0)
        page.apply_button.click()
        page.generate_button.click()
    
        page.operation_type_combo.setCurrentIndex(
            page.operation_type_combo.findData("planar_zigzag")
        )
        page.create_button.click()
        zigzag_id = page.controller.operations[-1].operation_id
        page.first_layer_spin.setValue(0.0)
        page.last_layer_spin.setValue(0.0)
        page.feedrate_spin.setValue(100.0)
        page.travel_feedrate_spin.setValue(100.0)
        page.apply_button.click()
        page.generate_button.click()
    
        page.operation_instance_combo.setCurrentIndex(
            page.operation_instance_combo.findData(region_id)
        )
        _app().processEvents()
        assert page.state_json()["ui"]["selected_operation_id"] == region_id
        assert str(page.viewer.gcode_preview.source_path) == f"&lt;generated:{region_id}&gt;"
    
        page.operation_instance_combo.setCurrentIndex(
            page.operation_instance_combo.findData(zigzag_id)
        )
        _app().processEvents()
        assert page.state_json()["ui"]["selected_operation_id"] == zigzag_id
        assert str(page.viewer.gcode_preview.source_path) == f"&lt;generated:{zigzag_id}&gt;"
&gt;       assert page.export_button.isEnabled()
E       assert False
E        +  where False = &lt;built-in method isEnabled of QPushButton object at 0x000001C34F8F0DD0&gt;()
E        +    where &lt;built-in method isEnabled of QPushButton object at 0x000001C34F8F0DD0&gt; = &lt;PyQt5.QtWidgets.QPushButton object at 0x000001C34F8F0DD0&gt;.isEnabled
E        +      where &lt;PyQt5.QtWidgets.QPushButton object at 0x000001C34F8F0DD0&gt; = &lt;five_axis_slicer.planar_ui.PlanarPage object at 0x000001C34F792BA0&gt;.export_button

tests\test_planar_ui.py:212: AssertionError</failure></testcase><testcase classname="tests.test_planar_ui" name="test_qt_cancel_button_preserves_the_previous_generated_result" time="0.137"><failure message="AssertionError: assert 'error' in {'ready', 'warning'}&#10; +  where 'error' = PlanarProductState(operation_id='planar-operation-1', parameter_semantic_sha256='1b94982d392c1da1322aa2ecb18dd37cb45f9...2a5bcad68a17a87da30a45612a76ba3ae093c5a0c53e016e09c2e4b6474', 'generation_context_version': 'planar-build-context-v2'}).status&#10; +    where PlanarProductState(operation_id='planar-operation-1', parameter_semantic_sha256='1b94982d392c1da1322aa2ecb18dd37cb45f9...2a5bcad68a17a87da30a45612a76ba3ae093c5a0c53e016e09c2e4b6474', 'generation_context_version': 'planar-build-context-v2'}) = product_state('planar-operation-1')&#10; +      where product_state = &lt;five_axis_slicer.planar_controller.PlanarController object at 0x000001C34FD0EF30&gt;.product_state&#10; +        where &lt;five_axis_slicer.planar_controller.PlanarController object at 0x000001C34FD0EF30&gt; = &lt;five_axis_slicer.planar_ui.PlanarPage object at 0x000001C34F8F31D0&gt;.controller">def test_qt_cancel_button_preserves_the_previous_generated_result() -&gt; None:
        page = PlanarPage(controller=_path_controller(), viewer_factory=TubeViewerStub)
        page.operation_type_combo.setCurrentIndex(
            page.operation_type_combo.findData("planar_zigzag")
        )
        page.create_button.click()
        page.first_layer_spin.setValue(0.0)
        page.last_layer_spin.setValue(0.0)
        page.feedrate_spin.setValue(100.0)
        page.travel_feedrate_spin.setValue(100.0)
        page.apply_button.click()
        page.generate_button.click()
        operation_id = page.controller.operations[-1].operation_id
        previous = page.controller.product_result(operation_id)
    
        QTimer.singleShot(0, page.cancel_button.click)
        page.generate_button.click()
    
        assert page.controller.product_result(operation_id) is previous
&gt;       assert page.controller.product_state(operation_id).status in {"ready", "warning"}
E       AssertionError: assert 'error' in {'ready', 'warning'}
E        +  where 'error' = PlanarProductState(operation_id='planar-operation-1', parameter_semantic_sha256='1b94982d392c1da1322aa2ecb18dd37cb45f9...2a5bcad68a17a87da30a45612a76ba3ae093c5a0c53e016e09c2e4b6474', 'generation_context_version': 'planar-build-context-v2'}).status
E        +    where PlanarProductState(operation_id='planar-operation-1', parameter_semantic_sha256='1b94982d392c1da1322aa2ecb18dd37cb45f9...2a5bcad68a17a87da30a45612a76ba3ae093c5a0c53e016e09c2e4b6474', 'generation_context_version': 'planar-build-context-v2'}) = product_state('planar-operation-1')
E        +      where product_state = &lt;five_axis_slicer.planar_controller.PlanarController object at 0x000001C34FD0EF30&gt;.product_state
E        +        where &lt;five_axis_slicer.planar_controller.PlanarController object at 0x000001C34FD0EF30&gt; = &lt;five_axis_slicer.planar_ui.PlanarPage object at 0x000001C34F8F31D0&gt;.controller

tests\test_planar_ui.py:234: AssertionError</failure></testcase><testcase classname="tests.test_planar_ui" name="test_invalid_generation_is_disabled_and_english_text_is_applied" time="0.003" /><testcase classname="tests.test_planar_ui" name="test_editor_contains_long_support_status_without_horizontal_overflow[1366-768-planar.support_region_too_narrow: generated support region contains no printable bead-width segment]" time="0.018" /><testcase classname="tests.test_planar_ui" name="test_editor_contains_long_support_status_without_horizontal_overflow[1920-1080-planar.support_buildplate_first_layer_required: first requested layer must represent the buildplate deposition layer]" time="0.013" /><testcase classname="tests.test_planar_ui" name="test_main_window_routes_planar_workbench_and_exposes_state" time="0.768" /><testcase classname="tests.test_planar_ui_layout" name="test_long_product_diagnostics_preserve_every_form_control_height[error-zh-size0]" time="0.116" /><testcase classname="tests.test_planar_ui_layout" name="test_long_product_diagnostics_preserve_every_form_control_height[error-zh-size1]" time="0.111" /><testcase classname="tests.test_planar_ui_layout" name="test_long_product_diagnostics_preserve_every_form_control_height[error-zh-size2]" time="0.099" /><testcase classname="tests.test_planar_ui_layout" name="test_long_product_diagnostics_preserve_every_form_control_height[error-en-size0]" time="0.108" /><testcase classname="tests.test_planar_ui_layout" name="test_long_product_diagnostics_preserve_every_form_control_height[error-en-size1]" time="0.101" /><testcase classname="tests.test_planar_ui_layout" name="test_long_product_diagnostics_preserve_every_form_control_height[error-en-size2]" time="0.151" /><testcase classname="tests.test_planar_ui_layout" name="test_long_product_diagnostics_preserve_every_form_control_height[warning-zh-size0]" time="0.099" /><testcase classname="tests.test_planar_ui_layout" name="test_long_product_diagnostics_preserve_every_form_control_height[warning-zh-size1]" time="0.097" /><testcase classname="tests.test_planar_ui_layout" name="test_long_product_diagnostics_preserve_every_form_control_height[warning-zh-size2]" time="0.116" /><testcase classname="tests.test_planar_ui_layout" name="test_long_product_diagnostics_preserve_every_form_control_height[warning-en-size0]" time="0.105" /><testcase classname="tests.test_planar_ui_layout" name="test_long_product_diagnostics_preserve_every_form_control_height[warning-en-size1]" time="0.099" /><testcase classname="tests.test_planar_ui_layout" name="test_long_product_diagnostics_preserve_every_form_control_height[warning-en-size2]" time="0.097" /><testcase classname="tests.test_planar_support" name="test_straight_wall_needs_no_support_and_preserves_empty_plan" time="0.098" /><testcase classname="tests.test_planar_support" name="test_cantilever_has_analytic_projection_area_and_quantized_top_gap" time="0.108" /><testcase classname="tests.test_planar_support" name="test_floating_holed_island_generates_hole_preserving_plate_columns_and_paths" time="0.190" /><testcase classname="tests.test_planar_support" name="test_zero_interface_layers_keeps_all_support_in_the_body_stage" time="0.035" /><testcase classname="tests.test_planar_support" name="test_xy_gap_is_respected_and_bead_envelope_stays_outside_body" time="0.137" /><testcase classname="tests.test_planar_support" name="test_support_blocked_by_solid_is_not_allowed_to_float_above_it" time="0.052" /><testcase classname="tests.test_planar_support" name="test_support_plan_honours_cancellation_during_geometry_work" time="0.001" /><testcase classname="tests.test_planar_support" name="test_fractional_z_gap_rounds_up_and_reports_unreachable_low_contact" time="0.020" /><testcase classname="tests.test_planar_support" name="test_invalid_parameters_are_structured_errors[changes0]" time="0.001" /><testcase classname="tests.test_planar_support" name="test_invalid_parameters_are_structured_errors[changes1]" time="0.000" /><testcase classname="tests.test_planar_support" name="test_invalid_parameters_are_structured_errors[changes2]" time="0.000" /><testcase classname="tests.test_planar_support" name="test_invalid_parameters_are_structured_errors[changes3]" time="0.000" /><testcase classname="tests.test_planar_support" name="test_invalid_parameters_are_structured_errors[changes4]" time="0.000" /><testcase classname="tests.test_planar_support" name="test_invalid_parameters_are_structured_errors[changes5]" time="0.000" /><testcase classname="tests.test_planar_support" name="test_missing_unsorted_or_nonuniform_layers_are_rejected[layers0]" time="0.000" /><testcase classname="tests.test_planar_support" name="test_missing_unsorted_or_nonuniform_layers_are_rejected[layers1]" time="0.000" /><testcase classname="tests.test_planar_support" name="test_missing_unsorted_or_nonuniform_layers_are_rejected[layers2]" time="0.000" /><testcase classname="tests.test_planar_support" name="test_missing_unsorted_or_nonuniform_layers_are_rejected[layers3]" time="0.000" /><testcase classname="tests.test_planar_support" name="test_self_crossing_and_wrong_z_input_are_rejected_before_boolean_operations" time="0.001" /><testcase classname="tests.test_planar_support" name="test_sub_bead_support_is_not_silently_dropped" time="0.027" /><testcase classname="tests.test_planar_support_contract" name="test_support_parameters_round_trip_validation_and_semantic_hash" time="0.001" /><testcase classname="tests.test_planar_support_contract" name="test_support_parameters_reject_invalid_values[change0]" time="0.001" /><testcase classname="tests.test_planar_support_contract" name="test_support_parameters_reject_invalid_values[change1]" time="0.001" /><testcase classname="tests.test_planar_support_contract" name="test_support_parameters_reject_invalid_values[change2]" time="0.000" /><testcase classname="tests.test_planar_support_contract" name="test_support_parameters_reject_invalid_values[change3]" time="0.000" /><testcase classname="tests.test_planar_support_contract" name="test_support_parameters_reject_invalid_values[change4]" time="0.000" /><testcase classname="tests.test_planar_support_contract" name="test_support_parameters_reject_invalid_values[change5]" time="0.000" /><testcase classname="tests.test_planar_support_contract" name="test_support_parameters_reject_invalid_values[change6]" time="0.000" /><testcase classname="tests.test_planar_support_contract" name="test_support_parameters_reject_invalid_values[change7]" time="0.000" /><testcase classname="tests.test_planar_support_contract" name="test_support_parameters_reject_invalid_values[change8]" time="0.000" /><testcase classname="tests.test_planar_support_contract" name="test_support_parameters_reject_invalid_values[change9]" time="0.000" /><testcase classname="tests.test_planar_support_contract" name="test_controller_creates_support_and_enforces_six_operation_limit" time="0.001" /><testcase classname="tests.test_planar_support_contract" name="test_restricted_script_sets_support_parameters_through_shared_command" time="0.004" /><testcase classname="tests.test_planar_support_contract" name="test_http_accepts_only_declared_support_parameters" time="0.003" /><testcase classname="tests.test_planar_support_contract" name="test_project_save_reopen_preserves_support_contract" time="0.024" /><testcase classname="tests.test_planar_support_contract" name="test_qt_support_controls_prefill_apply_and_stale_state" time="0.020" /><testcase classname="tests.test_planar_support_contract" name="test_qt_support_generation_error_is_visible" time="0.021" /><testcase classname="tests.test_planar_support_product" name="test_support_product_matches_analytic_domain_and_exports_p07_bundle" time="0.243" /><testcase classname="tests.test_planar_support_product" name="test_controller_creates_generates_and_exports_support_then_marks_it_stale" time="0.227" /><testcase classname="tests.test_planar_support_product" name="test_support_not_required_sets_controller_error_and_blocks_export" time="0.118" /><testcase classname="tests.test_planar_support_product" name="test_sub_bead_floating_support_is_rejected_instead_of_silently_dropped" time="0.091" /><testcase classname="tests.test_planar_support_product" name="test_attached_cantilever_with_default_xy_gap_remains_exportable" time="0.298" /><testcase classname="tests.test_planar_support_product" name="test_partially_unreachable_support_is_error_and_cannot_be_exported" time="0.445" /><testcase classname="tests.test_planar_support_product" name="test_fully_unreachable_support_keeps_the_real_diagnostic" time="0.052" /><testcase classname="tests.test_planar_support_product" name="test_support_rejects_a_layer_range_that_does_not_start_at_buildplate" time="0.026" /><testcase classname="tests.test_planar_support_product" name="test_support_metadata_source_and_setup_changes_make_results_stale" time="0.840" /><testcase classname="tests.test_planar_support_motion" name="test_complete_segment_detects_thin_obstacle_between_coarse_samples[travel]" time="0.005" /><testcase classname="tests.test_planar_support_motion" name="test_complete_segment_detects_thin_obstacle_between_coarse_samples[deposition]" time="0.007" /><testcase classname="tests.test_planar_support_motion" name="test_cross_layer_diagonal_travel_is_checked_between_its_endpoint_planes" time="0.005" /><testcase classname="tests.test_planar_support_motion" name="test_isolated_boundary_tangency_is_conservatively_rejected" time="0.004" /><testcase classname="tests.test_planar_support_motion" name="test_initial_point_inside_target_is_checked_without_an_incoming_segment" time="0.003" /><testcase classname="tests.test_planar_support_motion" name="test_target_check_uses_build_to_model_rotation_and_translation" time="0.006" /><testcase classname="tests.test_planar_support_motion" name="test_clear_path_still_reports_independent_operation_and_schedule_boundary" time="0.003" /><testcase classname="tests.test_planar_support_motion" name="test_kernel_failure_does_not_become_a_clear_path" time="0.003" /><testcase classname="tests.test_planar_support_motion" name="test_cancellation_during_target_check_is_not_converted_to_kernel_failure" time="0.003" /><testcase classname="tests.test_planar_support_motion" name="test_missing_cad_or_unknown_path_frame_blocks_qualification" time="0.002" /><testcase classname="tests.test_planar_support_motion" name="test_real_pillar_roof_support_has_rejected_travel_but_valid_deposition_centreline" time="2.425" /><testcase classname="tests.test_planar_support_motion" name="test_floating_roof_support_keeps_half_bead_inside_its_analytic_projection" time="0.115" /><testcase classname="tests.test_planar_support_motion" name="test_pillar_roof_product_blocks_gcode_and_export_after_target_cad_check" time="2.538" /><testcase classname="tests.test_planar_support_truth" name="test_hand_derived_threshold_xy_z_gap_and_support_stages" time="0.306" /><testcase classname="tests.test_planar_support_truth" name="test_hand_derived_lines_coordinates_order_spacing_events_and_volume" time="0.179" /><testcase classname="tests.test_planar_support_truth" name="test_hand_derived_grid_coordinates_order_spacing_events_and_volume" time="0.183" /><testcase classname="tests.test_planar_support_truth" name="test_hand_derived_narrow_region_is_centred_instead_of_disappearing" time="0.006" /><testcase classname="tests.test_planar_support_truth" name="test_hand_derived_disappearing_region_rejects_the_whole_path" time="0.009" /></testsuite></testsuites>