<?xml version="1.0" encoding="utf-8"?><testsuites name="pytest tests"><testsuite name="pytest" errors="0" failures="0" skipped="0" tests="86" time="4.240" timestamp="2026-09-12T01:08:39.192416+08:00" hostname="BelongtoTXF"><testcase classname="tests.test_planar_region" name="test_sections_keep_islands_and_holes_separate" time="0.028" /><testcase classname="tests.test_planar_region" name="test_missing_body_and_invalid_layer_height_are_localised" time="0.003" /><testcase classname="tests.test_planar_region" name="test_sections_follow_build_coordinate_system_and_return_build_coordinates" time="0.006" /><testcase classname="tests.test_planar_operation_domain" name="test_planar_operation_json_round_trip_and_semantic_input[planar_region]" time="0.001" /><testcase classname="tests.test_planar_operation_domain" name="test_planar_operation_json_round_trip_and_semantic_input[planar_zigzag]" time="0.001" /><testcase classname="tests.test_planar_operation_domain" name="test_planar_operation_json_round_trip_and_semantic_input[planar_offset]" time="0.001" /><testcase classname="tests.test_planar_operation_domain" name="test_planar_operation_json_round_trip_and_semantic_input[planar_thin_wall]" time="0.001" /><testcase classname="tests.test_planar_operation_domain" name="test_planar_operation_json_round_trip_and_semantic_input[planar_spiral]" time="0.001" /><testcase classname="tests.test_planar_operation_domain" name="test_planar_parameters_reject_non_finite_and_out_of_range_values[kwargs0]" time="0.000" /><testcase classname="tests.test_planar_operation_domain" name="test_planar_parameters_reject_non_finite_and_out_of_range_values[kwargs1]" time="0.001" /><testcase classname="tests.test_planar_operation_domain" name="test_planar_parameters_reject_non_finite_and_out_of_range_values[kwargs2]" time="0.000" /><testcase classname="tests.test_planar_operation_domain" name="test_planar_parameters_reject_non_finite_and_out_of_range_values[kwargs3]" time="0.000" /><testcase classname="tests.test_planar_operation_domain" name="test_planar_parameters_reject_non_finite_and_out_of_range_values[kwargs4]" time="0.000" /><testcase classname="tests.test_planar_operation_domain" name="test_geometry_selection_requires_a_stable_body_reference" time="0.001" /><testcase classname="tests.test_planar_operation_domain" name="test_create_and_configure_marks_only_changed_operation_dirty" time="0.000" /><testcase classname="tests.test_planar_operation_domain" name="test_rebind_failure_marks_operation_invalid" time="0.001" /><testcase classname="tests.test_planar_region_product" name="test_region_product_uses_build_frame_and_is_preview_only" time="0.011" /><testcase classname="tests.test_planar_region_product" name="test_region_product_state_becomes_stale_after_parameter_change" time="0.010" /><testcase classname="tests.test_planar_region_product" name="test_controller_generation_and_cancel_keep_previous_ready_result" time="0.011" /><testcase classname="tests.test_planar_controller" name="test_controller_persists_operations_and_stable_body_reference" time="0.001" /><testcase classname="tests.test_planar_controller" name="test_model_from_build_uses_confirmed_setup_coordinate_definitions" time="0.001" /><testcase classname="tests.test_planar_controller" name="test_source_update_rebind_failure_keeps_reference_and_marks_invalid" time="0.001" /><testcase classname="tests.test_planar_controller" name="test_setup_change_marks_every_operation_dirty" time="0.000" /><testcase classname="tests.test_planar_commands" name="test_planar_commands_publish_and_undo_through_shared_kernel" time="0.001" /><testcase classname="tests.test_planar_commands" name="test_restricted_planar_script_uses_the_same_command_provider" time="0.001" /><testcase classname="tests.test_planar_automation" name="test_planar_routes_use_the_shared_command_entrypoint" time="0.001" /><testcase classname="tests.test_planar_project_io" name="test_default_loader_round_trips_planar_operation" time="0.029" /><testcase classname="tests.test_planar_project_io" name="test_default_loader_still_reads_tube_buildup_operation" time="0.020" /><testcase classname="tests.test_planar_ui" name="test_apply_routes_planar_inputs_through_gui_command_service" time="0.013" /><testcase classname="tests.test_planar_ui" name="test_generate_emits_the_generated_preview_toolpath" time="0.013" /><testcase classname="tests.test_planar_ui" name="test_invalid_generation_is_disabled_and_english_text_is_applied" time="0.001" /><testcase classname="tests.test_planar_ui" name="test_main_window_routes_planar_workbench_and_exposes_state" time="0.740" /><testcase classname="tests.test_restricted_script.RestrictedScriptTests" name="test_accepts_blank_or_comment_only_script" time="0.001" /><testcase classname="tests.test_restricted_script.RestrictedScriptTests" name="test_enforces_source_call_and_depth_limits" time="0.013" /><testcase classname="tests.test_restricted_script.RestrictedScriptTests" name="test_maps_every_chinese_alias_to_canonical_name" time="0.001" /><testcase classname="tests.test_restricted_script.RestrictedScriptTests" name="test_parses_calls_and_json_like_literals" time="0.001" /><testcase classname="tests.test_restricted_script.RestrictedScriptTests" name="test_parses_english_and_chinese_transactions" time="0.001" /><testcase classname="tests.test_restricted_script.RestrictedScriptTests" name="test_rejects_invalid_literal_values" time="0.002" /><testcase classname="tests.test_restricted_script.RestrictedScriptTests" name="test_rejects_python_execution_surfaces" time="0.003" /><testcase classname="tests.test_restricted_script.RestrictedScriptTests" name="test_rejects_transaction_misuse" time="0.002" /><testcase classname="tests.test_restricted_script.RestrictedScriptTests" name="test_rejects_unknown_or_mixed_commands" time="0.003" /><testcase classname="tests.test_restricted_script.RestrictedScriptTests" name="test_reports_one_based_character_locations" time="0.001" /><testcase classname="tests.test_restricted_script.RestrictedScriptTests" name="test_syntax_error_has_stable_location" time="0.001" /><testcase classname="tests.test_command_kernel.CommandKernelTests" name="test_busy_guard_and_strict_command_signature" time="0.003" /><testcase classname="tests.test_command_kernel.CommandKernelTests" name="test_coordinate_and_placement_commands_reach_coordinates_valid" time="0.006" /><testcase classname="tests.test_command_kernel.CommandKernelTests" name="test_draft_guard_internal_apply_and_discard_semantics" time="0.002" /><testcase classname="tests.test_command_kernel.CommandKernelTests" name="test_external_state_detection_rebind_and_bounded_history" time="0.003" /><testcase classname="tests.test_command_kernel.CommandKernelTests" name="test_failed_domain_or_persistence_does_not_publish_candidate" time="0.001" /><testcase classname="tests.test_command_kernel.CommandKernelTests" name="test_notification_failure_does_not_reverse_a_committed_command" time="0.004" /><testcase classname="tests.test_command_kernel.CommandKernelTests" name="test_persistence_observes_candidate_before_live_publication" time="0.001" /><testcase classname="tests.test_command_kernel.CommandKernelTests" name="test_query_alias_revision_and_operation_update" time="0.001" /><testcase classname="tests.test_command_kernel.CommandKernelTests" name="test_resource_overrides_are_replay_stable_and_library_read_only" time="0.015" /><testcase classname="tests.test_command_kernel.CommandKernelTests" name="test_transaction_undo_redo_and_new_branch" time="0.002" /><testcase classname="tests.test_command_kernel.CommandKernelTests" name="test_validation_report_is_computed_before_persistence_and_publication" time="0.001" /></testsuite></testsuites>