<?xml version="1.0" encoding="utf-8"?><testsuites name="pytest tests"><testsuite name="pytest" errors="0" failures="0" skipped="2" tests="245" time="21.879" timestamp="2026-09-11T19:38:22.148219+08:00" hostname="BelongtoTXF"><testcase classname="tests.test_tube_controller.TubeControllerTests" name="test_apply_all_drafts_rolls_back_every_mutable_boundary_on_failure" time="0.001" /><testcase classname="tests.test_tube_controller.TubeControllerTests" name="test_apply_all_refreshes_placement_dependencies_after_build_commit" time="0.007" /><testcase classname="tests.test_tube_controller.TubeControllerTests" name="test_build_numeric_input_defaults_to_applied_model_coordinates" time="0.001" /><testcase classname="tests.test_tube_controller.TubeControllerTests" name="test_cad_initialisation_and_explicit_part_confirmation" time="0.001" /><testcase classname="tests.test_tube_controller.TubeControllerTests" name="test_coordinate_draft_requires_confirmation_and_cancel_restores_applied" time="0.001" /><testcase classname="tests.test_tube_controller.TubeControllerTests" name="test_dependencies_reach_coordinates_valid_and_setup_ready" time="0.010" /><testcase classname="tests.test_tube_controller.TubeControllerTests" name="test_domain_authority_blocks_forged_part_mount_and_operation" time="0.012" /><testcase classname="tests.test_tube_controller.TubeControllerTests" name="test_draft_is_visible_in_state_and_blocks_project_serialisation" time="0.001" /><testcase classname="tests.test_tube_controller.TubeControllerTests" name="test_machine_transforms_fail_closed_for_nonvalid_placement" time="0.011" /><testcase classname="tests.test_tube_controller.TubeControllerTests" name="test_one_interactive_operation_and_multi_operation_round_trip" time="0.001" /><testcase classname="tests.test_tube_controller.TubeControllerTests" name="test_outer_transaction_restores_drafts_and_cad_authority" time="0.001" /><testcase classname="tests.test_automation" name="test_loopback_detection_is_explicit" time="0.000" /><testcase classname="tests.test_automation" name="test_remote_bind_requires_opt_in_and_strong_token" time="0.001" /><testcase classname="tests.test_automation" name="test_configured_token_protects_http_requests" time="0.876" /><testcase classname="tests.test_automation" name="test_loopback_rejects_get_for_mutating_route" time="0.515" /><testcase classname="tests.test_automation" name="test_loopback_allows_get_for_performance_state[/results/perf]" time="0.001" /><testcase classname="tests.test_automation" name="test_loopback_allows_get_for_performance_state[/preview/perf]" time="0.001" /><testcase classname="tests.test_automation" name="test_loopback_post_requires_json_media_type" time="0.518" /><testcase classname="tests.test_automation" name="test_loopback_rejects_untrusted_browser_authority[Host-attacker.example]" time="0.504" /><testcase classname="tests.test_automation" name="test_loopback_rejects_untrusted_browser_authority[Origin-https://attacker.example]" time="0.515" /><testcase classname="tests.test_automation" name="test_loopback_accepts_script_json_and_same_origin_browser_requests" time="0.542" /><testcase classname="tests.test_project_io.ProjectIoTests" name="test_atomic_copy_reuses_valid_content_addressed_target" time="0.022" /><testcase classname="tests.test_project_io.ProjectIoTests" name="test_atomic_save_preserves_created_at_and_leaves_no_temp_files" time="0.055" /><testcase classname="tests.test_project_io.ProjectIoTests" name="test_changed_gcode_source_cannot_replace_saved_snapshot" time="0.080" /><testcase classname="tests.test_project_io.ProjectIoTests" name="test_conflicting_setup_and_top_level_resource_snapshots_are_rejected" time="0.056" /><testcase classname="tests.test_project_io.ProjectIoTests" name="test_content_addressed_symlink_target_outside_project_is_rejected" time="0.041"><skipped type="pytest.skip" message="file symlink unavailable: [WinError 1314] 客户端没有所需的特权。: 'C:\\Users\\TANGXU~1\\AppData\\Local\\Temp\\tmp9kvr3l8c\\outside.step' -&gt; 'C:\\Users\\TANGXU~1\\AppData\\Local\\Temp\\tmp9kvr3l8c\\project\\source\\b9f07b44b05f27a4b022e73b25e6a37f57d266d556873a3bd4881d47d1a86463.step'">F:\【项目和任务】\5AxisSclicer_V2.0\tests\test_project_io.py:779: file symlink unavailable: [WinError 1314] 客户端没有所需的特权。: 'C:\\Users\\TANGXU~1\\AppData\\Local\\Temp\\tmp9kvr3l8c\\outside.step' -&gt; 'C:\\Users\\TANGXU~1\\AppData\\Local\\Temp\\tmp9kvr3l8c\\project\\source\\b9f07b44b05f27a4b022e73b25e6a37f57d266d556873a3bd4881d47d1a86463.step'</skipped></testcase><testcase classname="tests.test_project_io.ProjectIoTests" name="test_embedded_gcode_mtime_change_does_not_break_portable_project" time="0.053" /><testcase classname="tests.test_project_io.ProjectIoTests" name="test_failed_resave_keeps_previous_manifest_and_embedded_files_loadable" time="0.378" /><testcase classname="tests.test_project_io.ProjectIoTests" name="test_future_version_and_corrupt_json_are_rejected" time="0.008" /><testcase classname="tests.test_project_io.ProjectIoTests" name="test_hash_consistent_malformed_machine_snapshot_loads_as_invalid" time="0.033" /><testcase classname="tests.test_project_io.ProjectIoTests" name="test_load_rejects_persisted_setup_draft_nodes" time="0.030" /><testcase classname="tests.test_project_io.ProjectIoTests" name="test_load_restores_embedded_gcode_and_controller_semantics" time="0.054" /><testcase classname="tests.test_project_io.ProjectIoTests" name="test_load_uses_embedded_step_after_original_is_removed" time="0.086" /><testcase classname="tests.test_project_io.ProjectIoTests" name="test_loaded_coordinate_signature_is_audited_against_embedded_cad" time="0.103" /><testcase classname="tests.test_project_io.ProjectIoTests" name="test_non_boolean_coordinate_confirmation_is_rejected_on_load" time="0.098" /><testcase classname="tests.test_project_io.ProjectIoTests" name="test_non_boolean_persisted_unit_override_is_rejected" time="0.075" /><testcase classname="tests.test_project_io.ProjectIoTests" name="test_old_gcode_manifest_without_fingerprint_still_loads" time="0.055" /><testcase classname="tests.test_project_io.ProjectIoTests" name="test_path_traversal_is_rejected" time="0.074" /><testcase classname="tests.test_project_io.ProjectIoTests" name="test_project_save_lock_rejects_a_second_writer" time="0.008" /><testcase classname="tests.test_project_io.ProjectIoTests" name="test_project_source_directory_symlink_is_rejected" time="0.006"><skipped type="pytest.skip" message="directory symlink unavailable: [WinError 1314] 客户端没有所需的特权。: 'C:\\Users\\TANGXU~1\\AppData\\Local\\Temp\\tmpzylqundx\\outside-source' -&gt; 'C:\\Users\\TANGXU~1\\AppData\\Local\\Temp\\tmpzylqundx\\project\\source'">F:\【项目和任务】\5AxisSclicer_V2.0\tests\test_project_io.py:807: directory symlink unavailable: [WinError 1314] 客户端没有所需的特权。: 'C:\\Users\\TANGXU~1\\AppData\\Local\\Temp\\tmpzylqundx\\outside-source' -&gt; 'C:\\Users\\TANGXU~1\\AppData\\Local\\Temp\\tmpzylqundx\\project\\source'</skipped></testcase><testcase classname="tests.test_project_io.ProjectIoTests" name="test_resave_preserves_external_source_provenance" time="0.120" /><testcase classname="tests.test_project_io.ProjectIoTests" name="test_save_rejects_setup_with_uncommitted_draft_nodes" time="0.019" /><testcase classname="tests.test_project_io.ProjectIoTests" name="test_save_requires_loaded_gcode_fingerprint" time="0.021" /><testcase classname="tests.test_project_io.ProjectIoTests" name="test_saves_v2_project_json_and_authoritative_source_copy" time="0.071" /><testcase classname="tests.test_project_io.ProjectIoTests" name="test_saves_workbench_and_gcode_preview_state" time="0.088" /><testcase classname="tests.test_project_io.ProjectIoTests" name="test_setup_operation_and_resource_snapshot_round_trip" time="0.096" /><testcase classname="tests.test_project_io.ProjectIoTests" name="test_staged_content_address_copy_preserves_authoritative_file_on_race" time="0.126" /><testcase classname="tests.test_project_io.ProjectIoTests" name="test_tampered_embedded_step_is_rejected_before_cad_loading" time="0.074" /><testcase classname="tests.test_project_io.ProjectIoTests" name="test_tampered_resource_snapshot_is_rejected" time="0.032" /><testcase classname="tests.test_project_io.ProjectIoTests" name="test_unknown_step_unit_override_is_persisted_for_embedded_reopen" time="0.049" /><testcase classname="tests.test_project_io.ProjectIoTests" name="test_v1_load_migrates_in_memory_and_first_v2_save_creates_backup" time="0.134" /><testcase classname="tests.test_project_io.ProjectIoTests" name="test_v2_duplicate_operation_ids_are_rejected" time="0.026" /><testcase classname="tests.test_project_io.ProjectIoTests" name="test_v2_rejects_tampered_topology_ids_signatures_and_counts" time="0.162" /><testcase classname="tests.test_project_io.ProjectIoTests" name="test_v2_setup_without_identity_is_rejected" time="0.028" /><testcase classname="tests.test_project_io.ProjectIoTests" name="test_v2_topology_identity_round_trip_matches_embedded_step" time="0.084" /><testcase classname="tests.test_project_io.ProjectIoTests" name="test_v2_unknown_operation_type_is_rejected" time="0.028" /><testcase classname="tests.test_geometry_rebinding.GeometryRebindingTests" name="test_ambiguous_geometry_is_never_selected_by_candidate_order" time="0.004" /><testcase classname="tests.test_geometry_rebinding.GeometryRebindingTests" name="test_controller_rejects_tampered_geometry_authority_and_resolved_values" time="0.020" /><testcase classname="tests.test_geometry_rebinding.GeometryRebindingTests" name="test_missing_matches_keep_auditable_references_and_invalidate_nodes" time="0.004" /><testcase classname="tests.test_geometry_rebinding.GeometryRebindingTests" name="test_reference_contains_auditable_parent_geometry_and_adjacency" time="0.001" /><testcase classname="tests.test_geometry_rebinding.GeometryRebindingTests" name="test_unique_match_rebinds_part_and_recalculates_coordinate_references" time="0.003" /><testcase classname="tests.test_source_update_workflow.SourceUpdateWorkflowTests" name="test_explicit_source_update_uses_worker_and_rebinds_existing_controller" time="0.758" /><testcase classname="tests.test_source_update_workflow.SourceUpdateWorkflowTests" name="test_failed_rebind_does_not_publish_worker_model" time="0.874" /><testcase classname="tests.test_source_update_workflow.SourceUpdateWorkflowTests" name="test_failed_source_update_restores_requested_draft_resolution" time="0.863" /><testcase classname="tests.test_source_update_workflow.SourceUpdateWorkflowTests" name="test_pending_coordinate_draft_must_be_resolved_before_update" time="1.145" /><testcase classname="tests.test_source_update_workflow.SourceUpdateWorkflowTests" name="test_project_reopen_keeps_embedded_authority_and_external_update_path" time="1.427" /><testcase classname="tests.test_source_update_workflow.SourceUpdateWorkflowTests" name="test_regular_import_failure_restores_same_source_controller_authority" time="1.715" /><testcase classname="tests.test_source_update_workflow.SourceUpdateWorkflowTests" name="test_source_update_refresh_failure_restores_derived_ui" time="1.431" /><testcase classname="tests.test_source_update_workflow.SourceUpdateWorkflowTests" name="test_source_update_rejects_edits_made_while_step_is_loading" time="1.716" /><testcase classname="tests.test_source_update_workflow.SourceUpdateWorkflowTests" name="test_viewer_failure_rolls_back_the_visible_source_revision" time="2.123" /><testcase classname="tests.test_toolpath_contract.ToolpathContractTests" name="test_analytic_tube_truth_is_machine_readable_and_self_consistent" time="0.002" /><testcase classname="tests.test_toolpath_contract.ToolpathContractTests" name="test_exportable_result_requires_ready_status_and_points" time="0.001" /><testcase classname="tests.test_toolpath_contract.ToolpathContractTests" name="test_generated_manifest_round_trip_preserves_public_payload" time="0.001" /><testcase classname="tests.test_toolpath_contract.ToolpathContractTests" name="test_generated_path_adapts_to_existing_preview_segments" time="0.001" /><testcase classname="tests.test_toolpath_contract.ToolpathContractTests" name="test_non_deposition_point_cannot_carry_material" time="0.001" /><testcase classname="tests.test_toolpath_contract.ToolpathContractTests" name="test_toolpath_rejects_duplicate_point_ids" time="0.001" /><testcase classname="tests.test_manufacturing_setup.ManufacturingSetupTests" name="test_assignment_roles_must_be_disjoint" time="0.001" /><testcase classname="tests.test_manufacturing_setup.ManufacturingSetupTests" name="test_build_change_marks_placement_dirty_until_reapplied" time="0.004" /><testcase classname="tests.test_manufacturing_setup.ManufacturingSetupTests" name="test_complete_setup_reaches_ready_with_reference_machine_warning" time="0.003" /><testcase classname="tests.test_manufacturing_setup.ManufacturingSetupTests" name="test_empty_setup_reports_all_required_nodes_missing" time="0.001" /><testcase classname="tests.test_manufacturing_setup.ManufacturingSetupTests" name="test_json_boolean_fields_reject_truthy_substitutes_and_keep_defaults" time="0.020" /><testcase classname="tests.test_manufacturing_setup.ManufacturingSetupTests" name="test_legacy_inconsistent_nozzle_snapshot_fails_closed_after_round_trip" time="0.005" /><testcase classname="tests.test_manufacturing_setup.ManufacturingSetupTests" name="test_material_review_blocks_setup_but_not_coordinate_validity" time="0.003" /><testcase classname="tests.test_manufacturing_setup.ManufacturingSetupTests" name="test_model_and_build_slots_reject_swapped_frame_roles" time="0.003" /><testcase classname="tests.test_manufacturing_setup.ManufacturingSetupTests" name="test_operation_round_trip_and_dirty_reason_deduplication" time="0.001" /><testcase classname="tests.test_manufacturing_setup.ManufacturingSetupTests" name="test_placement_frame_labels_are_part_of_validity" time="0.003" /><testcase classname="tests.test_manufacturing_setup.ManufacturingSetupTests" name="test_placement_mount_must_belong_to_selected_machine" time="0.003" /><testcase classname="tests.test_manufacturing_setup.ManufacturingSetupTests" name="test_self_consistent_malformed_machine_snapshot_becomes_invalid" time="0.004" /><testcase classname="tests.test_manufacturing_setup.ManufacturingSetupTests" name="test_setup_and_report_json_round_trip" time="0.005" /><testcase classname="tests.test_manufacturing_coordinates.RigidTransformTests" name="test_confirmed_frame_rejects_a_transform_unrelated_to_references" time="0.001" /><testcase classname="tests.test_manufacturing_coordinates.RigidTransformTests" name="test_coordinate_definition_requires_explicit_source_and_target_labels" time="0.002" /><testcase classname="tests.test_manufacturing_coordinates.RigidTransformTests" name="test_coordinate_json_rejects_truthy_non_boolean_flags" time="0.001" /><testcase classname="tests.test_manufacturing_coordinates.RigidTransformTests" name="test_exact_half_turn_quaternion_has_one_stable_serialization" time="0.000" /><testcase classname="tests.test_manufacturing_coordinates.RigidTransformTests" name="test_from_frame_projects_x_and_constructs_right_handed_basis" time="0.001" /><testcase classname="tests.test_manufacturing_coordinates.RigidTransformTests" name="test_inverse_and_compose_preserve_frame_chain" time="0.001" /><testcase classname="tests.test_manufacturing_coordinates.RigidTransformTests" name="test_local_adjustment_exposes_euler_values_for_editor_round_trip" time="0.001" /><testcase classname="tests.test_manufacturing_coordinates.RigidTransformTests" name="test_local_adjustment_uses_reference_translate_rx_ry_rz_order" time="0.001" /><testcase classname="tests.test_manufacturing_coordinates.RigidTransformTests" name="test_rejects_collinear_nonfinite_and_nonrigid_input" time="0.001" /><testcase classname="tests.test_manufacturing_coordinates.RigidTransformTests" name="test_transform_and_coordinate_definition_json_round_trip" time="0.001" /><testcase classname="tests.test_machine_profiles.MachineProfileValidationTests" name="test_branching_inside_one_serial_side_is_rejected" time="0.001" /><testcase classname="tests.test_machine_profiles.MachineProfileValidationTests" name="test_builtin_profiles_are_valid_reference_resources" time="0.001" /><testcase classname="tests.test_machine_profiles.MachineProfileValidationTests" name="test_cycles_are_rejected" time="0.001" /><testcase classname="tests.test_machine_profiles.MachineProfileValidationTests" name="test_duplicate_joint_ids_are_rejected" time="0.001" /><testcase classname="tests.test_machine_profiles.MachineProfileValidationTests" name="test_joint_zero_transform_requires_exact_frame_labels" time="0.001" /><testcase classname="tests.test_machine_profiles.MachineProfileValidationTests" name="test_mount_transform_requires_exact_frame_labels" time="0.001" /><testcase classname="tests.test_machine_profiles.MachineProfileValidationTests" name="test_non_unit_axis_and_reversed_limits_are_rejected" time="0.001" /><testcase classname="tests.test_machine_profiles.MachineProfileValidationTests" name="test_unknown_mount_link_and_surface_are_rejected" time="0.001" /><testcase classname="tests.test_machine_profiles.MachineKinematicsTests" name="test_cartesian_chain_composes_parent_to_child_translations" time="0.001" /><testcase classname="tests.test_machine_profiles.MachineKinematicsTests" name="test_mount_transform_follows_workpiece_chain" time="0.001" /><testcase classname="tests.test_machine_profiles.MachineKinematicsTests" name="test_pipe2_fixed_nozzle_direction_matches_documented_ac_inverse" time="0.001" /><testcase classname="tests.test_machine_profiles.MachineKinematicsTests" name="test_rotation_center_remains_fixed" time="0.001" /><testcase classname="tests.test_machine_profiles.MachineKinematicsTests" name="test_soft_limits_are_enforced_during_forward_kinematics" time="0.001" /><testcase classname="tests.test_machine_profiles.MachineKinematicsTests" name="test_unknown_joint_position_is_rejected" time="0.001" /><testcase classname="tests.test_machine_profiles.MachineKinematicsTests" name="test_xyzac_uses_a_then_c_workpiece_chain" time="0.001" /><testcase classname="tests.test_machine_profiles.MachineSerializationTests" name="test_controller_values_apply_zero_offset_and_units" time="0.001" /><testcase classname="tests.test_machine_profiles.MachineSerializationTests" name="test_machine_profile_json_rejects_empty_rigid_frame_labels" time="0.002" /><testcase classname="tests.test_machine_profiles.MachineSerializationTests" name="test_machine_profile_json_round_trip_is_lossless" time="0.001" /><testcase classname="tests.test_machine_profiles.MachineSerializationTests" name="test_post_axis_map_converts_internal_radians_to_degrees" time="0.000" /><testcase classname="tests.test_machine_profiles.MachineSerializationTests" name="test_reference_only_requires_a_json_boolean_and_defaults_true" time="0.002" /><testcase classname="tests.test_manufacturing_resources.NozzleProfileTests" name="test_builtin_identity_templates_are_immutable_and_incomplete" time="0.001" /><testcase classname="tests.test_manufacturing_resources.NozzleProfileTests" name="test_complete_user_nozzle_is_ready_and_round_trips" time="0.001" /><testcase classname="tests.test_manufacturing_resources.NozzleProfileTests" name="test_copying_template_does_not_mutate_builtin" time="0.000" /><testcase classname="tests.test_manufacturing_resources.NozzleProfileTests" name="test_is_builtin_requires_a_json_boolean_and_defaults_false" time="0.001" /><testcase classname="tests.test_manufacturing_resources.MaterialProfileTests" name="test_cura_templates_have_pinned_provenance_and_single_values" time="0.001" /><testcase classname="tests.test_manufacturing_resources.MaterialProfileTests" name="test_material_flags_require_json_booleans_and_keep_schema_defaults" time="0.003" /><testcase classname="tests.test_manufacturing_resources.MaterialProfileTests" name="test_material_templates_are_deeply_immutable" time="0.000" /><testcase classname="tests.test_manufacturing_resources.MaterialProfileTests" name="test_reviewed_copy_is_ready_and_json_round_trip_is_lossless" time="0.001" /><testcase classname="tests.test_manufacturing_resources.ResourceSnapshotTests" name="test_canonical_hash_is_independent_of_mapping_order" time="0.001" /><testcase classname="tests.test_manufacturing_resources.ResourceSnapshotTests" name="test_capture_accepts_machine_id_and_version_convention" time="0.001" /><testcase classname="tests.test_manufacturing_resources.ResourceSnapshotTests" name="test_snapshot_detects_payload_and_envelope_tampering" time="0.001" /><testcase classname="tests.test_manufacturing_resources.ResourceSnapshotTests" name="test_snapshot_is_deeply_immutable_and_round_trips" time="0.001" /><testcase classname="tests.test_manufacturing_resources.ResourceSnapshotTests" name="test_snapshot_type_guard_prevents_wrong_profile_restore" time="0.001" /><testcase classname="tests.test_result_preview.ResultPreviewPageTests" name="test_bilingual_type_ramp_is_readable_and_product_text_is_not_clipped" time="0.052" /><testcase classname="tests.test_result_preview.ResultPreviewPageTests" name="test_commit_failures_restore_scene_state_and_index_ownership" time="0.089" /><testcase classname="tests.test_result_preview.ResultPreviewPageTests" name="test_export_controls_are_absent" time="0.010" /><testcase classname="tests.test_result_preview.ResultPreviewPageTests" name="test_failed_replacement_retains_the_committed_scene" time="0.030" /><testcase classname="tests.test_result_preview.ResultPreviewPageTests" name="test_left_column_buttons_fit_at_minimum_supported_window_in_both_languages" time="0.024" /><testcase classname="tests.test_result_preview.ResultPreviewPageTests" name="test_prepare_failure_does_not_touch_viewer_or_state_and_closes_candidate_index" time="0.020" /><testcase classname="tests.test_result_preview.ResultPreviewPageTests" name="test_prepared_commit_rejects_intervening_state_change_without_viewer_mutation" time="0.025" /><testcase classname="tests.test_result_preview.ResultPreviewPageTests" name="test_source_markers_drive_stage_navigation_and_context_window" time="0.024" /><testcase classname="tests.test_result_preview.ResultPreviewPageTests" name="test_three_column_ratio_translation_and_parameter_save_are_presentation_only" time="0.012" /><testcase classname="tests.test_gcode_preview.GCodePreviewTests" name="test_a_b_a_file_never_mixes_machine_and_workpiece_segments" time="0.002" /><testcase classname="tests.test_gcode_preview.GCodePreviewTests" name="test_ac_rotary_coordinates_are_inversed_for_preview" time="0.002" /><testcase classname="tests.test_gcode_preview.GCodePreviewTests" name="test_confirmed_ac_file_uses_one_transform_for_zero_and_rotary_segments" time="0.003" /><testcase classname="tests.test_gcode_preview.GCodePreviewTests" name="test_height_width_defaults_and_inheritance_feed_beads" time="0.001" /><testcase classname="tests.test_gcode_preview.GCodePreviewTests" name="test_loads_gcode_file_and_keeps_summary" time="0.008" /><testcase classname="tests.test_gcode_preview.GCodePreviewTests" name="test_maps_orca_type_tags_and_relative_extrusion" time="0.002" /><testcase classname="tests.test_gcode_preview.GCodePreviewTests" name="test_modal_g1_lines_follow_previous_motion_command" time="0.001" /><testcase classname="tests.test_gcode_preview.GCodePreviewTests" name="test_nonzero_b_keeps_raw_machine_preview_and_reports_issue" time="0.001" /><testcase classname="tests.test_gcode_preview.GCodePreviewTests" name="test_preview_json_round_trip_preserves_kinematic_diagnostics" time="0.001" /><testcase classname="tests.test_gcode_preview.GCodePreviewTests" name="test_progress_state_is_layer_filtered_and_keeps_pure_e_steps" time="0.001" /><testcase classname="tests.test_gcode_preview.GCodePreviewTests" name="test_pure_e_moves_are_counted_but_not_path_segments" time="0.001" /><testcase classname="tests.test_gcode_preview.GCodePreviewTests" name="test_reads_fractal_layer_comments_and_absolute_e" time="0.001" /><testcase classname="tests.test_gcode_preview.GCodePreviewTests" name="test_timeline_remains_full_when_path_segments_are_sampled" time="0.001" /><testcase classname="tests.test_gcode_preview.GCodePreviewTests" name="test_unconfirmed_semantics_is_the_safe_default_for_rotary_nc" time="0.001" /><testcase classname="tests.test_gcode_preview.GCodePreviewTests" name="test_units_and_g92_apply_to_machine_axes_and_absolute_e" time="0.001" /><testcase classname="tests.test_gcode_preview.GCodePreviewTests" name="test_unknown_controller_semantics_keeps_raw_machine_preview" time="0.001" /><testcase classname="tests.test_gcode_preview.GCodePreviewTests" name="test_unknown_type_falls_back_to_unknown" time="0.000" /><testcase classname="tests.test_gcode_preview.GCodePreviewTests" name="test_unregistered_secondary_words_keep_complete_file_in_machine_space" time="0.001" /><testcase classname="tests.test_gcode_preview.GCodePreviewTests" name="test_zero_length_spatial_line_keeps_matlab_segment_count" time="0.001" /></testsuite></testsuites>