<?xml version="1.0" encoding="utf-8"?><testsuites name="pytest tests"><testsuite name="pytest" errors="0" failures="0" skipped="0" tests="31" time="74.989" timestamp="2026-09-11T19:36:46.915184+08:00" hostname="BelongtoTXF"><testcase classname="tests.test_tube_ui.TubeUiTests" name="test_build_numeric_editor_round_trips_through_model_coordinates" time="0.789" /><testcase classname="tests.test_tube_ui.TubeUiTests" name="test_cancelling_unknown_unit_choice_keeps_current_model_unchanged" time="0.857" /><testcase classname="tests.test_tube_ui.TubeUiTests" name="test_combined_model_and_gcode_failure_rolls_back_both_stages" time="1.104" /><testcase classname="tests.test_tube_ui.TubeUiTests" name="test_command_adapters_publish_one_full_refresh" time="0.632" /><testcase classname="tests.test_tube_ui.TubeUiTests" name="test_coordinate_geometry_picks_two_points_flip_apply_and_cancel" time="0.645" /><testcase classname="tests.test_tube_ui.TubeUiTests" name="test_dialog_background_load_prompts_on_unknown_unit_and_retries" time="1.143" /><testcase classname="tests.test_tube_ui.TubeUiTests" name="test_dirty_placement_is_not_rendered_in_machine_view" time="1.915" /><testcase classname="tests.test_tube_ui.TubeUiTests" name="test_face_and_vertex_selection_endpoints_remain_compatible" time="1.395" /><testcase classname="tests.test_tube_ui.TubeUiTests" name="test_failed_project_publication_restores_committed_session" time="1.692" /><testcase classname="tests.test_tube_ui.TubeUiTests" name="test_failed_save_restores_applied_and_discarded_drafts" time="2.022" /><testcase classname="tests.test_tube_ui.TubeUiTests" name="test_http_operation_set_uses_shared_revision_and_round_trips" time="2.300" /><testcase classname="tests.test_tube_ui.TubeUiTests" name="test_http_tube_mutation_reports_shared_revision_conflicts" time="1.680" /><testcase classname="tests.test_tube_ui.TubeUiTests" name="test_loaded_step_offers_coordinate_entry_without_reimport" time="1.864" /><testcase classname="tests.test_tube_ui.TubeUiTests" name="test_model_open_apis_forward_explicit_length_unit_override" time="2.264" /><testcase classname="tests.test_tube_ui.TubeUiTests" name="test_operation_editor_applies_roles_parameters_and_highlights_geometry" time="2.567" /><testcase classname="tests.test_tube_ui.TubeUiTests" name="test_pipe2_script_transaction_reaches_ready_and_reopens_with_yaml" time="1.959" /><testcase classname="tests.test_tube_ui.TubeUiTests" name="test_pipe2_setup_reaches_ready_with_warning_and_round_trips" time="2.789" /><testcase classname="tests.test_tube_ui.TubeUiTests" name="test_placement_controls_preview_draft_and_apply_or_cancel_atomically" time="3.115" /><testcase classname="tests.test_tube_ui.TubeUiTests" name="test_project_open_endpoint_replaces_or_clears_gcode_state" time="2.910" /><testcase classname="tests.test_tube_ui.TubeUiTests" name="test_repeated_sync_open_reclaims_wait_loops_and_worker_threads" time="3.336" /><testcase classname="tests.test_tube_ui.TubeUiTests" name="test_replacing_controller_without_model_clears_viewer_state" time="3.337" /><testcase classname="tests.test_tube_ui.TubeUiTests" name="test_script_console_default_height_keeps_viewer_usable" time="3.612" /><testcase classname="tests.test_tube_ui.TubeUiTests" name="test_step_file_dialog_enables_unknown_unit_prompting" time="3.273" /><testcase classname="tests.test_tube_ui.TubeUiTests" name="test_sync_model_open_failure_keeps_committed_state_without_dialog" time="3.759" /><testcase classname="tests.test_tube_ui.TubeUiTests" name="test_tube_page_has_dedicated_tree_and_bilingual_1600_layout" time="3.989" /><testcase classname="tests.test_tube_ui.TubeUiTests" name="test_ui_propagates_coordinate_dirty_state_and_issue_navigation" time="4.831" /><testcase classname="tests.test_tube_ui.TubeUiTests" name="test_ui_rejects_multiple_setups_before_committing_project" time="3.429" /><testcase classname="tests.test_tube_ui.TubeUiTests" name="test_ui_rejects_untyped_setup_before_mutating_committed_state" time="4.774" /><testcase classname="tests.test_tube_ui.TubeUiTests" name="test_workbench_cards_and_part_roles_follow_language" time="4.760" /></testsuite></testsuites>