<?xml version="1.0" encoding="utf-8"?><testsuites name="pytest tests"><testsuite name="pytest" errors="0" failures="0" skipped="0" tests="19" time="3.118" timestamp="2026-09-11T19:36:30.430972+08:00" hostname="BelongtoTXF"><testcase classname="tests.test_tube_indexed_pipeline.TubeInputAndGeometryTests" name="test_independently_generated_straight_and_arc_steps_match_truth" time="0.071" /><testcase classname="tests.test_tube_indexed_pipeline.TubeInputAndGeometryTests" name="test_non_circular_port_is_localised" time="0.001" /><testcase classname="tests.test_tube_indexed_pipeline.TubeInputAndGeometryTests" name="test_operation_rejects_role_aliasing_and_invalid_parameter_ranges" time="0.001" /><testcase classname="tests.test_tube_indexed_pipeline.TubeInputAndGeometryTests" name="test_operation_roles_parameters_dirty_and_round_trip" time="0.002" /><testcase classname="tests.test_tube_indexed_pipeline.TubeInputAndGeometryTests" name="test_pipe2_recognition_uses_current_step_topology" time="0.001" /><testcase classname="tests.test_tube_indexed_pipeline.TubeInputAndGeometryTests" name="test_selected_manual_centerline_edges_override_surface_chain" time="0.001" /><testcase classname="tests.test_tube_indexed_pipeline.IndexedPlanningTests" name="test_clearance_failure_is_localised" time="0.001" /><testcase classname="tests.test_tube_indexed_pipeline.IndexedPlanningTests" name="test_exact_occt_section_recovers_outer_inner_and_midwall" time="0.004" /><testcase classname="tests.test_tube_indexed_pipeline.IndexedPlanningTests" name="test_partial_tail_gets_a_centered_owned_layer" time="0.001" /><testcase classname="tests.test_tube_indexed_pipeline.IndexedPlanningTests" name="test_pipe2_toolpath_uses_exact_occt_sections" time="0.166" /><testcase classname="tests.test_tube_indexed_pipeline.IndexedPlanningTests" name="test_toolpath_has_closed_deposition_loops_and_explicit_safe_index_events" time="0.029" /><testcase classname="tests.test_tube_indexed_pipeline.IndexedPlanningTests" name="test_wedge_coverage_height_error_and_half_layer_locations" time="0.001" /><testcase classname="tests.test_tube_indexed_pipeline.XYZACKinematicsTests" name="test_build_transform_and_nonzero_rotary_centres_close_through_fk" time="0.003" /><testcase classname="tests.test_tube_indexed_pipeline.XYZACKinematicsTests" name="test_fk_round_trip_branch_unwrap_and_tool_length" time="0.006" /><testcase classname="tests.test_tube_indexed_pipeline.XYZACKinematicsTests" name="test_rotary_velocity_and_acceleration_limits_are_reported" time="0.005" /><testcase classname="tests.test_tube_indexed_pipeline.XYZACKinematicsTests" name="test_singularity_is_reported_and_unreachable_orientation_rejected" time="0.002" /><testcase classname="tests.test_tube_indexed_pipeline.IndexedValidationTests" name="test_clear_case_and_intermediate_swept_fixture_collision" time="0.072" /><testcase classname="tests.test_tube_indexed_pipeline.IndexedValidationTests" name="test_printed_ipw_collision_blocks_export" time="0.078" /><testcase classname="tests.test_tube_indexed_pipeline.IndexedValidationTests" name="test_substrate_tip_contact_is_allowed_but_fixture_contact_is_not" time="0.020" /></testsuite></testsuites>