<?xml version="1.0" encoding="utf-8"?><testsuites name="pytest tests"><testsuite name="pytest" errors="0" failures="0" skipped="0" tests="55" time="170.255" timestamp="2026-09-11T20:47:16.922207+08:00" hostname="BelongtoTXF"><testcase classname="tests.test_script_console.ScriptConsoleTests" name="test_completion_replaces_full_quoted_resource_id_prefix" time="0.021" /><testcase classname="tests.test_script_console.ScriptConsoleTests" name="test_completion_uses_provider_without_executing" time="0.005" /><testcase classname="tests.test_script_console.ScriptConsoleTests" name="test_enter_executes_line_and_control_enter_executes_block" time="0.008" /><testcase classname="tests.test_script_console.ScriptConsoleTests" name="test_executes_buffer_and_persists_deduplicated_history" time="0.023" /><testcase classname="tests.test_script_console.ScriptConsoleTests" name="test_manager_guards_all_dock_focus_and_releases_when_hidden" time="0.055" /><testcase classname="tests.test_script_console.ScriptConsoleTests" name="test_manager_saves_height_after_splitter_resize" time="0.015" /><testcase classname="tests.test_script_console.ScriptConsoleTests" name="test_manager_tracks_tube_context_and_guards_viewer_shortcuts" time="0.023" /><testcase classname="tests.test_script_console.ScriptConsoleTests" name="test_output_renders_setup_node_marker_as_link" time="0.013" /><testcase classname="tests.test_script_console.ScriptConsoleTests" name="test_parent_visibility_close_and_explicit_collapse_preserve_preference" time="0.057" /><testcase classname="tests.test_tube_ui.TubeUiTests" name="test_build_numeric_editor_round_trips_through_model_coordinates" time="0.745" /><testcase classname="tests.test_tube_ui.TubeUiTests" name="test_cancelling_unknown_unit_choice_keeps_current_model_unchanged" time="0.856" /><testcase classname="tests.test_tube_ui.TubeUiTests" name="test_combined_model_and_gcode_failure_rolls_back_both_stages" time="0.639" /><testcase classname="tests.test_tube_ui.TubeUiTests" name="test_command_adapters_publish_one_full_refresh" time="0.883" /><testcase classname="tests.test_tube_ui.TubeUiTests" name="test_coordinate_geometry_picks_two_points_flip_apply_and_cancel" time="0.968" /><testcase classname="tests.test_tube_ui.TubeUiTests" name="test_dialog_background_load_prompts_on_unknown_unit_and_retries" time="1.398" /><testcase classname="tests.test_tube_ui.TubeUiTests" name="test_dirty_placement_is_not_rendered_in_machine_view" time="3.102" /><testcase classname="tests.test_tube_ui.TubeUiTests" name="test_face_and_vertex_selection_endpoints_remain_compatible" time="1.595" /><testcase classname="tests.test_tube_ui.TubeUiTests" name="test_failed_project_publication_restores_committed_session" time="2.228" /><testcase classname="tests.test_tube_ui.TubeUiTests" name="test_failed_save_restores_applied_and_discarded_drafts" time="3.256" /><testcase classname="tests.test_tube_ui.TubeUiTests" name="test_http_operation_set_uses_shared_revision_and_round_trips" time="1.778" /><testcase classname="tests.test_tube_ui.TubeUiTests" name="test_http_tube_mutation_reports_shared_revision_conflicts" time="2.201" /><testcase classname="tests.test_tube_ui.TubeUiTests" name="test_loaded_step_offers_coordinate_entry_without_reimport" time="2.409" /><testcase classname="tests.test_tube_ui.TubeUiTests" name="test_model_open_apis_forward_explicit_length_unit_override" time="2.777" /><testcase classname="tests.test_tube_ui.TubeUiTests" name="test_operation_editor_applies_roles_parameters_and_highlights_geometry" time="2.057" /><testcase classname="tests.test_tube_ui.TubeUiTests" name="test_operation_editor_keeps_apply_visible_at_laptop_size" time="2.403" /><testcase classname="tests.test_tube_ui.TubeUiTests" name="test_pipe2_script_transaction_reaches_ready_and_reopens_with_yaml" time="2.822" /><testcase classname="tests.test_tube_ui.TubeUiTests" name="test_pipe2_setup_reaches_ready_with_warning_and_round_trips" time="2.880" /><testcase classname="tests.test_tube_ui.TubeUiTests" name="test_placement_controls_preview_draft_and_apply_or_cancel_atomically" time="3.339" /><testcase classname="tests.test_tube_ui.TubeUiTests" name="test_project_open_endpoint_replaces_or_clears_gcode_state" time="3.172" /><testcase classname="tests.test_tube_ui.TubeUiTests" name="test_repeated_sync_open_reclaims_wait_loops_and_worker_threads" time="3.469" /><testcase classname="tests.test_tube_ui.TubeUiTests" name="test_replacing_controller_without_model_clears_viewer_state" time="3.809" /><testcase classname="tests.test_tube_ui.TubeUiTests" name="test_script_console_default_height_keeps_viewer_usable" time="3.849" /><testcase classname="tests.test_tube_ui.TubeUiTests" name="test_step_file_dialog_enables_unknown_unit_prompting" time="4.411" /><testcase classname="tests.test_tube_ui.TubeUiTests" name="test_sync_model_open_failure_keeps_committed_state_without_dialog" time="4.891" /><testcase classname="tests.test_tube_ui.TubeUiTests" name="test_tube_page_has_dedicated_tree_and_bilingual_1600_layout" time="4.867" /><testcase classname="tests.test_tube_ui.TubeUiTests" name="test_ui_propagates_coordinate_dirty_state_and_issue_navigation" time="4.270" /><testcase classname="tests.test_tube_ui.TubeUiTests" name="test_ui_rejects_multiple_setups_before_committing_project" time="3.678" /><testcase classname="tests.test_tube_ui.TubeUiTests" name="test_ui_rejects_untyped_setup_before_mutating_committed_state" time="4.849" /><testcase classname="tests.test_tube_ui.TubeUiTests" name="test_workbench_cards_and_part_roles_follow_language" time="4.916" /><testcase classname="tests.test_ui_state.UiStateTests" name="test_coordinate_label_distinguishes_reconstructed_and_unresolved_raw_preview" time="0.001" /><testcase classname="tests.test_ui_state.UiStateTests" name="test_home_gcode_viewer_entry_opens_empty_result_preview" time="5.499" /><testcase classname="tests.test_ui_state.UiStateTests" name="test_parameter_labels_and_segment_panel_are_translated" time="6.231" /><testcase classname="tests.test_ui_state.UiStateTests" name="test_preview_progress_endpoint_updates_current_step" time="7.172" /><testcase classname="tests.test_ui_state.UiStateTests" name="test_preview_visibility_endpoint_updates_settings" time="8.074" /><testcase classname="tests.test_ui_state.UiStateTests" name="test_result_export_endpoint_and_public_state_are_absent" time="9.446" /><testcase classname="tests.test_ui_state.UiStateTests" name="test_result_menus_and_language_preference_are_global" time="20.110" /><testcase classname="tests.test_ui_state.UiStateTests" name="test_result_source_paths_elide_without_widening_the_supported_layout" time="11.552" /><testcase classname="tests.test_ui_state.UiStateTests" name="test_results_open_endpoint_commits_background_gcode_atomically" time="7.969" /><testcase classname="tests.test_ui_state.UiStateTests" name="test_workbench_and_language_state_are_exposed" time="7.305" /></testsuite></testsuites>