<?xml version="1.0" encoding="utf-8"?><testsuites name="pytest tests"><testsuite name="pytest" errors="0" failures="0" skipped="0" tests="52" time="38.150" timestamp="2026-09-12T12:55:07.191299+08:00" hostname="BelongtoTXF"><testcase classname="tests.test_generated_gcode_readback" name="test_handwritten_material_and_terminal_event_truth" time="0.002" /><testcase classname="tests.test_generated_gcode_readback" name="test_writer_preserves_events_including_after_last_point_and_sets_initial_e" time="0.002" /><testcase classname="tests.test_generated_gcode_readback" name="test_all_five_audit_mutations_are_rejected[extrusion_x2]" time="0.002" /><testcase classname="tests.test_generated_gcode_readback" name="test_all_five_audit_mutations_are_rejected[relative_axes]" time="0.001" /><testcase classname="tests.test_generated_gcode_readback" name="test_all_five_audit_mutations_are_rejected[relative_extrusion]" time="0.001" /><testcase classname="tests.test_generated_gcode_readback" name="test_all_five_audit_mutations_are_rejected[events_removed]" time="0.002" /><testcase classname="tests.test_generated_gcode_readback" name="test_all_five_audit_mutations_are_rejected[unmarked_move]" time="0.001" /><testcase classname="tests.test_generated_gcode_readback" name="test_complete_instruction_stream_and_each_event_are_checked[G21\n-]" time="0.002" /><testcase classname="tests.test_generated_gcode_readback" name="test_complete_instruction_stream_and_each_event_are_checked[G21-G20]" time="0.001" /><testcase classname="tests.test_generated_gcode_readback" name="test_complete_instruction_stream_and_each_event_are_checked[G90\n-]" time="0.001" /><testcase classname="tests.test_generated_gcode_readback" name="test_complete_instruction_stream_and_each_event_are_checked[M82\n-]" time="0.001" /><testcase classname="tests.test_generated_gcode_readback" name="test_complete_instruction_stream_and_each_event_are_checked[G92 E0\n-]" time="0.002" /><testcase classname="tests.test_generated_gcode_readback" name="test_complete_instruction_stream_and_each_event_are_checked[G92 E0-G92 E5]" time="0.001" /><testcase classname="tests.test_generated_gcode_readback" name="test_complete_instruction_stream_and_each_event_are_checked[G1 X3-G91\nG90\nG1 X3]" time="0.001" /><testcase classname="tests.test_generated_gcode_readback" name="test_complete_instruction_stream_and_each_event_are_checked[G1 X3-G92 E0\nG1 X3]" time="0.002" /><testcase classname="tests.test_generated_gcode_readback" name="test_complete_instruction_stream_and_each_event_are_checked[E3.75 F60\n; T08 EVENT retract1-E4.75 F60\n; T08 EVENT retract1]" time="0.001" /><testcase classname="tests.test_generated_gcode_readback" name="test_complete_instruction_stream_and_each_event_are_checked[G1 E3 F60-G1 E3.1 F60]" time="0.001" /><testcase classname="tests.test_generated_gcode_readback" name="test_complete_instruction_stream_and_each_event_are_checked[G1 E0.75 F60-G1 E0.75 F61]" time="0.001" /><testcase classname="tests.test_generated_gcode_readback" name="test_complete_instruction_stream_and_each_event_are_checked[G1 X4 Y2-G1 X4 Y5]" time="0.001" /><testcase classname="tests.test_generated_gcode_readback" name="test_complete_instruction_stream_and_each_event_are_checked[G1 X4 Y2-G1 X4 X4 Y2]" time="0.001" /><testcase classname="tests.test_generated_gcode_readback" name="test_complete_instruction_stream_and_each_event_are_checked[G1 X3 Y2-G1 X3 E3 Y2]" time="0.001" /><testcase classname="tests.test_generated_gcode_readback" name="test_complete_instruction_stream_and_each_event_are_checked[G1 X3 Y2-G1 X3 U0 Y2]" time="0.001" /><testcase classname="tests.test_generated_gcode_readback" name="test_complete_instruction_stream_and_each_event_are_checked[G1 X3 Y2-G1 Xnan Y2]" time="0.001" /><testcase classname="tests.test_generated_gcode_readback" name="test_complete_instruction_stream_and_each_event_are_checked[G1 X3 Y2-G1 Xinf Y2]" time="0.001" /><testcase classname="tests.test_generated_gcode_readback" name="test_complete_instruction_stream_and_each_event_are_checked[G1 X3 Y2-G1 X3 Y2 BAD]" time="0.001" /><testcase classname="tests.test_generated_gcode_readback" name="test_complete_instruction_stream_and_each_event_are_checked[G1 X3 Y2-G0 X3 Y2]" time="0.001" /><testcase classname="tests.test_generated_gcode_readback" name="test_complete_instruction_stream_and_each_event_are_checked[; T08 POINT 4 p4-; T08 POINT 3 p4]" time="0.002" /><testcase classname="tests.test_generated_gcode_readback" name="test_complete_instruction_stream_and_each_event_are_checked[; T08 POINT 4 p4-; T08 POINT 4 p2]" time="0.001" /><testcase classname="tests.test_generated_gcode_readback" name="test_complete_instruction_stream_and_each_event_are_checked[; T08 EVENT prime2 prime-; T08 EVENT prime1 prime]" time="0.001" /><testcase classname="tests.test_generated_gcode_readback" name="test_complete_instruction_stream_and_each_event_are_checked[; T08 EVENT done finish\n-]" time="0.002" /><testcase classname="tests.test_generated_gcode_readback" name="test_complete_instruction_stream_and_each_event_are_checked[M400\n-]" time="0.001" /><testcase classname="tests.test_generated_gcode_readback" name="test_complete_instruction_stream_and_each_event_are_checked[M2\n-]" time="0.002" /><testcase classname="tests.test_generated_gcode_readback" name="test_complete_instruction_stream_and_each_event_are_checked[M400\nM2-M2\nM400]" time="0.001" /><testcase classname="tests.test_generated_gcode_readback" name="test_complete_instruction_stream_and_each_event_are_checked[M2\n-M2\nG1 X999 F60\n]" time="0.001" /><testcase classname="tests.test_generated_gcode_readback" name="test_finish_moved_before_motion_is_rejected" time="0.001" /><testcase classname="tests.test_generated_gcode_readback" name="test_small_and_zero_volume_deposition_are_not_confused_with_missing_extrusion[1e-06]" time="0.002" /><testcase classname="tests.test_generated_gcode_readback" name="test_small_and_zero_volume_deposition_are_not_confused_with_missing_extrusion[1e-12]" time="0.002" /><testcase classname="tests.test_generated_gcode_readback" name="test_small_and_zero_volume_deposition_are_not_confused_with_missing_extrusion[1e-16]" time="0.001" /><testcase classname="tests.test_generated_gcode_readback" name="test_small_and_zero_volume_deposition_are_not_confused_with_missing_extrusion[0.0]" time="0.001" /><testcase classname="tests.test_generated_gcode_readback" name="test_wrong_filament_diameter_is_detected" time="0.001" /><testcase classname="tests.test_generated_gcode_readback" name="test_marker_tag_and_fractional_feed_are_preserved" time="0.001" /><testcase classname="tests.test_generated_gcode_readback" name="test_ambiguous_or_wrong_signed_extrusion_events_cannot_be_emitted[context0]" time="0.001" /><testcase classname="tests.test_generated_gcode_readback" name="test_ambiguous_or_wrong_signed_extrusion_events_cannot_be_emitted[context1]" time="0.001" /><testcase classname="tests.test_generated_gcode_readback" name="test_ambiguous_or_wrong_signed_extrusion_events_cannot_be_emitted[context2]" time="0.001" /><testcase classname="tests.test_generated_gcode_readback" name="test_ambiguous_or_wrong_signed_extrusion_events_cannot_be_emitted[context3]" time="0.001" /><testcase classname="tests.test_generated_gcode_readback" name="test_ambiguous_or_wrong_signed_extrusion_events_cannot_be_emitted[context4]" time="0.001" /><testcase classname="tests.test_generated_gcode_readback" name="test_ambiguous_or_wrong_signed_extrusion_events_cannot_be_emitted[context5]" time="0.001" /><testcase classname="tests.test_generated_gcode_readback" name="test_finish_with_explicit_early_sequence_cannot_be_emitted" time="0.001" /><testcase classname="tests.test_tube_indexed_product_flow.TubeIndexedProductFlowTests" name="test_cancelled_export_leaves_last_complete_result_in_place" time="5.020" /><testcase classname="tests.test_tube_indexed_product_flow.TubeIndexedProductFlowTests" name="test_changed_parameters_become_stale_and_state_reopens" time="4.083" /><testcase classname="tests.test_tube_indexed_product_flow.TubeIndexedProductFlowTests" name="test_pipe2_generates_exports_and_reads_back" time="4.306" /><testcase classname="tests.test_tube_indexed_product_flow.TubeIndexedProductFlowTests" name="test_validation_error_cannot_be_exported" time="21.202" /></testsuite></testsuites>