<?xml version="1.0" encoding="utf-8"?><testsuites name="pytest tests"><testsuite name="pytest" errors="0" failures="1" skipped="0" tests="32" time="8.148" timestamp="2026-09-12T13:17:29.132775+08:00" hostname="BelongtoTXF"><testcase classname="tests.test_planar_ui_diagnostics" name="test_returned_error_product_reports_export_block_and_localized_cause[planar.bead_envelope_outside_region-phrases0-zh]" time="0.092" /><testcase classname="tests.test_planar_ui_diagnostics" name="test_returned_error_product_reports_export_block_and_localized_cause[planar.bead_envelope_outside_region-phrases0-en]" time="0.074" /><testcase classname="tests.test_planar_ui_diagnostics" name="test_returned_error_product_reports_export_block_and_localized_cause[planar.material_exceeds_solid_volume-phrases1-zh]" time="0.075" /><testcase classname="tests.test_planar_ui_diagnostics" name="test_returned_error_product_reports_export_block_and_localized_cause[planar.material_exceeds_solid_volume-phrases1-en]" time="0.078" /><testcase classname="tests.test_planar_ui_diagnostics" name="test_returned_error_product_reports_export_block_and_localized_cause[planar.support_travel_intersects_target_cad-phrases2-zh]" time="0.075" /><testcase classname="tests.test_planar_ui_diagnostics" name="test_returned_error_product_reports_export_block_and_localized_cause[planar.support_travel_intersects_target_cad-phrases2-en]" time="0.077" /><testcase classname="tests.test_planar_ui_diagnostics" name="test_returned_error_product_reports_export_block_and_localized_cause[planar.spiral_bead_outside_cad-phrases3-zh]" time="0.076" /><testcase classname="tests.test_planar_ui_diagnostics" name="test_returned_error_product_reports_export_block_and_localized_cause[planar.spiral_bead_outside_cad-phrases3-en]" time="0.080" /><testcase classname="tests.test_planar_ui_diagnostics" name="test_warning_product_keeps_export_state_and_explains_limit[planar.support_joint_schedule_unverified-phrases0-zh]" time="0.078" /><testcase classname="tests.test_planar_ui_diagnostics" name="test_warning_product_keeps_export_state_and_explains_limit[planar.support_joint_schedule_unverified-phrases0-en]" time="0.078" /><testcase classname="tests.test_planar_ui_diagnostics" name="test_warning_product_keeps_export_state_and_explains_limit[planar.spiral_cad_sampled-phrases1-zh]" time="0.076" /><testcase classname="tests.test_planar_ui_diagnostics" name="test_warning_product_keeps_export_state_and_explains_limit[planar.spiral_cad_sampled-phrases1-en]" time="0.078" /><testcase classname="tests.test_planar_ui_diagnostics" name="test_generate_is_disabled_before_click_for_incomplete_applied_setup[missing_material-zh]" time="0.020" /><testcase classname="tests.test_planar_ui_diagnostics" name="test_generate_is_disabled_before_click_for_incomplete_applied_setup[missing_material-en]" time="0.020" /><testcase classname="tests.test_planar_ui_diagnostics" name="test_generate_is_disabled_before_click_for_incomplete_applied_setup[unreviewed_material-zh]" time="0.020" /><testcase classname="tests.test_planar_ui_diagnostics" name="test_generate_is_disabled_before_click_for_incomplete_applied_setup[unreviewed_material-en]" time="0.020" /><testcase classname="tests.test_planar_ui_diagnostics" name="test_generate_is_disabled_before_click_for_incomplete_applied_setup[draft-zh]" time="0.021" /><testcase classname="tests.test_planar_ui_diagnostics" name="test_generate_is_disabled_before_click_for_incomplete_applied_setup[draft-en]" time="0.021" /><testcase classname="tests.test_planar_ui_diagnostics" name="test_generate_is_disabled_before_click_for_incomplete_applied_setup[missing_part-zh]" time="0.020" /><testcase classname="tests.test_planar_ui_diagnostics" name="test_generate_is_disabled_before_click_for_incomplete_applied_setup[missing_part-en]" time="0.021" /><testcase classname="tests.test_planar_ui_diagnostics" name="test_exception_error_survives_language_switch_with_localized_reason" time="0.025"><failure message="AssertionError: assert 'planar.spiral_layers_insufficient' in '警告 — MACHINE_REFERENCE_ONLY (builtin.machine.generic_xyzac_reference.v1)'&#10; +  where '警告 — MACHINE_REFERENCE_ONLY (builtin.machine.generic_xyzac_reference.v1)' = &lt;built-in method text of QLabel object at 0x000001D7C39931D0&gt;()&#10; +    where &lt;built-in method text of QLabel object at 0x000001D7C39931D0&gt; = &lt;PyQt5.QtWidgets.QLabel object at 0x000001D7C39931D0&gt;.text&#10; +      where &lt;PyQt5.QtWidgets.QLabel object at 0x000001D7C39931D0&gt; = &lt;five_axis_slicer.planar_ui.PlanarPage object at 0x000001D7C290FEC0&gt;.issues_label">def test_exception_error_survives_language_switch_with_localized_reason():
        page = _page(operation_type="planar_spiral")
        page.generate_button.click()
        assert "禁止导出" in page.status_label.text()
&gt;       assert "planar.spiral_layers_insufficient" in page.issues_label.text()
E       AssertionError: assert 'planar.spiral_layers_insufficient' in '警告 — MACHINE_REFERENCE_ONLY (builtin.machine.generic_xyzac_reference.v1)'
E        +  where '警告 — MACHINE_REFERENCE_ONLY (builtin.machine.generic_xyzac_reference.v1)' = &lt;built-in method text of QLabel object at 0x000001D7C39931D0&gt;()
E        +    where &lt;built-in method text of QLabel object at 0x000001D7C39931D0&gt; = &lt;PyQt5.QtWidgets.QLabel object at 0x000001D7C39931D0&gt;.text
E        +      where &lt;PyQt5.QtWidgets.QLabel object at 0x000001D7C39931D0&gt; = &lt;five_axis_slicer.planar_ui.PlanarPage object at 0x000001D7C290FEC0&gt;.issues_label

tests\test_planar_ui_diagnostics.py:142: AssertionError</failure></testcase><testcase classname="tests.test_planar_ui" name="test_apply_routes_planar_inputs_through_gui_command_service" time="0.006" /><testcase classname="tests.test_planar_ui" name="test_apply_routes_p03_p05_parameters_and_english_labels" time="0.007" /><testcase classname="tests.test_planar_ui" name="test_p03_p05_gui_generate_and_export_enable[planar_offset]" time="0.120" /><testcase classname="tests.test_planar_ui" name="test_p03_p05_gui_generate_and_export_enable[planar_thin_wall]" time="0.066" /><testcase classname="tests.test_planar_ui" name="test_p03_p05_gui_generate_and_export_enable[planar_spiral]" time="1.097" /><testcase classname="tests.test_planar_ui" name="test_spiral_gui_reports_error_and_recovers_after_layer_fix" time="1.117" /><testcase classname="tests.test_planar_ui" name="test_generate_emits_the_generated_preview_toolpath" time="0.022" /><testcase classname="tests.test_planar_ui" name="test_invalid_generation_is_disabled_and_english_text_is_applied" time="0.002" /><testcase classname="tests.test_planar_ui" name="test_editor_contains_long_support_status_without_horizontal_overflow[1366-768-planar.support_region_too_narrow: generated support region contains no printable bead-width segment]" time="0.024" /><testcase classname="tests.test_planar_ui" name="test_editor_contains_long_support_status_without_horizontal_overflow[1920-1080-planar.support_buildplate_first_layer_required: first requested layer must represent the buildplate deposition layer]" time="0.013" /><testcase classname="tests.test_planar_ui" name="test_main_window_routes_planar_workbench_and_exposes_state" time="0.736" /></testsuite></testsuites>