<?xml version="1.0" encoding="utf-8"?><testsuites name="pytest tests"><testsuite name="pytest" errors="0" failures="0" skipped="0" tests="27" time="5.326" timestamp="2026-09-12T13:06:21.270391+08:00" hostname="BelongtoTXF"><testcase classname="tests.test_planar_generation_qualification" name="test_legacy_v1_state_keeps_preview_payload_but_requires_regeneration[ready]" time="0.132" /><testcase classname="tests.test_planar_generation_qualification" name="test_legacy_v1_state_keeps_preview_payload_but_requires_regeneration[warning]" time="0.133" /><testcase classname="tests.test_planar_generation_qualification" name="test_current_v2_state_reopens_ready_with_identical_context" time="0.128" /><testcase classname="tests.test_planar_generation_qualification" name="test_restored_state_cannot_reuse_qualification_for_changed_inputs[placement]" time="0.133" /><testcase classname="tests.test_planar_generation_qualification" name="test_restored_state_cannot_reuse_qualification_for_changed_inputs[nozzle]" time="0.129" /><testcase classname="tests.test_planar_generation_qualification" name="test_restored_state_cannot_reuse_qualification_for_changed_inputs[material]" time="0.137" /><testcase classname="tests.test_planar_generation_qualification" name="test_restored_state_cannot_reuse_qualification_for_changed_inputs[build]" time="0.136" /><testcase classname="tests.test_planar_generation_qualification" name="test_restored_state_cannot_reuse_qualification_for_changed_inputs[parameters]" time="0.134" /><testcase classname="tests.test_planar_generation_qualification" name="test_incomplete_setup_is_rejected_before_path_generation[material]" time="0.007" /><testcase classname="tests.test_planar_generation_qualification" name="test_incomplete_setup_is_rejected_before_path_generation[nozzle]" time="0.007" /><testcase classname="tests.test_planar_generation_qualification" name="test_incomplete_setup_is_rejected_before_path_generation[machine]" time="0.006" /><testcase classname="tests.test_planar_generation_qualification" name="test_unreviewed_material_cannot_generate_path" time="0.007" /><testcase classname="tests.test_planar_generation_qualification" name="test_setup_change_keeps_previous_result_but_blocks_export" time="0.130" /><testcase classname="tests.test_planar_generation_qualification" name="test_parameter_change_during_generation_cannot_publish_obsolete_result" time="0.240" /><testcase classname="tests.test_planar_generation_qualification" name="test_changed_source_bytes_with_live_cad_and_old_result_block_export" time="0.134" /><testcase classname="tests.test_planar_generation_qualification" name="test_model_display_frame_does_not_change_source_geometry_or_nc" time="0.242" /><testcase classname="tests.test_planar_generation_qualification" name="test_build_frame_shift_changes_source_section_coordinates_and_machine_axes" time="0.239" /><testcase classname="tests.test_planar_controller" name="test_controller_persists_operations_and_stable_body_reference" time="0.001" /><testcase classname="tests.test_planar_controller" name="test_model_from_build_uses_confirmed_setup_coordinate_definitions" time="0.001" /><testcase classname="tests.test_planar_controller" name="test_source_update_rebind_failure_keeps_reference_and_marks_invalid" time="0.001" /><testcase classname="tests.test_planar_controller" name="test_setup_change_marks_every_operation_dirty" time="0.001" /><testcase classname="tests.test_planar_region_product" name="test_region_product_uses_build_frame_and_is_preview_only" time="0.009" /><testcase classname="tests.test_planar_region_product" name="test_region_product_state_becomes_stale_after_parameter_change" time="0.010" /><testcase classname="tests.test_planar_region_product" name="test_controller_generation_and_cancel_keep_previous_ready_result" time="0.012" /><testcase classname="tests.test_planar_zigzag_product" name="test_zigzag_product_generates_reads_back_and_exports_six_files" time="0.162" /><testcase classname="tests.test_planar_zigzag_product" name="test_controller_zigzag_generation_and_export" time="0.136" /><testcase classname="tests.test_planar_zigzag_product" name="test_zigzag_cancel_preserves_ready_then_parameter_change_is_stale" time="0.127" /></testsuite></testsuites>