<?xml version="1.0" encoding="utf-8"?><testsuites name="pytest tests"><testsuite name="pytest" errors="0" failures="0" skipped="3" tests="535" time="218.036" timestamp="2026-09-11T12:34:49.868965+08:00" hostname="BelongtoTXF"><testcase classname="tests.test_automation" name="test_loopback_detection_is_explicit" time="0.001" /><testcase classname="tests.test_automation" name="test_remote_bind_requires_opt_in_and_strong_token" time="0.001" /><testcase classname="tests.test_automation" name="test_configured_token_protects_http_requests" time="0.918" /><testcase classname="tests.test_automation" name="test_loopback_rejects_get_for_mutating_route" time="0.514" /><testcase classname="tests.test_automation" name="test_loopback_allows_get_for_performance_state[/results/perf]" time="0.001" /><testcase classname="tests.test_automation" name="test_loopback_allows_get_for_performance_state[/preview/perf]" time="0.001" /><testcase classname="tests.test_automation" name="test_loopback_post_requires_json_media_type" time="0.513" /><testcase classname="tests.test_automation" name="test_loopback_rejects_untrusted_browser_authority[Host-attacker.example]" time="0.510" /><testcase classname="tests.test_automation" name="test_loopback_rejects_untrusted_browser_authority[Origin-https://attacker.example]" time="0.513" /><testcase classname="tests.test_automation" name="test_loopback_accepts_script_json_and_same_origin_browser_requests" time="0.542" /><testcase classname="tests.test_cache_resilience.CacheResilienceTests" name="test_default_cache_paths_do_not_depend_on_current_working_directory" time="0.021" /><testcase classname="tests.test_cache_resilience.CacheResilienceTests" name="test_preview_cache_cancellation_is_not_downgraded_to_cache_failure" time="0.009" /><testcase classname="tests.test_cache_resilience.CacheResilienceTests" name="test_preview_cache_identity_includes_confirmed_controller_semantics" time="0.009" /><testcase classname="tests.test_cache_resilience.CacheResilienceTests" name="test_preview_cache_identity_includes_content_hash" time="0.007" /><testcase classname="tests.test_cache_resilience.CacheResilienceTests" name="test_preview_load_survives_cache_write_failure" time="0.008" /><testcase classname="tests.test_cache_resilience.CacheResilienceTests" name="test_source_index_cache_cancellation_propagates_and_cleans_temp" time="0.008" /><testcase classname="tests.test_cache_resilience.CacheResilienceTests" name="test_source_index_survives_cache_replace_failure_and_cleans_temps" time="0.009" /><testcase classname="tests.test_cache_resilience.CacheResilienceTests" name="test_source_signature_hash_can_be_cancelled_between_chunks" time="0.006" /><testcase classname="tests.test_cache_resilience.CacheResilienceTests" name="test_source_signature_is_a_loaded_file_snapshot" time="0.013" /><testcase classname="tests.test_cache_resilience.CacheResilienceTests" name="test_unwritable_qt_cache_location_uses_temporary_fallback" time="0.011" /><testcase classname="tests.test_command_kernel.CommandKernelTests" name="test_busy_guard_and_strict_command_signature" time="0.001" /><testcase classname="tests.test_command_kernel.CommandKernelTests" name="test_coordinate_and_placement_commands_reach_coordinates_valid" time="0.006" /><testcase classname="tests.test_command_kernel.CommandKernelTests" name="test_draft_guard_internal_apply_and_discard_semantics" time="0.002" /><testcase classname="tests.test_command_kernel.CommandKernelTests" name="test_external_state_detection_rebind_and_bounded_history" time="0.002" /><testcase classname="tests.test_command_kernel.CommandKernelTests" name="test_failed_domain_or_persistence_does_not_publish_candidate" time="0.001" /><testcase classname="tests.test_command_kernel.CommandKernelTests" name="test_notification_failure_does_not_reverse_a_committed_command" time="0.003" /><testcase classname="tests.test_command_kernel.CommandKernelTests" name="test_persistence_observes_candidate_before_live_publication" time="0.001" /><testcase classname="tests.test_command_kernel.CommandKernelTests" name="test_query_alias_revision_and_operation_update" time="0.001" /><testcase classname="tests.test_command_kernel.CommandKernelTests" name="test_resource_overrides_are_replay_stable_and_library_read_only" time="0.015" /><testcase classname="tests.test_command_kernel.CommandKernelTests" name="test_transaction_undo_redo_and_new_branch" time="0.002" /><testcase classname="tests.test_command_kernel.CommandKernelTests" name="test_validation_report_is_computed_before_persistence_and_publication" time="0.001" /><testcase classname="tests.test_gcode_preview.GCodePreviewTests" name="test_a_b_a_file_never_mixes_machine_and_workpiece_segments" time="0.002" /><testcase classname="tests.test_gcode_preview.GCodePreviewTests" name="test_ac_rotary_coordinates_are_inversed_for_preview" time="0.002" /><testcase classname="tests.test_gcode_preview.GCodePreviewTests" name="test_confirmed_ac_file_uses_one_transform_for_zero_and_rotary_segments" time="0.003" /><testcase classname="tests.test_gcode_preview.GCodePreviewTests" name="test_height_width_defaults_and_inheritance_feed_beads" time="0.001" /><testcase classname="tests.test_gcode_preview.GCodePreviewTests" name="test_loads_gcode_file_and_keeps_summary" time="0.007" /><testcase classname="tests.test_gcode_preview.GCodePreviewTests" name="test_maps_orca_type_tags_and_relative_extrusion" time="0.002" /><testcase classname="tests.test_gcode_preview.GCodePreviewTests" name="test_modal_g1_lines_follow_previous_motion_command" time="0.001" /><testcase classname="tests.test_gcode_preview.GCodePreviewTests" name="test_nonzero_b_keeps_raw_machine_preview_and_reports_issue" time="0.001" /><testcase classname="tests.test_gcode_preview.GCodePreviewTests" name="test_preview_json_round_trip_preserves_kinematic_diagnostics" time="0.001" /><testcase classname="tests.test_gcode_preview.GCodePreviewTests" name="test_progress_state_is_layer_filtered_and_keeps_pure_e_steps" time="0.001" /><testcase classname="tests.test_gcode_preview.GCodePreviewTests" name="test_pure_e_moves_are_counted_but_not_path_segments" time="0.001" /><testcase classname="tests.test_gcode_preview.GCodePreviewTests" name="test_reads_fractal_layer_comments_and_absolute_e" time="0.001" /><testcase classname="tests.test_gcode_preview.GCodePreviewTests" name="test_timeline_remains_full_when_path_segments_are_sampled" time="0.001" /><testcase classname="tests.test_gcode_preview.GCodePreviewTests" name="test_unconfirmed_semantics_is_the_safe_default_for_rotary_nc" time="0.001" /><testcase classname="tests.test_gcode_preview.GCodePreviewTests" name="test_units_and_g92_apply_to_machine_axes_and_absolute_e" time="0.001" /><testcase classname="tests.test_gcode_preview.GCodePreviewTests" name="test_unknown_controller_semantics_keeps_raw_machine_preview" time="0.001" /><testcase classname="tests.test_gcode_preview.GCodePreviewTests" name="test_unknown_type_falls_back_to_unknown" time="0.000" /><testcase classname="tests.test_gcode_preview.GCodePreviewTests" name="test_unregistered_secondary_words_keep_complete_file_in_machine_space" time="0.002" /><testcase classname="tests.test_gcode_preview.GCodePreviewTests" name="test_zero_length_spatial_line_keeps_matlab_segment_count" time="0.001" /><testcase classname="tests.test_geometry_rebinding.GeometryRebindingTests" name="test_ambiguous_geometry_is_never_selected_by_candidate_order" time="0.004" /><testcase classname="tests.test_geometry_rebinding.GeometryRebindingTests" name="test_controller_rejects_tampered_geometry_authority_and_resolved_values" time="0.021" /><testcase classname="tests.test_geometry_rebinding.GeometryRebindingTests" name="test_missing_matches_keep_auditable_references_and_invalidate_nodes" time="0.004" /><testcase classname="tests.test_geometry_rebinding.GeometryRebindingTests" name="test_reference_contains_auditable_parent_geometry_and_adjacency" time="0.001" /><testcase classname="tests.test_geometry_rebinding.GeometryRebindingTests" name="test_unique_match_rebinds_part_and_recalculates_coordinate_references" time="0.003" /><testcase classname="tests.test_machine_profiles.MachineProfileValidationTests" name="test_branching_inside_one_serial_side_is_rejected" time="0.001" /><testcase classname="tests.test_machine_profiles.MachineProfileValidationTests" name="test_builtin_profiles_are_valid_reference_resources" time="0.001" /><testcase classname="tests.test_machine_profiles.MachineProfileValidationTests" name="test_cycles_are_rejected" time="0.001" /><testcase classname="tests.test_machine_profiles.MachineProfileValidationTests" name="test_duplicate_joint_ids_are_rejected" time="0.001" /><testcase classname="tests.test_machine_profiles.MachineProfileValidationTests" name="test_joint_zero_transform_requires_exact_frame_labels" time="0.001" /><testcase classname="tests.test_machine_profiles.MachineProfileValidationTests" name="test_mount_transform_requires_exact_frame_labels" time="0.001" /><testcase classname="tests.test_machine_profiles.MachineProfileValidationTests" name="test_non_unit_axis_and_reversed_limits_are_rejected" time="0.001" /><testcase classname="tests.test_machine_profiles.MachineProfileValidationTests" name="test_unknown_mount_link_and_surface_are_rejected" time="0.001" /><testcase classname="tests.test_machine_profiles.MachineKinematicsTests" name="test_cartesian_chain_composes_parent_to_child_translations" time="0.001" /><testcase classname="tests.test_machine_profiles.MachineKinematicsTests" name="test_mount_transform_follows_workpiece_chain" time="0.001" /><testcase classname="tests.test_machine_profiles.MachineKinematicsTests" name="test_pipe2_fixed_nozzle_direction_matches_documented_ac_inverse" time="0.001" /><testcase classname="tests.test_machine_profiles.MachineKinematicsTests" name="test_rotation_center_remains_fixed" time="0.001" /><testcase classname="tests.test_machine_profiles.MachineKinematicsTests" name="test_soft_limits_are_enforced_during_forward_kinematics" time="0.001" /><testcase classname="tests.test_machine_profiles.MachineKinematicsTests" name="test_unknown_joint_position_is_rejected" time="0.001" /><testcase classname="tests.test_machine_profiles.MachineKinematicsTests" name="test_xyzac_uses_a_then_c_workpiece_chain" time="0.001" /><testcase classname="tests.test_machine_profiles.MachineSerializationTests" name="test_controller_values_apply_zero_offset_and_units" time="0.001" /><testcase classname="tests.test_machine_profiles.MachineSerializationTests" name="test_machine_profile_json_rejects_empty_rigid_frame_labels" time="0.002" /><testcase classname="tests.test_machine_profiles.MachineSerializationTests" name="test_machine_profile_json_round_trip_is_lossless" time="0.001" /><testcase classname="tests.test_machine_profiles.MachineSerializationTests" name="test_post_axis_map_converts_internal_radians_to_degrees" time="0.000" /><testcase classname="tests.test_machine_profiles.MachineSerializationTests" name="test_reference_only_requires_a_json_boolean_and_defaults_true" time="0.002" /><testcase classname="tests.test_manufacturing_coordinates.RigidTransformTests" name="test_confirmed_frame_rejects_a_transform_unrelated_to_references" time="0.001" /><testcase classname="tests.test_manufacturing_coordinates.RigidTransformTests" name="test_coordinate_definition_requires_explicit_source_and_target_labels" time="0.001" /><testcase classname="tests.test_manufacturing_coordinates.RigidTransformTests" name="test_coordinate_json_rejects_truthy_non_boolean_flags" time="0.001" /><testcase classname="tests.test_manufacturing_coordinates.RigidTransformTests" name="test_exact_half_turn_quaternion_has_one_stable_serialization" time="0.000" /><testcase classname="tests.test_manufacturing_coordinates.RigidTransformTests" name="test_from_frame_projects_x_and_constructs_right_handed_basis" time="0.000" /><testcase classname="tests.test_manufacturing_coordinates.RigidTransformTests" name="test_inverse_and_compose_preserve_frame_chain" time="0.001" /><testcase classname="tests.test_manufacturing_coordinates.RigidTransformTests" name="test_local_adjustment_exposes_euler_values_for_editor_round_trip" time="0.000" /><testcase classname="tests.test_manufacturing_coordinates.RigidTransformTests" name="test_local_adjustment_uses_reference_translate_rx_ry_rz_order" time="0.001" /><testcase classname="tests.test_manufacturing_coordinates.RigidTransformTests" name="test_rejects_collinear_nonfinite_and_nonrigid_input" time="0.001" /><testcase classname="tests.test_manufacturing_coordinates.RigidTransformTests" name="test_transform_and_coordinate_definition_json_round_trip" time="0.001" /><testcase classname="tests.test_manufacturing_resource_library.UserResourceLibraryTests" name="test_builtins_must_be_copied_before_they_can_be_saved" time="0.003" /><testcase classname="tests.test_manufacturing_resource_library.UserResourceLibraryTests" name="test_catalog_isolates_deeply_malformed_profile_payload" time="0.007" /><testcase classname="tests.test_manufacturing_resource_library.UserResourceLibraryTests" name="test_corrupt_or_future_entries_are_rejected" time="0.014" /><testcase classname="tests.test_manufacturing_resource_library.UserResourceLibraryTests" name="test_library_divergence_does_not_mutate_the_project_snapshot" time="0.013" /><testcase classname="tests.test_manufacturing_resource_library.UserResourceLibraryTests" name="test_missing_library_entry_is_reported_without_invalidating_snapshot" time="0.004" /><testcase classname="tests.test_manufacturing_resource_library.UserResourceLibraryTests" name="test_user_profile_is_atomically_saved_and_semantically_reloaded" time="0.012" /><testcase classname="tests.test_manufacturing_resources.NozzleProfileTests" name="test_builtin_identity_templates_are_immutable_and_incomplete" time="0.001" /><testcase classname="tests.test_manufacturing_resources.NozzleProfileTests" name="test_complete_user_nozzle_is_ready_and_round_trips" time="0.001" /><testcase classname="tests.test_manufacturing_resources.NozzleProfileTests" name="test_copying_template_does_not_mutate_builtin" time="0.000" /><testcase classname="tests.test_manufacturing_resources.NozzleProfileTests" name="test_is_builtin_requires_a_json_boolean_and_defaults_false" time="0.001" /><testcase classname="tests.test_manufacturing_resources.MaterialProfileTests" name="test_cura_templates_have_pinned_provenance_and_single_values" time="0.001" /><testcase classname="tests.test_manufacturing_resources.MaterialProfileTests" name="test_material_flags_require_json_booleans_and_keep_schema_defaults" time="0.003" /><testcase classname="tests.test_manufacturing_resources.MaterialProfileTests" name="test_material_templates_are_deeply_immutable" time="0.001" /><testcase classname="tests.test_manufacturing_resources.MaterialProfileTests" name="test_reviewed_copy_is_ready_and_json_round_trip_is_lossless" time="0.001" /><testcase classname="tests.test_manufacturing_resources.ResourceSnapshotTests" name="test_canonical_hash_is_independent_of_mapping_order" time="0.001" /><testcase classname="tests.test_manufacturing_resources.ResourceSnapshotTests" name="test_capture_accepts_machine_id_and_version_convention" time="0.001" /><testcase classname="tests.test_manufacturing_resources.ResourceSnapshotTests" name="test_snapshot_detects_payload_and_envelope_tampering" time="0.001" /><testcase classname="tests.test_manufacturing_resources.ResourceSnapshotTests" name="test_snapshot_is_deeply_immutable_and_round_trips" time="0.001" /><testcase classname="tests.test_manufacturing_resources.ResourceSnapshotTests" name="test_snapshot_type_guard_prevents_wrong_profile_restore" time="0.001" /><testcase classname="tests.test_manufacturing_setup.ManufacturingSetupTests" name="test_assignment_roles_must_be_disjoint" time="0.001" /><testcase classname="tests.test_manufacturing_setup.ManufacturingSetupTests" name="test_build_change_marks_placement_dirty_until_reapplied" time="0.004" /><testcase classname="tests.test_manufacturing_setup.ManufacturingSetupTests" name="test_complete_setup_reaches_ready_with_reference_machine_warning" time="0.003" /><testcase classname="tests.test_manufacturing_setup.ManufacturingSetupTests" name="test_empty_setup_reports_all_required_nodes_missing" time="0.001" /><testcase classname="tests.test_manufacturing_setup.ManufacturingSetupTests" name="test_json_boolean_fields_reject_truthy_substitutes_and_keep_defaults" time="0.003" /><testcase classname="tests.test_manufacturing_setup.ManufacturingSetupTests" name="test_legacy_inconsistent_nozzle_snapshot_fails_closed_after_round_trip" time="0.004" /><testcase classname="tests.test_manufacturing_setup.ManufacturingSetupTests" name="test_material_review_blocks_setup_but_not_coordinate_validity" time="0.003" /><testcase classname="tests.test_manufacturing_setup.ManufacturingSetupTests" name="test_model_and_build_slots_reject_swapped_frame_roles" time="0.003" /><testcase classname="tests.test_manufacturing_setup.ManufacturingSetupTests" name="test_operation_round_trip_and_dirty_reason_deduplication" time="0.000" /><testcase classname="tests.test_manufacturing_setup.ManufacturingSetupTests" name="test_placement_frame_labels_are_part_of_validity" time="0.003" /><testcase classname="tests.test_manufacturing_setup.ManufacturingSetupTests" name="test_placement_mount_must_belong_to_selected_machine" time="0.003" /><testcase classname="tests.test_manufacturing_setup.ManufacturingSetupTests" name="test_self_consistent_malformed_machine_snapshot_becomes_invalid" time="0.063" /><testcase classname="tests.test_manufacturing_setup.ManufacturingSetupTests" name="test_setup_and_report_json_round_trip" time="0.006" /><testcase classname="tests.test_opengl_tube_viewer.OpenGLTubeViewerTests" name="test_all_topology_modes_share_pick_request_contract" time="0.010" /><testcase classname="tests.test_opengl_tube_viewer.OpenGLTubeViewerTests" name="test_build_surface_rejects_invalid_geometry" time="0.001" /><testcase classname="tests.test_opengl_tube_viewer.OpenGLTubeViewerTests" name="test_camera_commands_match_vtk_signs_and_clamp_poles" time="0.001" /><testcase classname="tests.test_opengl_tube_viewer.OpenGLTubeViewerTests" name="test_coordinate_frames_and_oriented_build_surface_have_dedicated_buffers" time="0.023" /><testcase classname="tests.test_opengl_tube_viewer.OpenGLTubeViewerTests" name="test_cursor_anchored_zoom_preserves_target_plane_point" time="0.003" /><testcase classname="tests.test_opengl_tube_viewer.OpenGLTubeViewerTests" name="test_empty_left_click_clears_selection_and_notifies" time="0.001" /><testcase classname="tests.test_opengl_tube_viewer.OpenGLTubeViewerTests" name="test_model_transform_requires_a_right_handed_rigid_matrix" time="0.001" /><testcase classname="tests.test_opengl_tube_viewer.OpenGLTubeViewerTests" name="test_single_and_multiple_pick_requests_update_the_matching_selection" time="0.001" /><testcase classname="tests.test_opengl_tube_viewer.OpenGLTubeViewerTests" name="test_standard_views_follow_world_axes" time="0.001" /><testcase classname="tests.test_opengl_tube_viewer.OpenGLTubeViewerTests" name="test_static_pick_buffers_keep_entity_identity_for_every_topology_kind" time="0.001" /><testcase classname="tests.test_opengl_tube_viewer.OpenGLTubeViewerTests" name="test_unprojection_and_triangle_intersection_return_source_coordinates" time="0.001" /><testcase classname="tests.test_opengl_viewer.OpenGLPaperPathTests" name="test_clear_model_removes_cpu_geometry_and_pick_identity" time="0.001" /><testcase classname="tests.test_opengl_viewer.OpenGLPaperPathTests" name="test_continuous_segments_join_within_tolerance_and_break_on_style" time="0.001" /><testcase classname="tests.test_opengl_viewer.OpenGLPaperPathTests" name="test_paper_path_honours_progress_without_reconstructing_steps" time="0.001" /><testcase classname="tests.test_opengl_viewer.OpenGLPaperPathTests" name="test_paper_path_reads_full_timeline_arrays_instead_of_sampled_segments" time="0.001" /><testcase classname="tests.test_opengl_viewer.OpenGLPaperPathTests" name="test_pose_buffer_uses_ac_inverse_and_machine_raw_axis_consistently" time="0.004" /><testcase classname="tests.test_opengl_viewer.VtkClearModelContractTests" name="test_clear_gcode_resets_all_preview_state_without_touching_model" time="0.001" /><testcase classname="tests.test_opengl_viewer.VtkClearModelContractTests" name="test_clear_model_removes_all_body_and_edge_actors" time="0.000" /><testcase classname="tests.test_preview_index.PreviewIndexTests" name="test_layer_prefix_matches_progress_queries" time="0.001" /><testcase classname="tests.test_preview_index.PreviewIndexTests" name="test_npz_round_trip_preserves_lookup_arrays" time="0.008" /><testcase classname="tests.test_preview_index.PreviewIndexTests" name="test_python_and_native_entry_points_share_shape" time="0.000" /><testcase classname="tests.test_preview_kinematics.PreviewKinematicsTests" name="test_ac_point_uses_rz_minus_c_after_rx_minus_a" time="0.002" /><testcase classname="tests.test_preview_kinematics.PreviewKinematicsTests" name="test_fixed_machine_nozzle_axis_follows_same_inverse_chain" time="0.002" /><testcase classname="tests.test_preview_kinematics.PreviewKinematicsTests" name="test_generic_xyzac_semantics_is_explicitly_registered" time="0.001" /><testcase classname="tests.test_preview_kinematics.PreviewKinematicsTests" name="test_non_finite_rotary_value_returns_stable_diagnostic" time="0.001" /><testcase classname="tests.test_preview_kinematics.PreviewKinematicsTests" name="test_nonzero_b_preserves_complete_motion_in_machine_coordinates" time="0.001" /><testcase classname="tests.test_preview_kinematics.PreviewKinematicsTests" name="test_unconfirmed_controller_semantics_preserves_machine_coordinates" time="0.000" /><testcase classname="tests.test_preview_kinematics.PreviewKinematicsTests" name="test_unknown_controller_semantics_preserves_machine_coordinates" time="0.000" /><testcase classname="tests.test_preview_kinematics.PreviewKinematicsTests" name="test_unregistered_secondary_rotary_words_are_never_silently_ignored" time="0.001" /><testcase classname="tests.test_project_background_load.ProjectBackgroundLoadTests" name="test_cancel_reaches_embedded_step_parser_and_worker_is_reclaimed" time="0.059" /><testcase classname="tests.test_project_background_load.ProjectBackgroundLoadTests" name="test_invalid_project_reports_worker_error_without_partial_result" time="0.016" /><testcase classname="tests.test_project_background_load.ProjectBackgroundLoadTests" name="test_project_request_loads_embedded_step_and_returns_verified_project" time="0.104" /><testcase classname="tests.test_project_io.ProjectIoTests" name="test_atomic_copy_reuses_valid_content_addressed_target" time="0.012" /><testcase classname="tests.test_project_io.ProjectIoTests" name="test_atomic_save_preserves_created_at_and_leaves_no_temp_files" time="0.050" /><testcase classname="tests.test_project_io.ProjectIoTests" name="test_changed_gcode_source_cannot_replace_saved_snapshot" time="0.070" /><testcase classname="tests.test_project_io.ProjectIoTests" name="test_conflicting_setup_and_top_level_resource_snapshots_are_rejected" time="0.052" /><testcase classname="tests.test_project_io.ProjectIoTests" name="test_content_addressed_symlink_target_outside_project_is_rejected" time="0.033"><skipped type="pytest.skip" message="file symlink unavailable: [WinError 1314] 客户端没有所需的特权。: 'C:\\Users\\TANGXU~1\\AppData\\Local\\Temp\\tmpwan648c_\\outside.step' -&gt; 'C:\\Users\\TANGXU~1\\AppData\\Local\\Temp\\tmpwan648c_\\project\\source\\4967c1b97e6a9786dd0ac1aac99400f49a542a2b37a53b273a730af73fd9fa1f.step'">F:\【项目和任务】\5AxisSclicer_V2.0\tests\test_project_io.py:779: file symlink unavailable: [WinError 1314] 客户端没有所需的特权。: 'C:\\Users\\TANGXU~1\\AppData\\Local\\Temp\\tmpwan648c_\\outside.step' -&gt; 'C:\\Users\\TANGXU~1\\AppData\\Local\\Temp\\tmpwan648c_\\project\\source\\4967c1b97e6a9786dd0ac1aac99400f49a542a2b37a53b273a730af73fd9fa1f.step'</skipped></testcase><testcase classname="tests.test_project_io.ProjectIoTests" name="test_embedded_gcode_mtime_change_does_not_break_portable_project" time="0.055" /><testcase classname="tests.test_project_io.ProjectIoTests" name="test_failed_resave_keeps_previous_manifest_and_embedded_files_loadable" time="0.376" /><testcase classname="tests.test_project_io.ProjectIoTests" name="test_future_version_and_corrupt_json_are_rejected" time="0.008" /><testcase classname="tests.test_project_io.ProjectIoTests" name="test_hash_consistent_malformed_machine_snapshot_loads_as_invalid" time="0.032" /><testcase classname="tests.test_project_io.ProjectIoTests" name="test_load_rejects_persisted_setup_draft_nodes" time="0.028" /><testcase classname="tests.test_project_io.ProjectIoTests" name="test_load_restores_embedded_gcode_and_controller_semantics" time="0.058" /><testcase classname="tests.test_project_io.ProjectIoTests" name="test_load_uses_embedded_step_after_original_is_removed" time="0.089" /><testcase classname="tests.test_project_io.ProjectIoTests" name="test_loaded_coordinate_signature_is_audited_against_embedded_cad" time="0.103" /><testcase classname="tests.test_project_io.ProjectIoTests" name="test_non_boolean_coordinate_confirmation_is_rejected_on_load" time="0.098" /><testcase classname="tests.test_project_io.ProjectIoTests" name="test_non_boolean_persisted_unit_override_is_rejected" time="0.076" /><testcase classname="tests.test_project_io.ProjectIoTests" name="test_old_gcode_manifest_without_fingerprint_still_loads" time="0.053" /><testcase classname="tests.test_project_io.ProjectIoTests" name="test_path_traversal_is_rejected" time="0.072" /><testcase classname="tests.test_project_io.ProjectIoTests" name="test_project_save_lock_rejects_a_second_writer" time="0.008" /><testcase classname="tests.test_project_io.ProjectIoTests" name="test_project_source_directory_symlink_is_rejected" time="0.006"><skipped type="pytest.skip" message="directory symlink unavailable: [WinError 1314] 客户端没有所需的特权。: 'C:\\Users\\TANGXU~1\\AppData\\Local\\Temp\\tmp49qqc7hy\\outside-source' -&gt; 'C:\\Users\\TANGXU~1\\AppData\\Local\\Temp\\tmp49qqc7hy\\project\\source'">F:\【项目和任务】\5AxisSclicer_V2.0\tests\test_project_io.py:807: directory symlink unavailable: [WinError 1314] 客户端没有所需的特权。: 'C:\\Users\\TANGXU~1\\AppData\\Local\\Temp\\tmp49qqc7hy\\outside-source' -&gt; 'C:\\Users\\TANGXU~1\\AppData\\Local\\Temp\\tmp49qqc7hy\\project\\source'</skipped></testcase><testcase classname="tests.test_project_io.ProjectIoTests" name="test_resave_preserves_external_source_provenance" time="0.125" /><testcase classname="tests.test_project_io.ProjectIoTests" name="test_save_rejects_setup_with_uncommitted_draft_nodes" time="0.019" /><testcase classname="tests.test_project_io.ProjectIoTests" name="test_save_requires_loaded_gcode_fingerprint" time="0.026" /><testcase classname="tests.test_project_io.ProjectIoTests" name="test_saves_v2_project_json_and_authoritative_source_copy" time="0.069" /><testcase classname="tests.test_project_io.ProjectIoTests" name="test_saves_workbench_and_gcode_preview_state" time="0.089" /><testcase classname="tests.test_project_io.ProjectIoTests" name="test_setup_operation_and_resource_snapshot_round_trip" time="0.095" /><testcase classname="tests.test_project_io.ProjectIoTests" name="test_staged_content_address_copy_preserves_authoritative_file_on_race" time="0.120" /><testcase classname="tests.test_project_io.ProjectIoTests" name="test_tampered_embedded_step_is_rejected_before_cad_loading" time="0.074" /><testcase classname="tests.test_project_io.ProjectIoTests" name="test_tampered_resource_snapshot_is_rejected" time="0.033" /><testcase classname="tests.test_project_io.ProjectIoTests" name="test_unknown_step_unit_override_is_persisted_for_embedded_reopen" time="0.049" /><testcase classname="tests.test_project_io.ProjectIoTests" name="test_v1_load_migrates_in_memory_and_first_v2_save_creates_backup" time="0.136" /><testcase classname="tests.test_project_io.ProjectIoTests" name="test_v2_duplicate_operation_ids_are_rejected" time="0.029" /><testcase classname="tests.test_project_io.ProjectIoTests" name="test_v2_rejects_tampered_topology_ids_signatures_and_counts" time="0.160" /><testcase classname="tests.test_project_io.ProjectIoTests" name="test_v2_setup_without_identity_is_rejected" time="0.030" /><testcase classname="tests.test_project_io.ProjectIoTests" name="test_v2_topology_identity_round_trip_matches_embedded_step" time="0.088" /><testcase classname="tests.test_project_io.ProjectIoTests" name="test_v2_unknown_operation_type_is_rejected" time="0.030" /><testcase classname="tests.test_restricted_script.RestrictedScriptTests" name="test_accepts_blank_or_comment_only_script" time="0.001" /><testcase classname="tests.test_restricted_script.RestrictedScriptTests" name="test_enforces_source_call_and_depth_limits" time="0.009" /><testcase classname="tests.test_restricted_script.RestrictedScriptTests" name="test_maps_every_chinese_alias_to_canonical_name" time="0.001" /><testcase classname="tests.test_restricted_script.RestrictedScriptTests" name="test_parses_calls_and_json_like_literals" time="0.001" /><testcase classname="tests.test_restricted_script.RestrictedScriptTests" name="test_parses_english_and_chinese_transactions" time="0.001" /><testcase classname="tests.test_restricted_script.RestrictedScriptTests" name="test_rejects_invalid_literal_values" time="0.002" /><testcase classname="tests.test_restricted_script.RestrictedScriptTests" name="test_rejects_python_execution_surfaces" time="0.003" /><testcase classname="tests.test_restricted_script.RestrictedScriptTests" name="test_rejects_transaction_misuse" time="0.002" /><testcase classname="tests.test_restricted_script.RestrictedScriptTests" name="test_rejects_unknown_or_mixed_commands" time="0.001" /><testcase classname="tests.test_restricted_script.RestrictedScriptTests" name="test_reports_one_based_character_locations" time="0.001" /><testcase classname="tests.test_restricted_script.RestrictedScriptTests" name="test_syntax_error_has_stable_location" time="0.001" /><testcase classname="tests.test_result_backend.ResultStateAndProjectTests" name="test_application_shell_uses_product_copy" time="0.000" /><testcase classname="tests.test_result_backend.ResultStateAndProjectTests" name="test_load_state_rejects_stale_and_out_of_sequence_results" time="0.010" /><testcase classname="tests.test_result_backend.ResultStateAndProjectTests" name="test_parameter_round_trip_and_project_save_do_not_parse_gcode" time="0.027" /><testcase classname="tests.test_result_backend.ResultStateAndProjectTests" name="test_project_without_result_namespace_keeps_root_schema_compatible" time="0.025" /><testcase classname="tests.test_result_backend.ResultStateAndProjectTests" name="test_translation_catalogs_have_symmetric_keys_and_placeholders" time="0.001" /><testcase classname="tests.test_result_backend.GCodeSourceIndexTests" name="test_empty_file_has_safe_context_and_search" time="0.005" /><testcase classname="tests.test_result_backend.GCodeSourceIndexTests" name="test_line_window_search_wrap_stages_and_cached_reload" time="0.016" /><testcase classname="tests.test_result_backend.PreviewCacheTests" name="test_cancellation_during_binary_write_leaves_no_partial_cache" time="0.063" /><testcase classname="tests.test_result_backend.PreviewCacheTests" name="test_generation_manifest_commit_reloads_and_retires_previous_binary" time="0.080" /><testcase classname="tests.test_result_backend.PreviewCacheTests" name="test_manifest_replace_failure_preserves_valid_generation_and_cleans_temps" time="0.088" /><testcase classname="tests.test_result_backend.BackgroundLoadTests" name="test_cancel_and_failure_are_reported_without_results" time="0.014" /><testcase classname="tests.test_result_backend.BackgroundLoadTests" name="test_cancel_drops_a_pending_replacement_before_it_starts" time="0.012" /><testcase classname="tests.test_result_backend.BackgroundLoadTests" name="test_gcode_audit_hash_receives_the_coordinator_cancel_check" time="0.008" /><testcase classname="tests.test_result_backend.BackgroundLoadTests" name="test_shutdown_timeout_keeps_uncooperative_step_worker_alive_for_repeated_wait" time="0.022" /><testcase classname="tests.test_result_backend.BackgroundLoadTests" name="test_step_loader_receives_the_coordinator_cancel_check" time="0.013" /><testcase classname="tests.test_result_backend.BackgroundLoadTests" name="test_success_commits_one_result" time="0.011" /><testcase classname="tests.test_result_backend.BackgroundLoadTests" name="test_superseded_completion_is_closed_and_only_latest_result_is_emitted" time="0.016" /><testcase classname="tests.test_result_backend.BackgroundLoadTests" name="test_timed_out_worker_outlives_coordinator_qobject_until_native_thread_stops" time="0.006" /><testcase classname="tests.test_result_preview.ResultPreviewPageTests" name="test_bilingual_type_ramp_is_readable_and_product_text_is_not_clipped" time="0.118" /><testcase classname="tests.test_result_preview.ResultPreviewPageTests" name="test_commit_failures_restore_scene_state_and_index_ownership" time="0.095" /><testcase classname="tests.test_result_preview.ResultPreviewPageTests" name="test_export_controls_are_absent" time="0.009" /><testcase classname="tests.test_result_preview.ResultPreviewPageTests" name="test_failed_replacement_retains_the_committed_scene" time="0.029" /><testcase classname="tests.test_result_preview.ResultPreviewPageTests" name="test_left_column_buttons_fit_at_minimum_supported_window_in_both_languages" time="0.024" /><testcase classname="tests.test_result_preview.ResultPreviewPageTests" name="test_prepare_failure_does_not_touch_viewer_or_state_and_closes_candidate_index" time="0.014" /><testcase classname="tests.test_result_preview.ResultPreviewPageTests" name="test_prepared_commit_rejects_intervening_state_change_without_viewer_mutation" time="0.024" /><testcase classname="tests.test_result_preview.ResultPreviewPageTests" name="test_source_markers_drive_stage_navigation_and_context_window" time="0.023" /><testcase classname="tests.test_result_preview.ResultPreviewPageTests" name="test_three_column_ratio_translation_and_parameter_save_are_presentation_only" time="0.011" /><testcase classname="tests.test_script_console.ScriptConsoleTests" name="test_completion_replaces_full_quoted_resource_id_prefix" time="0.004" /><testcase classname="tests.test_script_console.ScriptConsoleTests" name="test_completion_uses_provider_without_executing" time="0.004" /><testcase classname="tests.test_script_console.ScriptConsoleTests" name="test_enter_executes_line_and_control_enter_executes_block" time="0.005" /><testcase classname="tests.test_script_console.ScriptConsoleTests" name="test_executes_buffer_and_persists_deduplicated_history" time="0.003" /><testcase classname="tests.test_script_console.ScriptConsoleTests" name="test_manager_guards_all_dock_focus_and_releases_when_hidden" time="0.066" /><testcase classname="tests.test_script_console.ScriptConsoleTests" name="test_manager_saves_height_after_splitter_resize" time="0.014" /><testcase classname="tests.test_script_console.ScriptConsoleTests" name="test_manager_tracks_tube_context_and_guards_viewer_shortcuts" time="0.022" /><testcase classname="tests.test_script_console.ScriptConsoleTests" name="test_output_renders_setup_node_marker_as_link" time="0.004" /><testcase classname="tests.test_script_console.ScriptConsoleTests" name="test_parent_visibility_close_and_explicit_collapse_preserve_preference" time="0.059" /><testcase classname="tests.test_selection_list.SelectionListTests" name="test_rebuilds_rows_and_reads_selected_ids" time="0.001" /><testcase classname="tests.test_setup_config.SetupConfigRoundTripTests" name="test_comments_quotes_and_canonical_field_order_survive_update" time="0.132" /><testcase classname="tests.test_setup_config.SetupConfigRoundTripTests" name="test_export_is_portable_and_apply_preserves_project_identities" time="0.083" /><testcase classname="tests.test_setup_config.SetupConfigRoundTripTests" name="test_external_semantic_edit_is_reported_as_metadata_divergence" time="0.083" /><testcase classname="tests.test_setup_config.SetupConfigRoundTripTests" name="test_new_operation_requires_provider_owned_id" time="0.006" /><testcase classname="tests.test_setup_config.SetupConfigRoundTripTests" name="test_semantic_hash_excludes_metadata_and_comments" time="0.143" /><testcase classname="tests.test_setup_config.SetupConfigSecurityTests" name="test_enforces_size_depth_node_and_operation_limits" time="1.574" /><testcase classname="tests.test_setup_config.SetupConfigSecurityTests" name="test_public_schema_uses_json_schema_2020_12" time="0.004" /><testcase classname="tests.test_setup_config.SetupConfigSecurityTests" name="test_rejects_duplicate_keys_tags_anchors_aliases_and_merge_keys" time="0.018" /><testcase classname="tests.test_setup_config.SetupConfigSecurityTests" name="test_rejects_nonfinite_values_unknown_fields_and_newer_versions" time="0.018" /><testcase classname="tests.test_setup_config.SetupConfigSecurityTests" name="test_rejects_resource_payload_unknown_fields_even_with_valid_snapshot_hash" time="0.013" /><testcase classname="tests.test_setup_config.SetupConfigStorageTests" name="test_atomic_write_normalises_lf_and_honours_expected_fingerprint" time="0.069" /><testcase classname="tests.test_setup_config.SetupConfigStorageTests" name="test_atomic_write_rejects_stale_declared_semantic_hash" time="0.011" /><testcase classname="tests.test_setup_config.SetupConfigStorageTests" name="test_directory_sync_failure_does_not_report_a_replaced_file_as_uncommitted" time="0.028" /><testcase classname="tests.test_setup_config.SetupConfigStorageTests" name="test_expect_missing_detects_a_file_created_during_staging" time="0.018" /><testcase classname="tests.test_setup_config.SetupConfigStorageTests" name="test_file_reader_rejects_symbolic_links" time="0.008"><skipped type="pytest.skip" message="file symlink unavailable: [WinError 1314] 客户端没有所需的特权。: 'C:\\Users\\TANGXU~1\\AppData\\Local\\Temp\\tmpa06fx43b\\target.yaml' -&gt; 'C:\\Users\\TANGXU~1\\AppData\\Local\\Temp\\tmpa06fx43b\\manufacturing-setup.yaml'">F:\【项目和任务】\5AxisSclicer_V2.0\tests\test_setup_config.py:302: file symlink unavailable: [WinError 1314] 客户端没有所需的特权。: 'C:\\Users\\TANGXU~1\\AppData\\Local\\Temp\\tmpa06fx43b\\target.yaml' -&gt; 'C:\\Users\\TANGXU~1\\AppData\\Local\\Temp\\tmpa06fx43b\\manufacturing-setup.yaml'</skipped></testcase><testcase classname="tests.test_setup_config_session.SetupConfigStoreTests" name="test_applying_portable_config_retains_project_validation_issues" time="0.001" /><testcase classname="tests.test_setup_config_session.SetupConfigStoreTests" name="test_external_change_pauses_publish_and_preserves_live_state" time="0.067" /><testcase classname="tests.test_setup_config_session.SetupConfigStoreTests" name="test_part_command_is_undoable_without_changing_yaml_bytes" time="0.023" /><testcase classname="tests.test_setup_config_session.SetupConfigStoreTests" name="test_saved_baseline_identifies_recoverable_yaml_work" time="0.075" /><testcase classname="tests.test_setup_config_session.SetupConfigStoreTests" name="test_yaml_resolution_preserves_part_and_operation_identity" time="0.037" /><testcase classname="tests.test_source_update_workflow.SourceUpdateWorkflowTests" name="test_explicit_source_update_uses_worker_and_rebinds_existing_controller" time="0.644" /><testcase classname="tests.test_source_update_workflow.SourceUpdateWorkflowTests" name="test_failed_rebind_does_not_publish_worker_model" time="0.842" /><testcase classname="tests.test_source_update_workflow.SourceUpdateWorkflowTests" name="test_failed_source_update_restores_requested_draft_resolution" time="1.078" /><testcase classname="tests.test_source_update_workflow.SourceUpdateWorkflowTests" name="test_pending_coordinate_draft_must_be_resolved_before_update" time="0.827" /><testcase classname="tests.test_source_update_workflow.SourceUpdateWorkflowTests" name="test_project_reopen_keeps_embedded_authority_and_external_update_path" time="1.089" /><testcase classname="tests.test_source_update_workflow.SourceUpdateWorkflowTests" name="test_regular_import_failure_restores_same_source_controller_authority" time="1.354" /><testcase classname="tests.test_source_update_workflow.SourceUpdateWorkflowTests" name="test_source_update_refresh_failure_restores_derived_ui" time="1.681" /><testcase classname="tests.test_source_update_workflow.SourceUpdateWorkflowTests" name="test_source_update_rejects_edits_made_while_step_is_loading" time="1.095" /><testcase classname="tests.test_source_update_workflow.SourceUpdateWorkflowTests" name="test_viewer_failure_rolls_back_the_visible_source_revision" time="1.340" /><testcase classname="tests.test_step_loader.StepLoaderTests" name="test_ambiguous_product_geometry_keeps_explicit_generic_names" time="0.040" /><testcase classname="tests.test_step_loader.StepLoaderTests" name="test_cancels_during_topology_enumeration" time="0.017" /><testcase classname="tests.test_step_loader.StepLoaderTests" name="test_declared_inches_are_converted_once_to_millimetres" time="0.018" /><testcase classname="tests.test_step_loader.StepLoaderTests" name="test_declared_millimetres_ignore_an_override" time="0.018" /><testcase classname="tests.test_step_loader.StepLoaderTests" name="test_does_not_duplicate_a_face_owned_by_a_free_shell" time="0.011" /><testcase classname="tests.test_step_loader.StepLoaderTests" name="test_file_hash_can_be_cancelled_between_chunks" time="0.007" /><testcase classname="tests.test_step_loader.StepLoaderTests" name="test_loads_single_solid_without_region_detection" time="0.018" /><testcase classname="tests.test_step_loader.StepLoaderTests" name="test_loads_two_solids_and_edges" time="0.030" /><testcase classname="tests.test_step_loader.StepLoaderTests" name="test_missing_declaration_uses_override_and_scales_numeric_geometry" time="0.018" /><testcase classname="tests.test_step_loader.StepLoaderTests" name="test_promotes_an_independent_free_face_to_a_sheet_body" time="0.013" /><testcase classname="tests.test_step_loader.StepLoaderTests" name="test_rejects_a_step_source_that_changes_during_loading" time="0.017" /><testcase classname="tests.test_step_loader.StepLoaderTests" name="test_unsupported_declaration_requires_override_without_double_scaling" time="0.033" /><testcase classname="tests.test_step_topology.StepTopologyTests" name="test_box_exposes_faces_edges_vertices_units_and_adjacency" time="0.019" /><testcase classname="tests.test_step_topology.StepTopologyTests" name="test_curved_edges_expose_exact_reference_kinds" time="0.014" /><testcase classname="tests.test_step_topology.StepTopologyTests" name="test_pipe2_is_the_coordinate_setup_golden_source" time="0.020" /><testcase classname="tests.test_step_topology.StepTopologyTests" name="test_topology_signatures_are_stable_for_repeated_loads" time="0.022" /><testcase classname="tests.test_tube_controller.TubeControllerTests" name="test_apply_all_drafts_rolls_back_every_mutable_boundary_on_failure" time="0.001" /><testcase classname="tests.test_tube_controller.TubeControllerTests" name="test_apply_all_refreshes_placement_dependencies_after_build_commit" time="0.007" /><testcase classname="tests.test_tube_controller.TubeControllerTests" name="test_build_numeric_input_defaults_to_applied_model_coordinates" time="0.001" /><testcase classname="tests.test_tube_controller.TubeControllerTests" name="test_cad_initialisation_and_explicit_part_confirmation" time="0.001" /><testcase classname="tests.test_tube_controller.TubeControllerTests" name="test_coordinate_draft_requires_confirmation_and_cancel_restores_applied" time="0.001" /><testcase classname="tests.test_tube_controller.TubeControllerTests" name="test_dependencies_reach_coordinates_valid_and_setup_ready" time="0.010" /><testcase classname="tests.test_tube_controller.TubeControllerTests" name="test_domain_authority_blocks_forged_part_mount_and_operation" time="0.012" /><testcase classname="tests.test_tube_controller.TubeControllerTests" name="test_draft_is_visible_in_state_and_blocks_project_serialisation" time="0.001" /><testcase classname="tests.test_tube_controller.TubeControllerTests" name="test_machine_transforms_fail_closed_for_nonvalid_placement" time="0.011" /><testcase classname="tests.test_tube_controller.TubeControllerTests" name="test_one_interactive_operation_and_multi_operation_round_trip" time="0.001" /><testcase classname="tests.test_tube_controller.TubeControllerTests" name="test_outer_transaction_restores_drafts_and_cad_authority" time="0.001" /><testcase classname="tests.test_tube_resource_library_ui.ResourceLibraryControllerTests" name="test_catalog_combines_builtins_and_user_profiles_without_shadowing" time="0.027" /><testcase classname="tests.test_tube_resource_library_ui.ResourceLibraryControllerTests" name="test_deeply_corrupt_matching_entry_is_isolated_during_snapshot_audit" time="0.015" /><testcase classname="tests.test_tube_resource_library_ui.ResourceLibraryControllerTests" name="test_diverged_and_missing_library_entries_warn_and_retain_snapshot" time="0.022" /><testcase classname="tests.test_tube_resource_library_ui.ResourceLibraryUiTests" name="test_applied_page_actions_use_injected_command_executor" time="0.056" /><testcase classname="tests.test_tube_resource_library_ui.ResourceLibraryUiTests" name="test_damaged_user_entry_does_not_block_page_startup" time="0.012" /><testcase classname="tests.test_tube_resource_library_ui.ResourceLibraryUiTests" name="test_diverged_project_snapshot_is_a_distinct_selected_choice" time="0.028" /><testcase classname="tests.test_tube_resource_library_ui.ResourceLibraryUiTests" name="test_page_lists_user_resources_and_keeps_editor_copies_in_project" time="0.042" /><testcase classname="tests.test_tube_resource_selection" name="test_complete_nozzle_requires_explicit_physical_fields" time="0.001" /><testcase classname="tests.test_tube_resource_selection" name="test_measured_nozzle_copy_is_ready_without_mutating_template" time="0.001" /><testcase classname="tests.test_tube_resource_selection" name="test_nozzle_editor_returns_an_unchanged_selected_profile" time="0.000" /><testcase classname="tests.test_tube_resource_selection" name="test_nozzle_editor_keeps_partial_physical_data_explicit" time="0.000" /><testcase classname="tests.test_tube_resource_selection" name="test_nozzle_editor_preserves_measured_shape_during_text_edit" time="0.000" /><testcase classname="tests.test_tube_resource_selection" name="test_nozzle_rejects_inconsistent_rz_extent[outer_profile0]" time="0.001" /><testcase classname="tests.test_tube_resource_selection" name="test_nozzle_rejects_inconsistent_rz_extent[outer_profile1]" time="0.001" /><testcase classname="tests.test_tube_resource_selection" name="test_nozzle_rejects_inconsistent_rz_extent[outer_profile2]" time="0.001" /><testcase classname="tests.test_tube_resource_selection" name="test_nozzle_rejects_inconsistent_rz_extent[outer_profile3]" time="0.000" /><testcase classname="tests.test_tube_resource_selection" name="test_nozzle_rejects_inconsistent_rz_extent[outer_profile4]" time="0.001" /><testcase classname="tests.test_tube_resource_selection" name="test_nozzle_rejects_inconsistent_rz_extent[outer_profile5]" time="0.000" /><testcase classname="tests.test_tube_resource_selection" name="test_nozzle_rejects_inconsistent_rz_extent[outer_profile6]" time="0.001" /><testcase classname="tests.test_tube_resource_selection" name="test_nozzle_rejects_inconsistent_rz_extent[outer_profile7]" time="0.001" /><testcase classname="tests.test_tube_resource_selection" name="test_nozzle_rejects_inconsistent_rz_extent[outer_profile8]" time="0.001" /><testcase classname="tests.test_tube_resource_selection" name="test_nozzle_rejects_inconsistent_rz_extent[outer_profile9]" time="0.000" /><testcase classname="tests.test_tube_resource_selection" name="test_nozzle_rejects_rz_points_with_extra_values" time="0.000" /><testcase classname="tests.test_tube_resource_selection" name="test_nozzle_editor_requires_length_before_generating_shape" time="0.000" /><testcase classname="tests.test_tube_resource_selection" name="test_nozzle_editor_rejects_length_change_with_existing_shape" time="0.000" /><testcase classname="tests.test_tube_resource_selection" name="test_physical_edits_clear_template_source_attribution" time="0.000" /><testcase classname="tests.test_tube_script_service.TubeScriptServiceTests" name="test_completion_matches_full_quoted_resource_identifier" time="0.003" /><testcase classname="tests.test_tube_script_service.TubeScriptServiceTests" name="test_domain_error_exposes_clickable_setup_node" time="0.003" /><testcase classname="tests.test_tube_script_service.TubeScriptServiceTests" name="test_english_error_and_file_dialog_text" time="0.004" /><testcase classname="tests.test_tube_script_service.TubeScriptServiceTests" name="test_forbidden_script_does_not_reach_controller" time="0.003" /><testcase classname="tests.test_tube_script_service.TubeScriptServiceTests" name="test_gui_invocation_uses_same_revision_and_refresh_boundary" time="0.011" /><testcase classname="tests.test_tube_script_service.TubeScriptServiceTests" name="test_query_remains_available_while_mutation_reports_load_busy" time="0.004" /><testcase classname="tests.test_tube_script_service.TubeScriptServiceTests" name="test_transaction_publishes_once_and_updates_memory_config" time="0.013" /><testcase classname="tests.test_tube_ui.TubeUiTests" name="test_build_numeric_editor_round_trips_through_model_coordinates" time="1.339" /><testcase classname="tests.test_tube_ui.TubeUiTests" name="test_cancelling_unknown_unit_choice_keeps_current_model_unchanged" time="1.356" /><testcase classname="tests.test_tube_ui.TubeUiTests" name="test_combined_model_and_gcode_failure_rolls_back_both_stages" time="1.620" /><testcase classname="tests.test_tube_ui.TubeUiTests" name="test_command_adapters_publish_one_full_refresh" time="1.916" /><testcase classname="tests.test_tube_ui.TubeUiTests" name="test_coordinate_geometry_picks_two_points_flip_apply_and_cancel" time="1.735" /><testcase classname="tests.test_tube_ui.TubeUiTests" name="test_dialog_background_load_prompts_on_unknown_unit_and_retries" time="2.200" /><testcase classname="tests.test_tube_ui.TubeUiTests" name="test_dirty_placement_is_not_rendered_in_machine_view" time="2.987" /><testcase classname="tests.test_tube_ui.TubeUiTests" name="test_face_and_vertex_selection_endpoints_remain_compatible" time="2.507" /><testcase classname="tests.test_tube_ui.TubeUiTests" name="test_failed_project_publication_restores_committed_session" time="2.750" /><testcase classname="tests.test_tube_ui.TubeUiTests" name="test_failed_save_restores_applied_and_discarded_drafts" time="3.028" /><testcase classname="tests.test_tube_ui.TubeUiTests" name="test_http_tube_mutation_reports_shared_revision_conflicts" time="3.287" /><testcase classname="tests.test_tube_ui.TubeUiTests" name="test_loaded_step_offers_coordinate_entry_without_reimport" time="3.868" /><testcase classname="tests.test_tube_ui.TubeUiTests" name="test_model_open_apis_forward_explicit_length_unit_override" time="3.015" /><testcase classname="tests.test_tube_ui.TubeUiTests" name="test_pipe2_script_transaction_reaches_ready_and_reopens_with_yaml" time="3.290" /><testcase classname="tests.test_tube_ui.TubeUiTests" name="test_pipe2_setup_reaches_ready_with_warning_and_round_trips" time="3.843" /><testcase classname="tests.test_tube_ui.TubeUiTests" name="test_placement_controls_preview_draft_and_apply_or_cancel_atomically" time="4.299" /><testcase classname="tests.test_tube_ui.TubeUiTests" name="test_project_open_endpoint_replaces_or_clears_gcode_state" time="4.128" /><testcase classname="tests.test_tube_ui.TubeUiTests" name="test_repeated_sync_open_reclaims_wait_loops_and_worker_threads" time="5.173" /><testcase classname="tests.test_tube_ui.TubeUiTests" name="test_replacing_controller_without_model_clears_viewer_state" time="4.856" /><testcase classname="tests.test_tube_ui.TubeUiTests" name="test_script_console_default_height_keeps_viewer_usable" time="5.031" /><testcase classname="tests.test_tube_ui.TubeUiTests" name="test_step_file_dialog_enables_unknown_unit_prompting" time="4.825" /><testcase classname="tests.test_tube_ui.TubeUiTests" name="test_sync_model_open_failure_keeps_committed_state_without_dialog" time="5.347" /><testcase classname="tests.test_tube_ui.TubeUiTests" name="test_tube_page_has_dedicated_tree_and_bilingual_1600_layout" time="4.905" /><testcase classname="tests.test_tube_ui.TubeUiTests" name="test_ui_propagates_coordinate_dirty_state_and_issue_navigation" time="5.759" /><testcase classname="tests.test_tube_ui.TubeUiTests" name="test_ui_rejects_multiple_setups_before_committing_project" time="4.346" /><testcase classname="tests.test_tube_ui.TubeUiTests" name="test_ui_rejects_untyped_setup_before_mutating_committed_state" time="5.751" /><testcase classname="tests.test_tube_ui.TubeUiTests" name="test_workbench_cards_and_part_roles_follow_language" time="5.790" /><testcase classname="tests.test_tube_ui_help" name="test_nozzle_help_explains_input_and_preserves_edits_on_language_change" time="0.017" /><testcase classname="tests.test_tube_ui_help" name="test_nozzle_interface_hover_opens_the_native_tooltip" time="0.929" /><testcase classname="tests.test_tube_ui_help" name="test_nozzle_length_accepts_typing_over_unset_label" time="0.020" /><testcase classname="tests.test_tube_ui_help" name="test_representative_setup_fields_expose_consistent_help" time="0.013" /><testcase classname="tests.test_tube_ui_help" name="test_bilingual_help_catalog_and_static_bindings_are_complete" time="0.011" /><testcase classname="tests.test_tube_ui_help" name="test_part_role_item_help_keeps_stable_role_data" time="0.013" /><testcase classname="tests.test_tube_ui_help" name="test_switching_nozzle_profiles_synchronises_unknown_and_measured_fields" time="0.029" /><testcase classname="tests.test_tube_ui_help" name="test_applying_machine_preserves_pending_nozzle_editor" time="0.035" /><testcase classname="tests.test_tube_ui_help" name="test_automation_nozzle_selection_synchronises_editor" time="0.013" /><testcase classname="tests.test_tube_ui_help" name="test_material_review_follows_the_selected_profile" time="0.011" /><testcase classname="tests.test_tube_ui_help" name="test_controller_switch_synchronises_material_review" time="0.017" /><testcase classname="tests.test_tube_ui_help" name="test_language_change_preserves_unconfirmed_coordinate_candidate" time="0.012" /><testcase classname="tests.test_tube_ui_help" name="test_coordinate_value_signal_requires_reconfirm_before_apply" time="0.015" /><testcase classname="tests.test_tube_ui_help" name="test_coordinate_cancel_restores_applied_values_and_removes_draft" time="0.016" /><testcase classname="tests.test_ui_state.UiStateTests" name="test_coordinate_label_distinguishes_reconstructed_and_unresolved_raw_preview" time="0.001" /><testcase classname="tests.test_ui_state.UiStateTests" name="test_home_gcode_viewer_entry_opens_empty_result_preview" time="5.859" /><testcase classname="tests.test_ui_state.UiStateTests" name="test_parameter_labels_and_segment_panel_are_translated" time="6.938" /><testcase classname="tests.test_ui_state.UiStateTests" name="test_preview_progress_endpoint_updates_current_step" time="8.764" /><testcase classname="tests.test_ui_state.UiStateTests" name="test_preview_visibility_endpoint_updates_settings" time="8.704" /><testcase classname="tests.test_ui_state.UiStateTests" name="test_result_export_endpoint_and_public_state_are_absent" time="10.314" /><testcase classname="tests.test_ui_state.UiStateTests" name="test_result_menus_and_language_preference_are_global" time="23.545" /><testcase classname="tests.test_ui_state.UiStateTests" name="test_result_source_paths_elide_without_widening_the_supported_layout" time="13.094" /><testcase classname="tests.test_ui_state.UiStateTests" name="test_results_open_endpoint_commits_background_gcode_atomically" time="7.364" /><testcase classname="tests.test_ui_state.UiStateTests" name="test_workbench_and_language_state_are_exposed" time="6.188" /><testcase classname="tests.test_viewer_common" name="test_viewer_protocols_expose_common_and_scene_capture_capabilities" time="0.087" /><testcase classname="tests.test_viewer_common" name="test_pick_selection_enforces_request_kind_cardinality_and_allowlist" time="0.000" /><testcase classname="tests.test_viewer_common" name="test_representative_segment_prefers_a_visible_extrusion_without_progress" time="0.000" /><testcase classname="tests.test_viewer_geometry.ViewerGeometryTests" name="test_bead_frame_is_orthogonal_for_ac_rotary_pose" time="0.003" /><testcase classname="tests.test_viewer_geometry.ViewerGeometryTests" name="test_nozzle_axis_uses_registered_ac_inverse_and_raw_machine_fallback" time="0.003" /><testcase classname="tests.test_viewer_geometry.ViewerGeometryTests" name="test_segment_pose_reconstructs_point_and_axis_as_one_result" time="0.003" /><testcase classname="tests.test_viewer_geometry.ViewerGeometryTests" name="test_vtk_pose_actor_matches_each_segments_coordinate_space" time="0.004" /><testcase classname="tests.test_viewer_interaction" name="test_opengl_downward_drag_raises_z_up_orbit_at_every_azimuth[0.0]" time="0.001" /><testcase classname="tests.test_viewer_interaction" name="test_opengl_downward_drag_raises_z_up_orbit_at_every_azimuth[90.0]" time="0.001" /><testcase classname="tests.test_viewer_interaction" name="test_opengl_downward_drag_raises_z_up_orbit_at_every_azimuth[180.0]" time="0.001" /><testcase classname="tests.test_viewer_interaction" name="test_opengl_downward_drag_raises_z_up_orbit_at_every_azimuth[270.0]" time="0.001" /><testcase classname="tests.test_viewer_interaction" name="test_vtk_downward_drag_uses_positive_elevation" time="0.001" /><testcase classname="tests.test_viewer_interaction" name="test_z_up_orbit_preserves_standard_view_directions[180.0-90.0-expected0]" time="0.001" /><testcase classname="tests.test_viewer_interaction" name="test_z_up_orbit_preserves_standard_view_directions[0.0-90.0-expected1]" time="0.001" /><testcase classname="tests.test_viewer_interaction" name="test_z_up_orbit_preserves_standard_view_directions[-90.0-90.0-expected2]" time="0.001" /><testcase classname="tests.test_viewer_interaction" name="test_z_up_orbit_preserves_standard_view_directions[90.0-90.0-expected3]" time="0.001" /><testcase classname="tests.test_viewer_interaction" name="test_z_up_orbit_preserves_standard_view_directions[0.0-0.0-expected4]" time="0.001" /><testcase classname="tests.test_viewer_interaction" name="test_z_up_orbit_preserves_standard_view_directions[0.0-180.0-expected5]" time="0.001" /><testcase classname="tests.test_viewer_interaction" name="test_drag_threshold_uses_displacement_from_press_point" time="0.000" /><testcase classname="tests.test_viewer_interaction" name="test_returning_to_press_point_remains_a_drag_after_threshold" time="0.000" /><testcase classname="tests.test_viewer_interaction" name="test_button_maps_to_expected_drag_action[left-rotate]" time="0.001" /><testcase classname="tests.test_viewer_interaction" name="test_button_maps_to_expected_drag_action[middle-pan]" time="0.000" /><testcase classname="tests.test_viewer_interaction" name="test_button_maps_to_expected_drag_action[right-pan]" time="0.001" /><testcase classname="tests.test_viewer_interaction" name="test_wrong_button_release_does_not_commit_click_or_reset_press" time="0.000" /><testcase classname="tests.test_viewer_interaction" name="test_second_button_does_not_replace_an_active_drag" time="0.001" /><testcase classname="tests.test_viewer_interaction" name="test_empty_gesture_and_zero_wheel_are_no_ops" time="0.000" /><testcase classname="tests.test_viewer_interaction" name="test_wheel_notches_preserve_direction_and_magnitude" time="0.000" /><testcase classname="tests.test_viewer_interaction" name="test_interrupted_drag_cleans_state_and_finishes_interaction[cancel]" time="0.001" /><testcase classname="tests.test_viewer_interaction" name="test_interrupted_drag_cleans_state_and_finishes_interaction[focus]" time="0.001" /><testcase classname="tests.test_viewer_interaction" name="test_interrupted_drag_cleans_state_and_finishes_interaction[leave]" time="0.001" /><testcase classname="tests.test_viewer_overlays.OrientationCubeOverlayTests" name="test_face_labels_follow_each_projected_face" time="0.003" /><testcase classname="tests.test_viewer_overlays.OrientationCubeOverlayTests" name="test_projected_labels_do_not_change_face_hit_targets" time="0.003" /><testcase classname="tests.test_vtk_tube_offscreen_smoke.VtkTubeOffscreenSmokeTests" name="test_pipe2_topology_overlays_and_fixture_transform_in_isolated_process" time="2.903" /></testsuite></testsuites>