<?xml version="1.0" encoding="utf-8"?><testsuites name="pytest tests"><testsuite name="pytest" errors="0" failures="0" skipped="0" tests="7" time="3.788" timestamp="2026-09-12T07:56:47.807046+08:00" hostname="BelongtoTXF"><testcase classname="tests.test_planar_thin_wall" name="test_open_wall_has_one_centreline_deposition_and_material_volume" time="0.001" /><testcase classname="tests.test_planar_thin_wall" name="test_below_minimum_rejects_but_multi_pass_open_wall_is_supported" time="0.001" /><testcase classname="tests.test_planar_thin_wall" name="test_closed_wall_closes_each_pass_and_reduce_policy_accepts_narrow_wall" time="0.000" /><testcase classname="tests.test_planar_thin_wall_product" name="test_thin_wall_product_is_exportable_and_contains_p04_bundle" time="0.267" /><testcase classname="tests.test_planar_thin_wall_product" name="test_thin_wall_max_passes_changes_product_semantic_hash" time="0.467" /><testcase classname="tests.test_planar_thin_wall_product" name="test_thin_wall_parameter_change_marks_ready_product_stale" time="0.234" /><testcase classname="tests.test_planar_thin_wall_product" name="test_thin_wall_narrow_reduce_policy_is_a_visible_warning" time="0.227" /></testsuite></testsuites>