<?xml version="1.0" encoding="utf-8"?><testsuites name="pytest tests"><testsuite name="pytest" errors="0" failures="0" skipped="0" tests="45" time="4.236" timestamp="2026-09-20T15:14:16.811056+08:00" hostname="BelongtoTXF"><testcase classname="tests.test_fan_job" name="test_fan_contract_roundtrip_and_machine_gate" time="0.001" /><testcase classname="tests.test_fan_job" name="test_fan_geometry_requires_three_distinct_blades" time="0.000" /><testcase classname="tests.test_fan_job" name="test_job_graph_roundtrip_order_and_stale_propagation" time="0.001" /><testcase classname="tests.test_fan_job" name="test_job_graph_rejects_missing_and_cyclic_dependencies" time="0.000" /><testcase classname="tests.test_fan_job" name="test_cancelled_publication_keeps_previous_result" time="0.000" /><testcase classname="tests.test_planar_feature_fill" name="test_hole_and_multiple_islands_remain_separate" time="0.022" /><testcase classname="tests.test_planar_feature_fill" name="test_zero_sparse_and_solid_infill_have_increasing_segment_counts" time="0.015" /><testcase classname="tests.test_planar_feature_fill" name="test_top_and_bottom_layers_override_sparse_infill" time="0.006" /><testcase classname="tests.test_planar_feature_fill" name="test_narrow_region_is_reported_as_thin_wall_without_infill" time="0.004" /><testcase classname="tests.test_planar_feature_toolpath" name="test_feature_toolpath_preserves_shell_skin_and_sparse_stage_identity" time="0.007" /><testcase classname="tests.test_planar_feature_toolpath" name="test_feature_toolpath_accepts_internal_fill_when_wall_offset_is_unavailable" time="0.000" /><testcase classname="tests.test_planar_zigzag" name="test_zigzag_clips_hole_and_separates_travel_from_deposition" time="0.013" /><testcase classname="tests.test_planar_zigzag" name="test_empty_or_invalid_input_has_localised_diagnostic" time="0.001" /><testcase classname="tests.test_planar_zigzag" name="test_perimeters_close_each_loop_and_every_transition_is_explicit" time="0.050" /><testcase classname="tests.test_planar_support" name="test_straight_wall_needs_no_support_and_preserves_empty_plan" time="0.017" /><testcase classname="tests.test_planar_support" name="test_cantilever_has_analytic_projection_area_and_quantized_top_gap" time="0.057" /><testcase classname="tests.test_planar_support" name="test_floating_holed_island_generates_hole_preserving_plate_columns_and_paths" time="0.196" /><testcase classname="tests.test_planar_support" name="test_zero_interface_layers_keeps_all_support_in_the_body_stage" time="0.033" /><testcase classname="tests.test_planar_support" name="test_xy_gap_is_respected_and_bead_envelope_stays_outside_body" time="0.088" /><testcase classname="tests.test_planar_support" name="test_support_blocked_by_solid_is_not_allowed_to_float_above_it" time="0.043" /><testcase classname="tests.test_planar_support" name="test_support_plan_honours_cancellation_during_geometry_work" time="0.001" /><testcase classname="tests.test_planar_support" name="test_fractional_z_gap_rounds_up_and_reports_unreachable_low_contact" time="0.021" /><testcase classname="tests.test_planar_support" name="test_invalid_parameters_are_structured_errors[changes0]" time="0.001" /><testcase classname="tests.test_planar_support" name="test_invalid_parameters_are_structured_errors[changes1]" time="0.000" /><testcase classname="tests.test_planar_support" name="test_invalid_parameters_are_structured_errors[changes2]" time="0.000" /><testcase classname="tests.test_planar_support" name="test_invalid_parameters_are_structured_errors[changes3]" time="0.000" /><testcase classname="tests.test_planar_support" name="test_invalid_parameters_are_structured_errors[changes4]" time="0.000" /><testcase classname="tests.test_planar_support" name="test_invalid_parameters_are_structured_errors[changes5]" time="0.000" /><testcase classname="tests.test_planar_support" name="test_missing_unsorted_or_nonuniform_layers_are_rejected[layers0]" time="0.000" /><testcase classname="tests.test_planar_support" name="test_missing_unsorted_or_nonuniform_layers_are_rejected[layers1]" time="0.000" /><testcase classname="tests.test_planar_support" name="test_missing_unsorted_or_nonuniform_layers_are_rejected[layers2]" time="0.000" /><testcase classname="tests.test_planar_support" name="test_missing_unsorted_or_nonuniform_layers_are_rejected[layers3]" time="0.000" /><testcase classname="tests.test_planar_support" name="test_self_crossing_and_wrong_z_input_are_rejected_before_boolean_operations" time="0.001" /><testcase classname="tests.test_planar_support" name="test_sub_bead_support_is_not_silently_dropped" time="0.031" /><testcase classname="tests.test_planar_section_loops" name="test_shared_vertex_cycle_handles_reversed_edges_and_bounded_curve_endpoint_gap" time="0.001" /><testcase classname="tests.test_planar_section_loops" name="test_nearby_but_distinct_vertices_are_not_healed_into_a_cycle" time="0.001" /><testcase classname="tests.test_planar_section_loops" name="test_shared_vertex_branch_is_rejected_instead_of_choosing_a_nearest_edge" time="0.001" /><testcase classname="tests.test_planar_section_loops" name="test_large_kernel_vertex_tolerance_does_not_authorise_large_coordinate_repair" time="0.001" /><testcase classname="tests.test_planar_section_loops" name="test_closed_zero_area_cycle_is_rejected" time="0.001" /><testcase classname="tests.test_planar_section_loops" name="test_single_edge_periodic_section_keeps_its_closed_loop" time="0.001" /><testcase classname="tests.test_planar_section_loops" name="test_existing_step_shared_vertex_section_regressions[example/\u4e09\u53f6\u6247/Supportless_sample.stp-67.7]" time="0.120" /><testcase classname="tests.test_planar_section_loops" name="test_existing_step_shared_vertex_section_regressions[example/\u53f6\u8f6e/\u53f6\u8f6e.stp-20.6]" time="0.409" /><testcase classname="tests.test_planar_section_loops" name="test_existing_step_excessive_section_gap_is_localised_and_rejected" time="0.414" /><testcase classname="tests.test_freeform_layer_domain" name="test_fixed_90_degree_domain_integrates_the_complete_solid" time="0.080" /><testcase classname="tests.test_freeform_layer_domain" name="test_fixed_pose_outside_axis_limit_is_not_feasible" time="0.042" /></testsuite></testsuites>